<?xml version="1.0" encoding="UTF-8"?>
<coverage generated="1787650772400" clover="3.2.0">
  <project timestamp="1787650772400" name="All files">
    <metrics statements="117" coveredstatements="111" conditionals="100" coveredconditionals="81" methods="50" coveredmethods="39" elements="267" coveredelements="231" complexity="0" loc="117" ncloc="117" packages="1" files="5" classes="5"/>
    <file name="decisionTraceabilityEngine.ts" path="C:\Users\VT348\Documents\GitHub\OrchestrAI OMG\frontend\src\config\decisionTraceabilityEngine.ts">
      <metrics statements="17" coveredstatements="17" conditionals="9" coveredconditionals="9" methods="9" coveredmethods="9"/>
      <line num="73" count="10" type="stmt"/>
      <line num="75" count="10" type="stmt"/>
      <line num="81" count="10" type="stmt"/>
      <line num="83" count="10" type="stmt"/>
      <line num="84" count="3" type="stmt"/>
      <line num="85" count="2" type="stmt"/>
      <line num="87" count="10" type="stmt"/>
      <line num="89" count="10" type="stmt"/>
      <line num="91" count="10" type="cond" truecount="2" falsecount="0"/>
      <line num="92" count="2" type="cond" truecount="2" falsecount="0"/>
      <line num="95" count="10" type="stmt"/>
      <line num="96" count="4" type="stmt"/>
      <line num="97" count="4" type="cond" truecount="2" falsecount="0"/>
      <line num="98" count="1" type="stmt"/>
      <line num="102" count="10" type="stmt"/>
      <line num="103" count="10" type="cond" truecount="3" falsecount="0"/>
      <line num="105" count="10" type="stmt"/>
    </file>
    <file name="evidenceFoundation.ts" path="C:\Users\VT348\Documents\GitHub\OrchestrAI OMG\frontend\src\config\evidenceFoundation.ts">
      <metrics statements="12" coveredstatements="11" conditionals="10" coveredconditionals="5" methods="4" coveredmethods="2"/>
      <line num="18" count="1" type="stmt"/>
      <line num="40" count="1" type="stmt"/>
      <line num="49" count="0" type="cond" truecount="0" falsecount="2"/>
      <line num="55" count="2" type="cond" truecount="1" falsecount="1"/>
      <line num="56" count="2" type="stmt"/>
      <line num="57" count="2" type="stmt"/>
      <line num="62" count="2" type="stmt"/>
      <line num="63" count="2" type="cond" truecount="1" falsecount="1"/>
      <line num="64" count="2" type="cond" truecount="2" falsecount="0"/>
      <line num="65" count="1" type="cond" truecount="1" falsecount="1"/>
      <line num="66" count="1" type="stmt"/>
      <line num="69" count="1" type="stmt"/>
    </file>
    <file name="governanceActionsEngine.ts" path="C:\Users\VT348\Documents\GitHub\OrchestrAI OMG\frontend\src\config\governanceActionsEngine.ts">
      <metrics statements="19" coveredstatements="19" conditionals="18" coveredconditionals="17" methods="5" coveredmethods="5"/>
      <line num="30" count="1" type="stmt"/>
      <line num="40" count="1" type="stmt"/>
      <line num="46" count="1" type="stmt"/>
      <line num="55" count="1" type="stmt"/>
      <line num="91" count="11" type="stmt"/>
      <line num="92" count="10" type="cond" truecount="2" falsecount="0"/>
      <line num="94" count="11" type="stmt"/>
      <line num="96" count="11" type="stmt"/>
      <line num="97" count="7" type="cond" truecount="2" falsecount="0"/>
      <line num="99" count="5" type="stmt"/>
      <line num="100" count="5" type="cond" truecount="4" falsecount="0"/>
      <line num="101" count="4" type="cond" truecount="2" falsecount="0"/>
      <line num="104" count="5" type="stmt"/>
      <line num="115" count="11" type="cond" truecount="2" falsecount="0"/>
      <line num="116" count="5" type="stmt"/>
      <line num="117" count="5" type="cond" truecount="2" falsecount="0"/>
      <line num="120" count="5" type="cond" truecount="2" falsecount="0"/>
      <line num="121" count="2" type="stmt"/>
      <line num="131" count="11" type="stmt"/>
    </file>
    <file name="governanceAuthority.ts" path="C:\Users\VT348\Documents\GitHub\OrchestrAI OMG\frontend\src\config\governanceAuthority.ts">
      <metrics statements="10" coveredstatements="6" conditionals="8" coveredconditionals="1" methods="8" coveredmethods="1"/>
      <line num="26" count="1" type="stmt"/>
      <line num="50" count="0" type="cond" truecount="0" falsecount="2"/>
      <line num="61" count="1" type="stmt"/>
      <line num="71" count="0" type="cond" truecount="0" falsecount="2"/>
      <line num="81" count="1" type="stmt"/>
      <line num="89" count="0" type="cond" truecount="0" falsecount="2"/>
      <line num="94" count="0" type="stmt"/>
      <line num="104" count="11" type="cond" truecount="1" falsecount="1"/>
      <line num="105" count="11" type="stmt"/>
      <line num="106" count="11" type="stmt"/>
    </file>
    <file name="governanceReasoningEngine.ts" path="C:\Users\VT348\Documents\GitHub\OrchestrAI OMG\frontend\src\config\governanceReasoningEngine.ts">
      <metrics statements="59" coveredstatements="58" conditionals="55" coveredconditionals="49" methods="24" coveredmethods="22"/>
      <line num="43" count="11" type="stmt"/>
      <line num="44" count="11" type="stmt"/>
      <line num="45" count="8" type="cond" truecount="4" falsecount="0"/>
      <line num="46" count="7" type="stmt"/>
      <line num="49" count="11" type="stmt"/>
      <line num="50" count="11" type="cond" truecount="2" falsecount="0"/>
      <line num="51" count="1" type="stmt"/>
      <line num="54" count="11" type="stmt"/>
      <line num="55" count="11" type="cond" truecount="2" falsecount="1"/>
      <line num="56" count="11" type="cond" truecount="2" falsecount="0"/>
      <line num="57" count="1" type="stmt"/>
      <line num="60" count="11" type="cond" truecount="2" falsecount="0"/>
      <line num="61" count="2" type="stmt"/>
      <line num="64" count="11" type="cond" truecount="2" falsecount="0"/>
      <line num="65" count="1" type="stmt"/>
      <line num="68" count="11" type="stmt"/>
      <line num="69" count="11" type="cond" truecount="2" falsecount="0"/>
      <line num="70" count="2" type="cond" truecount="2" falsecount="0"/>
      <line num="73" count="11" type="cond" truecount="4" falsecount="0"/>
      <line num="74" count="1" type="stmt"/>
      <line num="77" count="11" type="stmt"/>
      <line num="82" count="3" type="stmt"/>
      <line num="84" count="3" type="stmt"/>
      <line num="85" count="3" type="stmt"/>
      <line num="87" count="2" type="stmt"/>
      <line num="88" count="2" type="stmt"/>
      <line num="90" count="1" type="stmt"/>
      <line num="102" count="3" type="stmt"/>
      <line num="126" count="7" type="cond" truecount="2" falsecount="0"/>
      <line num="127" count="7" type="cond" truecount="1" falsecount="1"/>
      <line num="128" count="7" type="stmt"/>
      <line num="129" count="7" type="stmt"/>
      <line num="130" count="7" type="stmt"/>
      <line num="131" count="7" type="stmt"/>
      <line num="133" count="7" type="cond" truecount="5" falsecount="0"/>
      <line num="134" count="2" type="stmt"/>
      <line num="135" count="2" type="stmt"/>
      <line num="136" count="2" type="stmt"/>
      <line num="137" count="2" type="stmt"/>
      <line num="140" count="5" type="cond" truecount="5" falsecount="0"/>
      <line num="141" count="1" type="stmt"/>
      <line num="142" count="1" type="cond" truecount="1" falsecount="1"/>
      <line num="143" count="1" type="cond" truecount="1" falsecount="1"/>
      <line num="144" count="1" type="stmt"/>
      <line num="147" count="4" type="cond" truecount="5" falsecount="0"/>
      <line num="148" count="1" type="stmt"/>
      <line num="149" count="1" type="cond" truecount="1" falsecount="1"/>
      <line num="150" count="1" type="stmt"/>
      <line num="151" count="1" type="cond" truecount="1" falsecount="1"/>
      <line num="152" count="1" type="stmt"/>
      <line num="155" count="3" type="cond" truecount="5" falsecount="0"/>
      <line num="156" count="2" type="stmt"/>
      <line num="157" count="2" type="stmt"/>
      <line num="158" count="2" type="stmt"/>
      <line num="159" count="2" type="stmt"/>
      <line num="160" count="0" type="stmt"/>
      <line num="161" count="2" type="stmt"/>
      <line num="164" count="1" type="stmt"/>
      <line num="165" count="1" type="stmt"/>
    </file>
  </project>
</coverage>
