{"C:\\Users\\VT348\\Documents\\GitHub\\OrchestrAI OMG\\frontend\\src\\config\\decisionTraceabilityEngine.ts": {"path":"C:\\Users\\VT348\\Documents\\GitHub\\OrchestrAI OMG\\frontend\\src\\config\\decisionTraceabilityEngine.ts","statementMap":{"0":{"start":{"line":73,"column":41},"end":{"line":73,"column":null}},"1":{"start":{"line":75,"column":2},"end":{"line":79,"column":null}},"2":{"start":{"line":81,"column":2},"end":{"line":81,"column":null}},"3":{"start":{"line":81,"column":26},"end":{"line":81,"column":105}},"4":{"start":{"line":83,"column":2},"end":{"line":85,"column":null}},"5":{"start":{"line":84,"column":17},"end":{"line":84,"column":77}},"6":{"start":{"line":84,"column":38},"end":{"line":84,"column":76}},"7":{"start":{"line":85,"column":18},"end":{"line":85,"column":113}},"8":{"start":{"line":87,"column":2},"end":{"line":87,"column":null}},"9":{"start":{"line":87,"column":26},"end":{"line":87,"column":128}},"10":{"start":{"line":89,"column":2},"end":{"line":89,"column":null}},"11":{"start":{"line":89,"column":24},"end":{"line":89,"column":124}},"12":{"start":{"line":91,"column":2},"end":{"line":93,"column":null}},"13":{"start":{"line":92,"column":4},"end":{"line":92,"column":null}},"14":{"start":{"line":95,"column":2},"end":{"line":100,"column":null}},"15":{"start":{"line":96,"column":4},"end":{"line":96,"column":null}},"16":{"start":{"line":97,"column":4},"end":{"line":99,"column":null}},"17":{"start":{"line":98,"column":6},"end":{"line":98,"column":null}},"18":{"start":{"line":102,"column":25},"end":{"line":102,"column":null}},"19":{"start":{"line":102,"column":45},"end":{"line":102,"column":58}},"20":{"start":{"line":103,"column":32},"end":{"line":103,"column":null}},"21":{"start":{"line":105,"column":2},"end":{"line":123,"column":null}}},"fnMap":{"0":{"name":"buildDecisionTrace","decl":{"start":{"line":60,"column":16},"end":{"line":60,"column":null}},"loc":{"start":{"line":72,"column":17},"end":{"line":124,"column":null}},"line":72},"1":{"name":"(anonymous_1)","decl":{"start":{"line":81,"column":13},"end":{"line":81,"column":21}},"loc":{"start":{"line":81,"column":26},"end":{"line":81,"column":105}},"line":81},"2":{"name":"(anonymous_2)","decl":{"start":{"line":84,"column":5},"end":{"line":84,"column":12}},"loc":{"start":{"line":84,"column":17},"end":{"line":84,"column":77}},"line":84},"3":{"name":"(anonymous_3)","decl":{"start":{"line":84,"column":28},"end":{"line":84,"column":33}},"loc":{"start":{"line":84,"column":38},"end":{"line":84,"column":76}},"line":84},"4":{"name":"(anonymous_4)","decl":{"start":{"line":85,"column":5},"end":{"line":85,"column":13}},"loc":{"start":{"line":85,"column":18},"end":{"line":85,"column":113}},"line":85},"5":{"name":"(anonymous_5)","decl":{"start":{"line":87,"column":13},"end":{"line":87,"column":21}},"loc":{"start":{"line":87,"column":26},"end":{"line":87,"column":128}},"line":87},"6":{"name":"(anonymous_6)","decl":{"start":{"line":89,"column":11},"end":{"line":89,"column":19}},"loc":{"start":{"line":89,"column":24},"end":{"line":89,"column":124}},"line":89},"7":{"name":"(anonymous_7)","decl":{"start":{"line":95,"column":10},"end":{"line":95,"column":18}},"loc":{"start":{"line":95,"column":23},"end":{"line":100,"column":3}},"line":95},"8":{"name":"(anonymous_8)","decl":{"start":{"line":102,"column":33},"end":{"line":102,"column":40}},"loc":{"start":{"line":102,"column":45},"end":{"line":102,"column":58}},"line":102}},"branchMap":{"0":{"loc":{"start":{"line":91,"column":2},"end":{"line":93,"column":null}},"type":"if","locations":[{"start":{"line":91,"column":2},"end":{"line":93,"column":null}},{"start":{},"end":{}}],"line":91},"1":{"loc":{"start":{"line":92,"column":69},"end":{"line":92,"column":120}},"type":"binary-expr","locations":[{"start":{"line":92,"column":69},"end":{"line":92,"column":98}},{"start":{"line":92,"column":98},"end":{"line":92,"column":120}}],"line":92},"2":{"loc":{"start":{"line":97,"column":4},"end":{"line":99,"column":null}},"type":"if","locations":[{"start":{"line":97,"column":4},"end":{"line":99,"column":null}},{"start":{},"end":{}}],"line":97},"3":{"loc":{"start":{"line":103,"column":32},"end":{"line":103,"column":null}},"type":"binary-expr","locations":[{"start":{"line":103,"column":32},"end":{"line":103,"column":57}},{"start":{"line":103,"column":57},"end":{"line":103,"column":82}},{"start":{"line":103,"column":82},"end":{"line":103,"column":null}}],"line":103}},"s":{"0":10,"1":10,"2":10,"3":5,"4":10,"5":3,"6":3,"7":2,"8":10,"9":1,"10":10,"11":2,"12":10,"13":2,"14":10,"15":4,"16":4,"17":1,"18":10,"19":4,"20":10,"21":10},"f":{"0":10,"1":5,"2":3,"3":3,"4":2,"5":1,"6":2,"7":4,"8":4},"b":{"0":[2,8],"1":[2,1],"2":[1,3],"3":[10,5,3]},"meta":{"lastBranch":4,"lastFunction":9,"lastStatement":22,"seen":{"f:60:16:60:Infinity":0,"s:73:41:73:Infinity":0,"s:75:2:79:Infinity":1,"s:81:2:81:Infinity":2,"f:81:13:81:21":1,"s:81:26:81:105":3,"s:83:2:85:Infinity":4,"f:84:5:84:12":2,"s:84:17:84:77":5,"f:84:28:84:33":3,"s:84:38:84:76":6,"f:85:5:85:13":4,"s:85:18:85:113":7,"s:87:2:87:Infinity":8,"f:87:13:87:21":5,"s:87:26:87:128":9,"s:89:2:89:Infinity":10,"f:89:11:89:19":6,"s:89:24:89:124":11,"b:91:2:93:Infinity:undefined:undefined:undefined:undefined":0,"s:91:2:93:Infinity":12,"s:92:4:92:Infinity":13,"b:92:69:92:98:92:98:92:120":1,"s:95:2:100:Infinity":14,"f:95:10:95:18":7,"s:96:4:96:Infinity":15,"b:97:4:99:Infinity:undefined:undefined:undefined:undefined":2,"s:97:4:99:Infinity":16,"s:98:6:98:Infinity":17,"s:102:25:102:Infinity":18,"f:102:33:102:40":8,"s:102:45:102:58":19,"s:103:32:103:Infinity":20,"b:103:32:103:57:103:57:103:82:103:82:103:Infinity":3,"s:105:2:123:Infinity":21},"fnNames":{}}}
,"C:\\Users\\VT348\\Documents\\GitHub\\OrchestrAI OMG\\frontend\\src\\config\\evidenceFoundation.ts": {"path":"C:\\Users\\VT348\\Documents\\GitHub\\OrchestrAI OMG\\frontend\\src\\config\\evidenceFoundation.ts","statementMap":{"0":{"start":{"line":18,"column":56},"end":{"line":29,"column":null}},"1":{"start":{"line":40,"column":61},"end":{"line":46,"column":null}},"2":{"start":{"line":49,"column":2},"end":{"line":49,"column":null}},"3":{"start":{"line":49,"column":37},"end":{"line":49,"column":56}},"4":{"start":{"line":55,"column":2},"end":{"line":55,"column":null}},"5":{"start":{"line":55,"column":19},"end":{"line":55,"column":null}},"6":{"start":{"line":56,"column":17},"end":{"line":56,"column":null}},"7":{"start":{"line":57,"column":2},"end":{"line":57,"column":null}},"8":{"start":{"line":62,"column":20},"end":{"line":62,"column":null}},"9":{"start":{"line":63,"column":2},"end":{"line":63,"column":null}},"10":{"start":{"line":63,"column":26},"end":{"line":63,"column":null}},"11":{"start":{"line":64,"column":2},"end":{"line":64,"column":null}},"12":{"start":{"line":64,"column":21},"end":{"line":64,"column":null}},"13":{"start":{"line":65,"column":2},"end":{"line":65,"column":null}},"14":{"start":{"line":65,"column":23},"end":{"line":65,"column":null}},"15":{"start":{"line":66,"column":2},"end":{"line":66,"column":null}},"16":{"start":{"line":69,"column":78},"end":{"line":74,"column":null}}},"fnMap":{"0":{"name":"getEvidenceStatusDefinition","decl":{"start":{"line":48,"column":16},"end":{"line":48,"column":44}},"loc":{"start":{"line":48,"column":100},"end":{"line":50,"column":null}},"line":48},"1":{"name":"(anonymous_1)","decl":{"start":{"line":49,"column":27},"end":{"line":49,"column":32}},"loc":{"start":{"line":49,"column":37},"end":{"line":49,"column":56}},"line":49},"2":{"name":"daysRemaining","decl":{"start":{"line":54,"column":16},"end":{"line":54,"column":30}},"loc":{"start":{"line":54,"column":66},"end":{"line":58,"column":null}},"line":54},"3":{"name":"getExpiryIndicator","decl":{"start":{"line":61,"column":16},"end":{"line":61,"column":35}},"loc":{"start":{"line":61,"column":81},"end":{"line":67,"column":null}},"line":61}},"branchMap":{"0":{"loc":{"start":{"line":49,"column":9},"end":{"line":49,"column":null}},"type":"binary-expr","locations":[{"start":{"line":49,"column":9},"end":{"line":49,"column":61}},{"start":{"line":49,"column":61},"end":{"line":49,"column":null}}],"line":49},"1":{"loc":{"start":{"line":55,"column":2},"end":{"line":55,"column":null}},"type":"if","locations":[{"start":{"line":55,"column":2},"end":{"line":55,"column":null}},{"start":{},"end":{}}],"line":55},"2":{"loc":{"start":{"line":63,"column":2},"end":{"line":63,"column":null}},"type":"if","locations":[{"start":{"line":63,"column":2},"end":{"line":63,"column":null}},{"start":{},"end":{}}],"line":63},"3":{"loc":{"start":{"line":64,"column":2},"end":{"line":64,"column":null}},"type":"if","locations":[{"start":{"line":64,"column":2},"end":{"line":64,"column":null}},{"start":{},"end":{}}],"line":64},"4":{"loc":{"start":{"line":65,"column":2},"end":{"line":65,"column":null}},"type":"if","locations":[{"start":{"line":65,"column":2},"end":{"line":65,"column":null}},{"start":{},"end":{}}],"line":65}},"s":{"0":1,"1":1,"2":0,"3":0,"4":2,"5":0,"6":2,"7":2,"8":2,"9":2,"10":0,"11":2,"12":1,"13":1,"14":0,"15":1,"16":1},"f":{"0":0,"1":0,"2":2,"3":2},"b":{"0":[0,0],"1":[0,2],"2":[0,2],"3":[1,1],"4":[0,1]},"meta":{"lastBranch":5,"lastFunction":4,"lastStatement":17,"seen":{"s:18:56:29:Infinity":0,"s:40:61:46:Infinity":1,"f:48:16:48:44":0,"s:49:2:49:Infinity":2,"b:49:9:49:61:49:61:49:Infinity":0,"f:49:27:49:32":1,"s:49:37:49:56":3,"f:54:16:54:30":2,"b:55:2:55:Infinity:undefined:undefined:undefined:undefined":1,"s:55:2:55:Infinity":4,"s:55:19:55:Infinity":5,"s:56:17:56:Infinity":6,"s:57:2:57:Infinity":7,"f:61:16:61:35":3,"s:62:20:62:Infinity":8,"b:63:2:63:Infinity:undefined:undefined:undefined:undefined":2,"s:63:2:63:Infinity":9,"s:63:26:63:Infinity":10,"b:64:2:64:Infinity:undefined:undefined:undefined:undefined":3,"s:64:2:64:Infinity":11,"s:64:21:64:Infinity":12,"b:65:2:65:Infinity:undefined:undefined:undefined:undefined":4,"s:65:2:65:Infinity":13,"s:65:23:65:Infinity":14,"s:66:2:66:Infinity":15,"s:69:78:74:Infinity":16},"fnNames":{}}}
,"C:\\Users\\VT348\\Documents\\GitHub\\OrchestrAI OMG\\frontend\\src\\config\\governanceActionsEngine.ts": {"path":"C:\\Users\\VT348\\Documents\\GitHub\\OrchestrAI OMG\\frontend\\src\\config\\governanceActionsEngine.ts","statementMap":{"0":{"start":{"line":30,"column":91},"end":{"line":37,"column":null}},"1":{"start":{"line":40,"column":98},"end":{"line":44,"column":null}},"2":{"start":{"line":46,"column":85},"end":{"line":52,"column":null}},"3":{"start":{"line":55,"column":121},"end":{"line":59,"column":null}},"4":{"start":{"line":91,"column":8},"end":{"line":92,"column":null}},"5":{"start":{"line":92,"column":4},"end":{"line":92,"column":null}},"6":{"start":{"line":92,"column":27},"end":{"line":92,"column":91}},"7":{"start":{"line":94,"column":43},"end":{"line":94,"column":null}},"8":{"start":{"line":96,"column":2},"end":{"line":113,"column":null}},"9":{"start":{"line":97,"column":17},"end":{"line":97,"column":67}},"10":{"start":{"line":99,"column":19},"end":{"line":99,"column":null}},"11":{"start":{"line":100,"column":6},"end":{"line":100,"column":null}},"12":{"start":{"line":100,"column":33},"end":{"line":100,"column":null}},"13":{"start":{"line":101,"column":23},"end":{"line":103,"column":null}},"14":{"start":{"line":104,"column":6},"end":{"line":112,"column":null}},"15":{"start":{"line":115,"column":2},"end":{"line":129,"column":null}},"16":{"start":{"line":116,"column":17},"end":{"line":116,"column":null}},"17":{"start":{"line":117,"column":21},"end":{"line":119,"column":null}},"18":{"start":{"line":120,"column":4},"end":{"line":128,"column":null}},"19":{"start":{"line":121,"column":6},"end":{"line":127,"column":null}},"20":{"start":{"line":131,"column":2},"end":{"line":131,"column":null}}},"fnMap":{"0":{"name":"generateActionDrafts","decl":{"start":{"line":85,"column":16},"end":{"line":85,"column":null}},"loc":{"start":{"line":90,"column":28},"end":{"line":132,"column":null}},"line":90},"1":{"name":"(anonymous_1)","decl":{"start":{"line":91,"column":8},"end":{"line":91,"column":20}},"loc":{"start":{"line":92,"column":4},"end":{"line":92,"column":null}},"line":92},"2":{"name":"(anonymous_2)","decl":{"start":{"line":92,"column":17},"end":{"line":92,"column":22}},"loc":{"start":{"line":92,"column":27},"end":{"line":92,"column":91}},"line":92},"3":{"name":"(anonymous_3)","decl":{"start":{"line":97,"column":5},"end":{"line":97,"column":12}},"loc":{"start":{"line":97,"column":17},"end":{"line":97,"column":67}},"line":97},"4":{"name":"(anonymous_4)","decl":{"start":{"line":98,"column":5},"end":{"line":98,"column":13}},"loc":{"start":{"line":98,"column":18},"end":{"line":113,"column":5}},"line":98}},"branchMap":{"0":{"loc":{"start":{"line":92,"column":27},"end":{"line":92,"column":91}},"type":"binary-expr","locations":[{"start":{"line":92,"column":27},"end":{"line":92,"column":60}},{"start":{"line":92,"column":60},"end":{"line":92,"column":91}}],"line":92},"1":{"loc":{"start":{"line":97,"column":17},"end":{"line":97,"column":67}},"type":"binary-expr","locations":[{"start":{"line":97,"column":17},"end":{"line":97,"column":40}},{"start":{"line":97,"column":40},"end":{"line":97,"column":67}}],"line":97},"2":{"loc":{"start":{"line":100,"column":6},"end":{"line":100,"column":null}},"type":"if","locations":[{"start":{"line":100,"column":6},"end":{"line":100,"column":null}},{"start":{},"end":{}}],"line":100},"3":{"loc":{"start":{"line":100,"column":10},"end":{"line":100,"column":33}},"type":"binary-expr","locations":[{"start":{"line":100,"column":10},"end":{"line":100,"column":18}},{"start":{"line":100,"column":18},"end":{"line":100,"column":33}}],"line":100},"4":{"loc":{"start":{"line":101,"column":23},"end":{"line":103,"column":null}},"type":"cond-expr","locations":[{"start":{"line":102,"column":10},"end":{"line":102,"column":null}},{"start":{"line":103,"column":10},"end":{"line":103,"column":null}}],"line":101},"5":{"loc":{"start":{"line":115,"column":2},"end":{"line":129,"column":null}},"type":"if","locations":[{"start":{"line":115,"column":2},"end":{"line":129,"column":null}},{"start":{},"end":{}}],"line":115},"6":{"loc":{"start":{"line":117,"column":21},"end":{"line":119,"column":null}},"type":"cond-expr","locations":[{"start":{"line":118,"column":9},"end":{"line":118,"column":null}},{"start":{"line":119,"column":8},"end":{"line":119,"column":null}}],"line":117},"7":{"loc":{"start":{"line":118,"column":9},"end":{"line":118,"column":null}},"type":"cond-expr","locations":[{"start":{"line":118,"column":24},"end":{"line":118,"column":118}},{"start":{"line":118,"column":118},"end":{"line":118,"column":null}}],"line":118},"8":{"loc":{"start":{"line":120,"column":4},"end":{"line":128,"column":null}},"type":"if","locations":[{"start":{"line":120,"column":4},"end":{"line":128,"column":null}},{"start":{},"end":{}}],"line":120}},"s":{"0":1,"1":1,"2":1,"3":1,"4":11,"5":10,"6":4,"7":11,"8":11,"9":7,"10":5,"11":5,"12":1,"13":4,"14":5,"15":11,"16":5,"17":5,"18":5,"19":2,"20":11},"f":{"0":11,"1":10,"2":4,"3":7,"4":5},"b":{"0":[4,4],"1":[7,2],"2":[1,4],"3":[5,2],"4":[1,3],"5":[5,6],"6":[1,4],"7":[0,1],"8":[2,3]},"meta":{"lastBranch":9,"lastFunction":5,"lastStatement":21,"seen":{"s:30:91:37:Infinity":0,"s:40:98:44:Infinity":1,"s:46:85:52:Infinity":2,"s:55:121:59:Infinity":3,"f:85:16:85:Infinity":0,"s:91:8:92:Infinity":4,"f:91:8:91:20":1,"s:92:4:92:Infinity":5,"f:92:17:92:22":2,"s:92:27:92:91":6,"b:92:27:92:60:92:60:92:91":0,"s:94:43:94:Infinity":7,"s:96:2:113:Infinity":8,"f:97:5:97:12":3,"s:97:17:97:67":9,"b:97:17:97:40:97:40:97:67":1,"f:98:5:98:13":4,"s:99:19:99:Infinity":10,"b:100:6:100:Infinity:undefined:undefined:undefined:undefined":2,"s:100:6:100:Infinity":11,"b:100:10:100:18:100:18:100:33":3,"s:100:33:100:Infinity":12,"s:101:23:103:Infinity":13,"b:102:10:102:Infinity:103:10:103:Infinity":4,"s:104:6:112:Infinity":14,"b:115:2:129:Infinity:undefined:undefined:undefined:undefined":5,"s:115:2:129:Infinity":15,"s:116:17:116:Infinity":16,"s:117:21:119:Infinity":17,"b:118:9:118:Infinity:119:8:119:Infinity":6,"b:118:24:118:118:118:118:118:Infinity":7,"b:120:4:128:Infinity:undefined:undefined:undefined:undefined":8,"s:120:4:128:Infinity":18,"s:121:6:127:Infinity":19,"s:131:2:131:Infinity":20},"fnNames":{}}}
,"C:\\Users\\VT348\\Documents\\GitHub\\OrchestrAI OMG\\frontend\\src\\config\\governanceAuthority.ts": {"path":"C:\\Users\\VT348\\Documents\\GitHub\\OrchestrAI OMG\\frontend\\src\\config\\governanceAuthority.ts","statementMap":{"0":{"start":{"line":26,"column":58},"end":{"line":47,"column":null}},"1":{"start":{"line":50,"column":2},"end":{"line":50,"column":null}},"2":{"start":{"line":50,"column":35},"end":{"line":50,"column":50}},"3":{"start":{"line":61,"column":58},"end":{"line":68,"column":null}},"4":{"start":{"line":71,"column":2},"end":{"line":71,"column":null}},"5":{"start":{"line":71,"column":35},"end":{"line":71,"column":52}},"6":{"start":{"line":81,"column":56},"end":{"line":86,"column":null}},"7":{"start":{"line":89,"column":2},"end":{"line":89,"column":null}},"8":{"start":{"line":89,"column":36},"end":{"line":89,"column":61}},"9":{"start":{"line":94,"column":2},"end":{"line":99,"column":null}},"10":{"start":{"line":104,"column":2},"end":{"line":104,"column":null}},"11":{"start":{"line":104,"column":16},"end":{"line":104,"column":null}},"12":{"start":{"line":105,"column":20},"end":{"line":105,"column":null}},"13":{"start":{"line":106,"column":2},"end":{"line":106,"column":null}}},"fnMap":{"0":{"name":"getOversightDefinition","decl":{"start":{"line":49,"column":16},"end":{"line":49,"column":39}},"loc":{"start":{"line":49,"column":90},"end":{"line":51,"column":null}},"line":49},"1":{"name":"(anonymous_1)","decl":{"start":{"line":50,"column":25},"end":{"line":50,"column":30}},"loc":{"start":{"line":50,"column":35},"end":{"line":50,"column":50}},"line":50},"2":{"name":"getAutonomyDefinition","decl":{"start":{"line":70,"column":16},"end":{"line":70,"column":38}},"loc":{"start":{"line":70,"column":85},"end":{"line":72,"column":null}},"line":70},"3":{"name":"(anonymous_3)","decl":{"start":{"line":71,"column":25},"end":{"line":71,"column":30}},"loc":{"start":{"line":71,"column":35},"end":{"line":71,"column":52}},"line":71},"4":{"name":"getAuthorityMatrixEntry","decl":{"start":{"line":88,"column":16},"end":{"line":88,"column":40}},"loc":{"start":{"line":88,"column":84},"end":{"line":90,"column":null}},"line":88},"5":{"name":"(anonymous_5)","decl":{"start":{"line":89,"column":26},"end":{"line":89,"column":31}},"loc":{"start":{"line":89,"column":36},"end":{"line":89,"column":61}},"line":89},"6":{"name":"defaultAuthorityProfile","decl":{"start":{"line":93,"column":16},"end":{"line":93,"column":70}},"loc":{"start":{"line":93,"column":70},"end":{"line":100,"column":null}},"line":93},"7":{"name":"authorityProfileCompleteness","decl":{"start":{"line":103,"column":16},"end":{"line":103,"column":45}},"loc":{"start":{"line":103,"column":91},"end":{"line":107,"column":null}},"line":103}},"branchMap":{"0":{"loc":{"start":{"line":50,"column":9},"end":{"line":50,"column":null}},"type":"binary-expr","locations":[{"start":{"line":50,"column":9},"end":{"line":50,"column":55}},{"start":{"line":50,"column":55},"end":{"line":50,"column":null}}],"line":50},"1":{"loc":{"start":{"line":71,"column":9},"end":{"line":71,"column":null}},"type":"binary-expr","locations":[{"start":{"line":71,"column":9},"end":{"line":71,"column":57}},{"start":{"line":71,"column":57},"end":{"line":71,"column":null}}],"line":71},"2":{"loc":{"start":{"line":89,"column":9},"end":{"line":89,"column":null}},"type":"binary-expr","locations":[{"start":{"line":89,"column":9},"end":{"line":89,"column":66}},{"start":{"line":89,"column":66},"end":{"line":89,"column":null}}],"line":89},"3":{"loc":{"start":{"line":104,"column":2},"end":{"line":104,"column":null}},"type":"if","locations":[{"start":{"line":104,"column":2},"end":{"line":104,"column":null}},{"start":{},"end":{}}],"line":104}},"s":{"0":1,"1":0,"2":0,"3":1,"4":0,"5":0,"6":1,"7":0,"8":0,"9":0,"10":11,"11":0,"12":11,"13":11},"f":{"0":0,"1":0,"2":0,"3":0,"4":0,"5":0,"6":0,"7":11},"b":{"0":[0,0],"1":[0,0],"2":[0,0],"3":[0,11]},"meta":{"lastBranch":4,"lastFunction":8,"lastStatement":14,"seen":{"s:26:58:47:Infinity":0,"f:49:16:49:39":0,"s:50:2:50:Infinity":1,"b:50:9:50:55:50:55:50:Infinity":0,"f:50:25:50:30":1,"s:50:35:50:50":2,"s:61:58:68:Infinity":3,"f:70:16:70:38":2,"s:71:2:71:Infinity":4,"b:71:9:71:57:71:57:71:Infinity":1,"f:71:25:71:30":3,"s:71:35:71:52":5,"s:81:56:86:Infinity":6,"f:88:16:88:40":4,"s:89:2:89:Infinity":7,"b:89:9:89:66:89:66:89:Infinity":2,"f:89:26:89:31":5,"s:89:36:89:61":8,"f:93:16:93:70":6,"s:94:2:99:Infinity":9,"f:103:16:103:45":7,"b:104:2:104:Infinity:undefined:undefined:undefined:undefined":3,"s:104:2:104:Infinity":10,"s:104:16:104:Infinity":11,"s:105:20:105:Infinity":12,"s:106:2:106:Infinity":13},"fnNames":{}}}
,"C:\\Users\\VT348\\Documents\\GitHub\\OrchestrAI OMG\\frontend\\src\\config\\governanceReasoningEngine.ts": {"path":"C:\\Users\\VT348\\Documents\\GitHub\\OrchestrAI OMG\\frontend\\src\\config\\governanceReasoningEngine.ts","statementMap":{"0":{"start":{"line":43,"column":44},"end":{"line":43,"column":null}},"1":{"start":{"line":44,"column":8},"end":{"line":47,"column":null}},"2":{"start":{"line":45,"column":4},"end":{"line":45,"column":null}},"3":{"start":{"line":45,"column":76},"end":{"line":45,"column":null}},"4":{"start":{"line":46,"column":4},"end":{"line":46,"column":null}},"5":{"start":{"line":49,"column":18},"end":{"line":49,"column":null}},"6":{"start":{"line":49,"column":44},"end":{"line":49,"column":90}},"7":{"start":{"line":50,"column":2},"end":{"line":52,"column":null}},"8":{"start":{"line":51,"column":4},"end":{"line":51,"column":null}},"9":{"start":{"line":54,"column":14},"end":{"line":54,"column":null}},"10":{"start":{"line":55,"column":25},"end":{"line":55,"column":null}},"11":{"start":{"line":55,"column":50},"end":{"line":55,"column":131}},"12":{"start":{"line":56,"column":2},"end":{"line":58,"column":null}},"13":{"start":{"line":57,"column":4},"end":{"line":57,"column":null}},"14":{"start":{"line":60,"column":2},"end":{"line":62,"column":null}},"15":{"start":{"line":61,"column":4},"end":{"line":61,"column":null}},"16":{"start":{"line":64,"column":2},"end":{"line":66,"column":null}},"17":{"start":{"line":65,"column":4},"end":{"line":65,"column":null}},"18":{"start":{"line":68,"column":32},"end":{"line":68,"column":null}},"19":{"start":{"line":68,"column":59},"end":{"line":68,"column":82}},"20":{"start":{"line":69,"column":2},"end":{"line":71,"column":null}},"21":{"start":{"line":70,"column":4},"end":{"line":70,"column":null}},"22":{"start":{"line":73,"column":2},"end":{"line":75,"column":null}},"23":{"start":{"line":74,"column":4},"end":{"line":74,"column":null}},"24":{"start":{"line":77,"column":2},"end":{"line":77,"column":null}},"25":{"start":{"line":82,"column":50},"end":{"line":82,"column":null}},"26":{"start":{"line":84,"column":2},"end":{"line":100,"column":null}},"27":{"start":{"line":85,"column":17},"end":{"line":85,"column":38}},"28":{"start":{"line":87,"column":6},"end":{"line":99,"column":null}},"29":{"start":{"line":88,"column":21},"end":{"line":88,"column":64}},"30":{"start":{"line":90,"column":10},"end":{"line":98,"column":null}},"31":{"start":{"line":102,"column":2},"end":{"line":102,"column":null}},"32":{"start":{"line":126,"column":8},"end":{"line":126,"column":null}},"33":{"start":{"line":126,"column":61},"end":{"line":126,"column":null}},"34":{"start":{"line":127,"column":23},"end":{"line":127,"column":null}},"35":{"start":{"line":127,"column":49},"end":{"line":127,"column":99}},"36":{"start":{"line":128,"column":29},"end":{"line":128,"column":null}},"37":{"start":{"line":128,"column":57},"end":{"line":128,"column":82}},"38":{"start":{"line":129,"column":31},"end":{"line":129,"column":null}},"39":{"start":{"line":129,"column":56},"end":{"line":129,"column":81}},"40":{"start":{"line":130,"column":24},"end":{"line":130,"column":null}},"41":{"start":{"line":130,"column":50},"end":{"line":130,"column":95}},"42":{"start":{"line":131,"column":24},"end":{"line":131,"column":null}},"43":{"start":{"line":131,"column":50},"end":{"line":131,"column":86}},"44":{"start":{"line":133,"column":2},"end":{"line":138,"column":null}},"45":{"start":{"line":134,"column":30},"end":{"line":134,"column":null}},"46":{"start":{"line":135,"column":4},"end":{"line":135,"column":null}},"47":{"start":{"line":135,"column":36},"end":{"line":135,"column":116}},"48":{"start":{"line":136,"column":4},"end":{"line":136,"column":null}},"49":{"start":{"line":136,"column":38},"end":{"line":136,"column":106}},"50":{"start":{"line":137,"column":4},"end":{"line":137,"column":null}},"51":{"start":{"line":140,"column":2},"end":{"line":145,"column":null}},"52":{"start":{"line":141,"column":30},"end":{"line":141,"column":null}},"53":{"start":{"line":142,"column":4},"end":{"line":142,"column":null}},"54":{"start":{"line":142,"column":59},"end":{"line":142,"column":null}},"55":{"start":{"line":143,"column":4},"end":{"line":143,"column":null}},"56":{"start":{"line":143,"column":23},"end":{"line":143,"column":null}},"57":{"start":{"line":144,"column":4},"end":{"line":144,"column":null}},"58":{"start":{"line":147,"column":2},"end":{"line":153,"column":null}},"59":{"start":{"line":148,"column":30},"end":{"line":148,"column":null}},"60":{"start":{"line":149,"column":4},"end":{"line":149,"column":null}},"61":{"start":{"line":149,"column":23},"end":{"line":149,"column":null}},"62":{"start":{"line":150,"column":4},"end":{"line":150,"column":null}},"63":{"start":{"line":150,"column":33},"end":{"line":150,"column":104}},"64":{"start":{"line":151,"column":4},"end":{"line":151,"column":null}},"65":{"start":{"line":151,"column":33},"end":{"line":151,"column":null}},"66":{"start":{"line":152,"column":4},"end":{"line":152,"column":null}},"67":{"start":{"line":155,"column":2},"end":{"line":162,"column":null}},"68":{"start":{"line":156,"column":30},"end":{"line":156,"column":null}},"69":{"start":{"line":157,"column":4},"end":{"line":157,"column":null}},"70":{"start":{"line":157,"column":33},"end":{"line":157,"column":104}},"71":{"start":{"line":158,"column":4},"end":{"line":160,"column":null}},"72":{"start":{"line":159,"column":19},"end":{"line":159,"column":82}},"73":{"start":{"line":159,"column":46},"end":{"line":159,"column":81}},"74":{"start":{"line":160,"column":20},"end":{"line":160,"column":88}},"75":{"start":{"line":161,"column":4},"end":{"line":161,"column":null}},"76":{"start":{"line":164,"column":28},"end":{"line":164,"column":null}},"77":{"start":{"line":165,"column":2},"end":{"line":165,"column":null}}},"fnMap":{"0":{"name":"detectGovernanceConditions","decl":{"start":{"line":35,"column":16},"end":{"line":35,"column":null}},"loc":{"start":{"line":42,"column":25},"end":{"line":78,"column":null}},"line":42},"1":{"name":"(anonymous_1)","decl":{"start":{"line":44,"column":8},"end":{"line":44,"column":16}},"loc":{"start":{"line":44,"column":88},"end":{"line":47,"column":null}},"line":44},"2":{"name":"(anonymous_2)","decl":{"start":{"line":49,"column":32},"end":{"line":49,"column":39}},"loc":{"start":{"line":49,"column":44},"end":{"line":49,"column":90}},"line":49},"3":{"name":"(anonymous_3)","decl":{"start":{"line":55,"column":38},"end":{"line":55,"column":45}},"loc":{"start":{"line":55,"column":50},"end":{"line":55,"column":131}},"line":55},"4":{"name":"(anonymous_4)","decl":{"start":{"line":68,"column":49},"end":{"line":68,"column":54}},"loc":{"start":{"line":68,"column":59},"end":{"line":68,"column":82}},"line":68},"5":{"name":"evaluatePolicyViolations","decl":{"start":{"line":81,"column":16},"end":{"line":81,"column":41}},"loc":{"start":{"line":81,"column":135},"end":{"line":103,"column":null}},"line":81},"6":{"name":"(anonymous_6)","decl":{"start":{"line":85,"column":5},"end":{"line":85,"column":12}},"loc":{"start":{"line":85,"column":17},"end":{"line":85,"column":38}},"line":85},"7":{"name":"(anonymous_7)","decl":{"start":{"line":86,"column":5},"end":{"line":86,"column":13}},"loc":{"start":{"line":86,"column":23},"end":{"line":100,"column":5}},"line":86},"8":{"name":"(anonymous_8)","decl":{"start":{"line":88,"column":9},"end":{"line":88,"column":16}},"loc":{"start":{"line":88,"column":21},"end":{"line":88,"column":64}},"line":88},"9":{"name":"(anonymous_9)","decl":{"start":{"line":89,"column":9},"end":{"line":89,"column":17}},"loc":{"start":{"line":89,"column":30},"end":{"line":99,"column":9}},"line":89},"10":{"name":"computeGovernanceOutcome","decl":{"start":{"line":119,"column":16},"end":{"line":119,"column":null}},"loc":{"start":{"line":125,"column":21},"end":{"line":166,"column":null}},"line":125},"11":{"name":"(anonymous_11)","decl":{"start":{"line":126,"column":8},"end":{"line":126,"column":21}},"loc":{"start":{"line":126,"column":61},"end":{"line":126,"column":null}},"line":126},"12":{"name":"(anonymous_12)","decl":{"start":{"line":127,"column":37},"end":{"line":127,"column":44}},"loc":{"start":{"line":127,"column":49},"end":{"line":127,"column":99}},"line":127},"13":{"name":"(anonymous_13)","decl":{"start":{"line":128,"column":45},"end":{"line":128,"column":52}},"loc":{"start":{"line":128,"column":57},"end":{"line":128,"column":82}},"line":128},"14":{"name":"(anonymous_14)","decl":{"start":{"line":129,"column":44},"end":{"line":129,"column":51}},"loc":{"start":{"line":129,"column":56},"end":{"line":129,"column":81}},"line":129},"15":{"name":"(anonymous_15)","decl":{"start":{"line":130,"column":40},"end":{"line":130,"column":45}},"loc":{"start":{"line":130,"column":50},"end":{"line":130,"column":95}},"line":130},"16":{"name":"(anonymous_16)","decl":{"start":{"line":131,"column":40},"end":{"line":131,"column":45}},"loc":{"start":{"line":131,"column":50},"end":{"line":131,"column":86}},"line":131},"17":{"name":"(anonymous_17)","decl":{"start":{"line":135,"column":23},"end":{"line":135,"column":31}},"loc":{"start":{"line":135,"column":36},"end":{"line":135,"column":116}},"line":135},"18":{"name":"(anonymous_18)","decl":{"start":{"line":136,"column":25},"end":{"line":136,"column":33}},"loc":{"start":{"line":136,"column":38},"end":{"line":136,"column":106}},"line":136},"19":{"name":"(anonymous_19)","decl":{"start":{"line":150,"column":20},"end":{"line":150,"column":28}},"loc":{"start":{"line":150,"column":33},"end":{"line":150,"column":104}},"line":150},"20":{"name":"(anonymous_20)","decl":{"start":{"line":157,"column":20},"end":{"line":157,"column":28}},"loc":{"start":{"line":157,"column":33},"end":{"line":157,"column":104}},"line":157},"21":{"name":"(anonymous_21)","decl":{"start":{"line":159,"column":7},"end":{"line":159,"column":14}},"loc":{"start":{"line":159,"column":19},"end":{"line":159,"column":82}},"line":159},"22":{"name":"(anonymous_22)","decl":{"start":{"line":159,"column":36},"end":{"line":159,"column":41}},"loc":{"start":{"line":159,"column":46},"end":{"line":159,"column":81}},"line":159},"23":{"name":"(anonymous_23)","decl":{"start":{"line":160,"column":7},"end":{"line":160,"column":15}},"loc":{"start":{"line":160,"column":20},"end":{"line":160,"column":88}},"line":160}},"branchMap":{"0":{"loc":{"start":{"line":45,"column":4},"end":{"line":45,"column":null}},"type":"if","locations":[{"start":{"line":45,"column":4},"end":{"line":45,"column":null}},{"start":{},"end":{}}],"line":45},"1":{"loc":{"start":{"line":45,"column":8},"end":{"line":45,"column":76}},"type":"binary-expr","locations":[{"start":{"line":45,"column":8},"end":{"line":45,"column":33}},{"start":{"line":45,"column":33},"end":{"line":45,"column":76}}],"line":45},"2":{"loc":{"start":{"line":50,"column":2},"end":{"line":52,"column":null}},"type":"if","locations":[{"start":{"line":50,"column":2},"end":{"line":52,"column":null}},{"start":{},"end":{}}],"line":50},"3":{"loc":{"start":{"line":55,"column":50},"end":{"line":55,"column":131}},"type":"binary-expr","locations":[{"start":{"line":55,"column":50},"end":{"line":55,"column":77}},{"start":{"line":55,"column":77},"end":{"line":55,"column":105}},{"start":{"line":55,"column":105},"end":{"line":55,"column":131}}],"line":55},"4":{"loc":{"start":{"line":56,"column":2},"end":{"line":58,"column":null}},"type":"if","locations":[{"start":{"line":56,"column":2},"end":{"line":58,"column":null}},{"start":{},"end":{}}],"line":56},"5":{"loc":{"start":{"line":60,"column":2},"end":{"line":62,"column":null}},"type":"if","locations":[{"start":{"line":60,"column":2},"end":{"line":62,"column":null}},{"start":{},"end":{}}],"line":60},"6":{"loc":{"start":{"line":64,"column":2},"end":{"line":66,"column":null}},"type":"if","locations":[{"start":{"line":64,"column":2},"end":{"line":66,"column":null}},{"start":{},"end":{}}],"line":64},"7":{"loc":{"start":{"line":69,"column":2},"end":{"line":71,"column":null}},"type":"if","locations":[{"start":{"line":69,"column":2},"end":{"line":71,"column":null}},{"start":{},"end":{}}],"line":69},"8":{"loc":{"start":{"line":70,"column":31},"end":{"line":70,"column":127}},"type":"cond-expr","locations":[{"start":{"line":70,"column":63},"end":{"line":70,"column":92}},{"start":{"line":70,"column":92},"end":{"line":70,"column":127}}],"line":70},"9":{"loc":{"start":{"line":73,"column":2},"end":{"line":75,"column":null}},"type":"if","locations":[{"start":{"line":73,"column":2},"end":{"line":75,"column":null}},{"start":{},"end":{}}],"line":73},"10":{"loc":{"start":{"line":73,"column":6},"end":{"line":73,"column":95}},"type":"binary-expr","locations":[{"start":{"line":73,"column":6},"end":{"line":73,"column":59}},{"start":{"line":73,"column":59},"end":{"line":73,"column":95}}],"line":73},"11":{"loc":{"start":{"line":126,"column":61},"end":{"line":126,"column":null}},"type":"binary-expr","locations":[{"start":{"line":126,"column":61},"end":{"line":126,"column":82}},{"start":{"line":126,"column":82},"end":{"line":126,"column":null}}],"line":126},"12":{"loc":{"start":{"line":127,"column":49},"end":{"line":127,"column":99}},"type":"binary-expr","locations":[{"start":{"line":127,"column":49},"end":{"line":127,"column":72}},{"start":{"line":127,"column":72},"end":{"line":127,"column":99}}],"line":127},"13":{"loc":{"start":{"line":133,"column":2},"end":{"line":138,"column":null}},"type":"if","locations":[{"start":{"line":133,"column":2},"end":{"line":138,"column":null}},{"start":{},"end":{}}],"line":133},"14":{"loc":{"start":{"line":133,"column":2},"end":{"line":133,"column":113}},"type":"binary-expr","locations":[{"start":{"line":133,"column":7},"end":{"line":133,"column":40}},{"start":{"line":133,"column":40},"end":{"line":133,"column":76}},{"start":{"line":133,"column":76},"end":{"line":133,"column":113}}],"line":133},"15":{"loc":{"start":{"line":140,"column":2},"end":{"line":145,"column":null}},"type":"if","locations":[{"start":{"line":140,"column":2},"end":{"line":145,"column":null}},{"start":{},"end":{}}],"line":140},"16":{"loc":{"start":{"line":140,"column":2},"end":{"line":140,"column":117}},"type":"binary-expr","locations":[{"start":{"line":140,"column":7},"end":{"line":140,"column":60}},{"start":{"line":140,"column":60},"end":{"line":140,"column":78}},{"start":{"line":140,"column":78},"end":{"line":140,"column":117}}],"line":140},"17":{"loc":{"start":{"line":142,"column":4},"end":{"line":142,"column":null}},"type":"if","locations":[{"start":{"line":142,"column":4},"end":{"line":142,"column":null}},{"start":{},"end":{}}],"line":142},"18":{"loc":{"start":{"line":143,"column":4},"end":{"line":143,"column":null}},"type":"if","locations":[{"start":{"line":143,"column":4},"end":{"line":143,"column":null}},{"start":{},"end":{}}],"line":143},"19":{"loc":{"start":{"line":147,"column":2},"end":{"line":153,"column":null}},"type":"if","locations":[{"start":{"line":147,"column":2},"end":{"line":153,"column":null}},{"start":{},"end":{}}],"line":147},"20":{"loc":{"start":{"line":147,"column":2},"end":{"line":147,"column":82}},"type":"binary-expr","locations":[{"start":{"line":147,"column":7},"end":{"line":147,"column":24}},{"start":{"line":147,"column":24},"end":{"line":147,"column":52}},{"start":{"line":147,"column":52},"end":{"line":147,"column":82}}],"line":147},"21":{"loc":{"start":{"line":149,"column":4},"end":{"line":149,"column":null}},"type":"if","locations":[{"start":{"line":149,"column":4},"end":{"line":149,"column":null}},{"start":{},"end":{}}],"line":149},"22":{"loc":{"start":{"line":151,"column":4},"end":{"line":151,"column":null}},"type":"if","locations":[{"start":{"line":151,"column":4},"end":{"line":151,"column":null}},{"start":{},"end":{}}],"line":151},"23":{"loc":{"start":{"line":155,"column":2},"end":{"line":162,"column":null}},"type":"if","locations":[{"start":{"line":155,"column":2},"end":{"line":162,"column":null}},{"start":{},"end":{}}],"line":155},"24":{"loc":{"start":{"line":155,"column":2},"end":{"line":155,"column":101}},"type":"binary-expr","locations":[{"start":{"line":155,"column":7},"end":{"line":155,"column":37}},{"start":{"line":155,"column":37},"end":{"line":155,"column":68}},{"start":{"line":155,"column":68},"end":{"line":155,"column":101}}],"line":155}},"s":{"0":11,"1":11,"2":8,"3":1,"4":7,"5":11,"6":2,"7":11,"8":1,"9":11,"10":11,"11":2,"12":11,"13":1,"14":11,"15":2,"16":11,"17":1,"18":11,"19":10,"20":11,"21":2,"22":11,"23":1,"24":11,"25":3,"26":3,"27":3,"28":2,"29":2,"30":1,"31":3,"32":7,"33":7,"34":7,"35":2,"36":7,"37":3,"38":7,"39":2,"40":7,"41":3,"42":7,"43":3,"44":7,"45":2,"46":2,"47":1,"48":2,"49":1,"50":2,"51":5,"52":1,"53":1,"54":1,"55":1,"56":0,"57":1,"58":4,"59":1,"60":1,"61":0,"62":1,"63":0,"64":1,"65":1,"66":1,"67":3,"68":2,"69":2,"70":2,"71":2,"72":2,"73":2,"74":0,"75":2,"76":1,"77":1},"f":{"0":11,"1":8,"2":2,"3":2,"4":10,"5":3,"6":3,"7":2,"8":2,"9":1,"10":7,"11":7,"12":2,"13":3,"14":2,"15":3,"16":3,"17":1,"18":1,"19":0,"20":2,"21":2,"22":2,"23":0},"b":{"0":[1,7],"1":[8,1],"2":[1,10],"3":[2,1,0],"4":[1,10],"5":[2,9],"6":[1,10],"7":[2,9],"8":[1,1],"9":[1,10],"10":[11,2],"11":[7,2],"12":[2,0],"13":[2,5],"14":[7,5,3],"15":[1,4],"16":[5,4,1],"17":[1,0],"18":[0,1],"19":[1,3],"20":[4,4,1],"21":[0,1],"22":[1,0],"23":[2,1],"24":[3,1,2]},"meta":{"lastBranch":25,"lastFunction":24,"lastStatement":78,"seen":{"f:35:16:35:Infinity":0,"s:43:44:43:Infinity":0,"s:44:8:47:Infinity":1,"f:44:8:44:16":1,"b:45:4:45:Infinity:undefined:undefined:undefined:undefined":0,"s:45:4:45:Infinity":2,"b:45:8:45:33:45:33:45:76":1,"s:45:76:45:Infinity":3,"s:46:4:46:Infinity":4,"s:49:18:49:Infinity":5,"f:49:32:49:39":2,"s:49:44:49:90":6,"b:50:2:52:Infinity:undefined:undefined:undefined:undefined":2,"s:50:2:52:Infinity":7,"s:51:4:51:Infinity":8,"s:54:14:54:Infinity":9,"s:55:25:55:Infinity":10,"f:55:38:55:45":3,"s:55:50:55:131":11,"b:55:50:55:77:55:77:55:105:55:105:55:131":3,"b:56:2:58:Infinity:undefined:undefined:undefined:undefined":4,"s:56:2:58:Infinity":12,"s:57:4:57:Infinity":13,"b:60:2:62:Infinity:undefined:undefined:undefined:undefined":5,"s:60:2:62:Infinity":14,"s:61:4:61:Infinity":15,"b:64:2:66:Infinity:undefined:undefined:undefined:undefined":6,"s:64:2:66:Infinity":16,"s:65:4:65:Infinity":17,"s:68:32:68:Infinity":18,"f:68:49:68:54":4,"s:68:59:68:82":19,"b:69:2:71:Infinity:undefined:undefined:undefined:undefined":7,"s:69:2:71:Infinity":20,"s:70:4:70:Infinity":21,"b:70:63:70:92:70:92:70:127":8,"b:73:2:75:Infinity:undefined:undefined:undefined:undefined":9,"s:73:2:75:Infinity":22,"b:73:6:73:59:73:59:73:95":10,"s:74:4:74:Infinity":23,"s:77:2:77:Infinity":24,"f:81:16:81:41":5,"s:82:50:82:Infinity":25,"s:84:2:100:Infinity":26,"f:85:5:85:12":6,"s:85:17:85:38":27,"f:86:5:86:13":7,"s:87:6:99:Infinity":28,"f:88:9:88:16":8,"s:88:21:88:64":29,"f:89:9:89:17":9,"s:90:10:98:Infinity":30,"s:102:2:102:Infinity":31,"f:119:16:119:Infinity":10,"s:126:8:126:Infinity":32,"f:126:8:126:21":11,"s:126:61:126:Infinity":33,"b:126:61:126:82:126:82:126:Infinity":11,"s:127:23:127:Infinity":34,"f:127:37:127:44":12,"s:127:49:127:99":35,"b:127:49:127:72:127:72:127:99":12,"s:128:29:128:Infinity":36,"f:128:45:128:52":13,"s:128:57:128:82":37,"s:129:31:129:Infinity":38,"f:129:44:129:51":14,"s:129:56:129:81":39,"s:130:24:130:Infinity":40,"f:130:40:130:45":15,"s:130:50:130:95":41,"s:131:24:131:Infinity":42,"f:131:40:131:45":16,"s:131:50:131:86":43,"b:133:2:138:Infinity:undefined:undefined:undefined:undefined":13,"s:133:2:138:Infinity":44,"b:133:7:133:40:133:40:133:76:133:76:133:113":14,"s:134:30:134:Infinity":45,"s:135:4:135:Infinity":46,"f:135:23:135:31":17,"s:135:36:135:116":47,"s:136:4:136:Infinity":48,"f:136:25:136:33":18,"s:136:38:136:106":49,"s:137:4:137:Infinity":50,"b:140:2:145:Infinity:undefined:undefined:undefined:undefined":15,"s:140:2:145:Infinity":51,"b:140:7:140:60:140:60:140:78:140:78:140:117":16,"s:141:30:141:Infinity":52,"b:142:4:142:Infinity:undefined:undefined:undefined:undefined":17,"s:142:4:142:Infinity":53,"s:142:59:142:Infinity":54,"b:143:4:143:Infinity:undefined:undefined:undefined:undefined":18,"s:143:4:143:Infinity":55,"s:143:23:143:Infinity":56,"s:144:4:144:Infinity":57,"b:147:2:153:Infinity:undefined:undefined:undefined:undefined":19,"s:147:2:153:Infinity":58,"b:147:7:147:24:147:24:147:52:147:52:147:82":20,"s:148:30:148:Infinity":59,"b:149:4:149:Infinity:undefined:undefined:undefined:undefined":21,"s:149:4:149:Infinity":60,"s:149:23:149:Infinity":61,"s:150:4:150:Infinity":62,"f:150:20:150:28":19,"s:150:33:150:104":63,"b:151:4:151:Infinity:undefined:undefined:undefined:undefined":22,"s:151:4:151:Infinity":64,"s:151:33:151:Infinity":65,"s:152:4:152:Infinity":66,"b:155:2:162:Infinity:undefined:undefined:undefined:undefined":23,"s:155:2:162:Infinity":67,"b:155:7:155:37:155:37:155:68:155:68:155:101":24,"s:156:30:156:Infinity":68,"s:157:4:157:Infinity":69,"f:157:20:157:28":20,"s:157:33:157:104":70,"s:158:4:160:Infinity":71,"f:159:7:159:14":21,"s:159:19:159:82":72,"f:159:36:159:41":22,"s:159:46:159:81":73,"f:160:7:160:15":23,"s:160:20:160:88":74,"s:161:4:161:Infinity":75,"s:164:28:164:Infinity":76,"s:165:2:165:Infinity":77},"fnNames":{}}}
}
