<?xml version="1.0" encoding="UTF-8"?>
<coverage generated="1788854158365" clover="3.2.0">
  <project timestamp="1788854158365" name="All files">
    <metrics statements="437" coveredstatements="257" conditionals="157" coveredconditionals="31" methods="150" coveredmethods="54" elements="744" coveredelements="342" complexity="0" loc="437" ncloc="437" packages="3" files="7" classes="7"/>
    <package name="src">
      <metrics statements="394" coveredstatements="217" conditionals="146" coveredconditionals="22" methods="144" coveredmethods="48"/>
      <file name="app.controller.ts" path="C:\Users\VT348\Documents\GitHub\OrchestrAI OMG\backend\src\app.controller.ts">
        <metrics statements="372" coveredstatements="208" conditionals="140" coveredconditionals="22" methods="139" coveredmethods="46"/>
        <line num="1" count="6" type="stmt"/>
        <line num="14" count="6" type="stmt"/>
        <line num="15" count="6" type="stmt"/>
        <line num="16" count="6" type="stmt"/>
        <line num="27" count="6" type="stmt"/>
        <line num="28" count="6" type="stmt"/>
        <line num="42" count="8" type="stmt"/>
        <line num="48" count="8" type="stmt"/>
        <line num="49" count="32" type="cond" truecount="2" falsecount="0"/>
        <line num="50" count="5" type="stmt"/>
        <line num="51" count="8" type="cond" truecount="2" falsecount="0"/>
        <line num="52" count="2" type="stmt"/>
        <line num="60" count="6" type="stmt"/>
        <line num="61" count="0" type="stmt"/>
        <line num="80" count="6" type="stmt"/>
        <line num="81" count="2" type="stmt"/>
        <line num="111" count="6" type="stmt"/>
        <line num="112" count="1" type="stmt"/>
        <line num="113" count="1" type="cond" truecount="1" falsecount="1"/>
        <line num="114" count="0" type="stmt"/>
        <line num="119" count="6" type="stmt"/>
        <line num="120" count="7" type="stmt"/>
        <line num="121" count="5" type="stmt"/>
        <line num="126" count="6" type="stmt"/>
        <line num="127" count="2" type="stmt"/>
        <line num="128" count="2" type="cond" truecount="2" falsecount="0"/>
        <line num="129" count="1" type="stmt"/>
        <line num="130" count="1" type="stmt"/>
        <line num="141" count="6" type="stmt"/>
        <line num="145" count="4" type="stmt"/>
        <line num="146" count="4" type="cond" truecount="2" falsecount="0"/>
        <line num="147" count="3" type="stmt"/>
        <line num="157" count="3" type="stmt"/>
        <line num="163" count="6" type="stmt"/>
        <line num="164" count="2" type="stmt"/>
        <line num="165" count="2" type="cond" truecount="2" falsecount="0"/>
        <line num="167" count="1" type="cond" truecount="3" falsecount="1"/>
        <line num="170" count="1" type="stmt"/>
        <line num="180" count="1" type="stmt"/>
        <line num="194" count="6" type="stmt"/>
        <line num="195" count="0" type="stmt"/>
        <line num="212" count="6" type="stmt"/>
        <line num="213" count="0" type="stmt"/>
        <line num="217" count="0" type="cond" truecount="0" falsecount="2"/>
        <line num="218" count="0" type="stmt"/>
        <line num="223" count="6" type="stmt"/>
        <line num="224" count="0" type="cond" truecount="0" falsecount="4"/>
        <line num="225" count="0" type="stmt"/>
        <line num="227" count="0" type="stmt"/>
        <line num="232" count="6" type="stmt"/>
        <line num="233" count="0" type="stmt"/>
        <line num="234" count="0" type="cond" truecount="0" falsecount="2"/>
        <line num="235" count="0" type="stmt"/>
        <line num="241" count="6" type="stmt"/>
        <line num="245" count="0" type="stmt"/>
        <line num="246" count="0" type="cond" truecount="0" falsecount="2"/>
        <line num="247" count="0" type="stmt"/>
        <line num="256" count="0" type="stmt"/>
        <line num="261" count="6" type="stmt"/>
        <line num="262" count="0" type="stmt"/>
        <line num="263" count="0" type="cond" truecount="0" falsecount="2"/>
        <line num="264" count="0" type="stmt"/>
        <line num="268" count="0" type="stmt"/>
        <line num="274" count="6" type="stmt"/>
        <line num="278" count="0" type="stmt"/>
        <line num="279" count="0" type="cond" truecount="0" falsecount="2"/>
        <line num="280" count="0" type="cond" truecount="0" falsecount="4"/>
        <line num="281" count="0" type="stmt"/>
        <line num="283" count="0" type="stmt"/>
        <line num="296" count="6" type="stmt"/>
        <line num="297" count="0" type="stmt"/>
        <line num="302" count="6" type="stmt"/>
        <line num="303" count="0" type="stmt"/>
        <line num="304" count="0" type="stmt"/>
        <line num="318" count="6" type="stmt"/>
        <line num="319" count="0" type="stmt"/>
        <line num="336" count="6" type="stmt"/>
        <line num="337" count="0" type="stmt"/>
        <line num="341" count="0" type="cond" truecount="0" falsecount="2"/>
        <line num="342" count="0" type="stmt"/>
        <line num="347" count="6" type="stmt"/>
        <line num="348" count="0" type="cond" truecount="0" falsecount="4"/>
        <line num="349" count="0" type="stmt"/>
        <line num="351" count="0" type="stmt"/>
        <line num="356" count="6" type="stmt"/>
        <line num="357" count="0" type="stmt"/>
        <line num="358" count="0" type="cond" truecount="0" falsecount="2"/>
        <line num="359" count="0" type="stmt"/>
        <line num="364" count="6" type="stmt"/>
        <line num="368" count="0" type="stmt"/>
        <line num="369" count="0" type="cond" truecount="0" falsecount="2"/>
        <line num="370" count="0" type="stmt"/>
        <line num="379" count="0" type="stmt"/>
        <line num="384" count="6" type="stmt"/>
        <line num="385" count="0" type="stmt"/>
        <line num="386" count="0" type="cond" truecount="0" falsecount="2"/>
        <line num="387" count="0" type="stmt"/>
        <line num="391" count="0" type="stmt"/>
        <line num="396" count="6" type="stmt"/>
        <line num="400" count="0" type="stmt"/>
        <line num="401" count="0" type="cond" truecount="0" falsecount="2"/>
        <line num="402" count="0" type="cond" truecount="0" falsecount="4"/>
        <line num="403" count="0" type="stmt"/>
        <line num="405" count="0" type="stmt"/>
        <line num="418" count="6" type="stmt"/>
        <line num="419" count="0" type="stmt"/>
        <line num="424" count="6" type="stmt"/>
        <line num="425" count="0" type="stmt"/>
        <line num="426" count="0" type="stmt"/>
        <line num="440" count="6" type="stmt"/>
        <line num="441" count="0" type="stmt"/>
        <line num="461" count="6" type="stmt"/>
        <line num="462" count="0" type="stmt"/>
        <line num="469" count="0" type="cond" truecount="0" falsecount="2"/>
        <line num="470" count="0" type="stmt"/>
        <line num="476" count="6" type="stmt"/>
        <line num="477" count="0" type="cond" truecount="0" falsecount="4"/>
        <line num="478" count="0" type="stmt"/>
        <line num="480" count="0" type="cond" truecount="0" falsecount="2"/>
        <line num="481" count="0" type="stmt"/>
        <line num="483" count="0" type="stmt"/>
        <line num="484" count="0" type="stmt"/>
        <line num="497" count="6" type="stmt"/>
        <line num="498" count="0" type="stmt"/>
        <line num="499" count="0" type="cond" truecount="0" falsecount="2"/>
        <line num="500" count="0" type="stmt"/>
        <line num="505" count="6" type="stmt"/>
        <line num="509" count="0" type="stmt"/>
        <line num="510" count="0" type="cond" truecount="0" falsecount="2"/>
        <line num="511" count="0" type="stmt"/>
        <line num="520" count="0" type="stmt"/>
        <line num="525" count="6" type="stmt"/>
        <line num="526" count="0" type="stmt"/>
        <line num="527" count="0" type="cond" truecount="0" falsecount="2"/>
        <line num="528" count="0" type="stmt"/>
        <line num="532" count="0" type="stmt"/>
        <line num="537" count="6" type="stmt"/>
        <line num="541" count="0" type="stmt"/>
        <line num="542" count="0" type="cond" truecount="0" falsecount="2"/>
        <line num="543" count="0" type="cond" truecount="0" falsecount="4"/>
        <line num="544" count="0" type="stmt"/>
        <line num="546" count="0" type="stmt"/>
        <line num="560" count="6" type="stmt"/>
        <line num="564" count="0" type="stmt"/>
        <line num="565" count="0" type="cond" truecount="0" falsecount="2"/>
        <line num="566" count="0" type="cond" truecount="0" falsecount="4"/>
        <line num="567" count="0" type="stmt"/>
        <line num="569" count="0" type="stmt"/>
        <line num="570" count="0" type="stmt"/>
        <line num="584" count="6" type="stmt"/>
        <line num="588" count="0" type="stmt"/>
        <line num="589" count="0" type="cond" truecount="0" falsecount="2"/>
        <line num="590" count="0" type="cond" truecount="0" falsecount="2"/>
        <line num="591" count="0" type="stmt"/>
        <line num="593" count="0" type="stmt"/>
        <line num="607" count="6" type="stmt"/>
        <line num="608" count="0" type="stmt"/>
        <line num="613" count="6" type="stmt"/>
        <line num="614" count="0" type="stmt"/>
        <line num="615" count="0" type="stmt"/>
        <line num="629" count="6" type="stmt"/>
        <line num="630" count="0" type="stmt"/>
        <line num="643" count="6" type="stmt"/>
        <line num="644" count="2" type="stmt"/>
        <line num="645" count="2" type="cond" truecount="2" falsecount="0"/>
        <line num="646" count="1" type="stmt"/>
        <line num="651" count="6" type="stmt"/>
        <line num="652" count="2" type="stmt"/>
        <line num="657" count="6" type="stmt"/>
        <line num="658" count="1" type="stmt"/>
        <line num="663" count="6" type="stmt"/>
        <line num="664" count="1" type="stmt"/>
        <line num="665" count="1" type="stmt"/>
        <line num="671" count="6" type="stmt"/>
        <line num="672" count="1" type="stmt"/>
        <line num="677" count="6" type="stmt"/>
        <line num="678" count="1" type="stmt"/>
        <line num="683" count="6" type="stmt"/>
        <line num="684" count="1" type="stmt"/>
        <line num="689" count="6" type="stmt"/>
        <line num="690" count="1" type="stmt"/>
        <line num="695" count="6" type="stmt"/>
        <line num="696" count="1" type="stmt"/>
        <line num="710" count="6" type="stmt"/>
        <line num="711" count="1" type="stmt"/>
        <line num="719" count="6" type="stmt"/>
        <line num="720" count="1" type="stmt"/>
        <line num="725" count="6" type="stmt"/>
        <line num="726" count="1" type="stmt"/>
        <line num="731" count="6" type="stmt"/>
        <line num="732" count="1" type="stmt"/>
        <line num="733" count="1" type="stmt"/>
        <line num="746" count="6" type="stmt"/>
        <line num="747" count="0" type="stmt"/>
        <line num="752" count="6" type="stmt"/>
        <line num="753" count="1" type="stmt"/>
        <line num="758" count="6" type="stmt"/>
        <line num="759" count="0" type="stmt"/>
        <line num="764" count="6" type="stmt"/>
        <line num="765" count="1" type="stmt"/>
        <line num="766" count="1" type="stmt"/>
        <line num="779" count="6" type="stmt"/>
        <line num="780" count="0" type="stmt"/>
        <line num="785" count="6" type="stmt"/>
        <line num="786" count="1" type="stmt"/>
        <line num="791" count="6" type="stmt"/>
        <line num="792" count="1" type="stmt"/>
        <line num="797" count="6" type="stmt"/>
        <line num="798" count="1" type="stmt"/>
        <line num="799" count="1" type="stmt"/>
        <line num="812" count="6" type="stmt"/>
        <line num="813" count="0" type="stmt"/>
        <line num="818" count="6" type="stmt"/>
        <line num="819" count="0" type="stmt"/>
        <line num="824" count="6" type="stmt"/>
        <line num="825" count="0" type="stmt"/>
        <line num="830" count="6" type="stmt"/>
        <line num="831" count="0" type="stmt"/>
        <line num="832" count="0" type="stmt"/>
        <line num="846" count="6" type="stmt"/>
        <line num="847" count="0" type="stmt"/>
        <line num="855" count="6" type="stmt"/>
        <line num="856" count="0" type="stmt"/>
        <line num="861" count="6" type="stmt"/>
        <line num="862" count="0" type="stmt"/>
        <line num="867" count="6" type="stmt"/>
        <line num="868" count="0" type="stmt"/>
        <line num="869" count="0" type="stmt"/>
        <line num="882" count="6" type="stmt"/>
        <line num="883" count="0" type="stmt"/>
        <line num="888" count="6" type="stmt"/>
        <line num="889" count="0" type="stmt"/>
        <line num="894" count="6" type="stmt"/>
        <line num="895" count="0" type="stmt"/>
        <line num="900" count="6" type="stmt"/>
        <line num="901" count="0" type="stmt"/>
        <line num="902" count="0" type="stmt"/>
        <line num="915" count="6" type="stmt"/>
        <line num="916" count="0" type="stmt"/>
        <line num="921" count="6" type="stmt"/>
        <line num="922" count="0" type="stmt"/>
        <line num="927" count="6" type="stmt"/>
        <line num="928" count="0" type="stmt"/>
        <line num="933" count="6" type="stmt"/>
        <line num="934" count="0" type="stmt"/>
        <line num="935" count="0" type="stmt"/>
        <line num="948" count="6" type="stmt"/>
        <line num="949" count="0" type="stmt"/>
        <line num="954" count="6" type="stmt"/>
        <line num="955" count="0" type="stmt"/>
        <line num="960" count="6" type="stmt"/>
        <line num="961" count="0" type="stmt"/>
        <line num="966" count="6" type="stmt"/>
        <line num="967" count="0" type="stmt"/>
        <line num="968" count="0" type="stmt"/>
        <line num="981" count="6" type="stmt"/>
        <line num="982" count="0" type="stmt"/>
        <line num="987" count="6" type="stmt"/>
        <line num="988" count="0" type="stmt"/>
        <line num="993" count="6" type="stmt"/>
        <line num="994" count="0" type="stmt"/>
        <line num="999" count="6" type="stmt"/>
        <line num="1000" count="0" type="stmt"/>
        <line num="1001" count="0" type="stmt"/>
        <line num="1015" count="6" type="stmt"/>
        <line num="1016" count="0" type="stmt"/>
        <line num="1021" count="6" type="stmt"/>
        <line num="1022" count="1" type="stmt"/>
        <line num="1027" count="6" type="stmt"/>
        <line num="1028" count="0" type="stmt"/>
        <line num="1033" count="6" type="stmt"/>
        <line num="1034" count="0" type="stmt"/>
        <line num="1035" count="0" type="stmt"/>
        <line num="1048" count="6" type="stmt"/>
        <line num="1049" count="1" type="stmt"/>
        <line num="1054" count="6" type="stmt"/>
        <line num="1055" count="1" type="stmt"/>
        <line num="1060" count="6" type="stmt"/>
        <line num="1061" count="1" type="stmt"/>
        <line num="1066" count="6" type="stmt"/>
        <line num="1067" count="0" type="stmt"/>
        <line num="1068" count="0" type="stmt"/>
        <line num="1082" count="6" type="stmt"/>
        <line num="1083" count="1" type="stmt"/>
        <line num="1088" count="6" type="stmt"/>
        <line num="1089" count="1" type="stmt"/>
        <line num="1094" count="6" type="stmt"/>
        <line num="1095" count="2" type="stmt"/>
        <line num="1100" count="6" type="stmt"/>
        <line num="1101" count="1" type="stmt"/>
        <line num="1102" count="1" type="stmt"/>
        <line num="1116" count="6" type="stmt"/>
        <line num="1117" count="2" type="stmt"/>
        <line num="1122" count="6" type="stmt"/>
        <line num="1123" count="1" type="stmt"/>
        <line num="1128" count="6" type="stmt"/>
        <line num="1129" count="1" type="stmt"/>
        <line num="1142" count="6" type="stmt"/>
        <line num="1143" count="1" type="stmt"/>
        <line num="1148" count="6" type="stmt"/>
        <line num="1149" count="1" type="stmt"/>
        <line num="1154" count="6" type="stmt"/>
        <line num="1155" count="1" type="stmt"/>
        <line num="1168" count="6" type="stmt"/>
        <line num="1169" count="1" type="stmt"/>
        <line num="1174" count="6" type="stmt"/>
        <line num="1175" count="2" type="stmt"/>
        <line num="1180" count="6" type="stmt"/>
        <line num="1181" count="1" type="stmt"/>
        <line num="1186" count="6" type="stmt"/>
        <line num="1187" count="1" type="stmt"/>
        <line num="1188" count="1" type="stmt"/>
        <line num="1201" count="6" type="stmt"/>
        <line num="1202" count="0" type="stmt"/>
        <line num="1207" count="6" type="stmt"/>
        <line num="1208" count="0" type="stmt"/>
        <line num="1213" count="6" type="stmt"/>
        <line num="1214" count="0" type="stmt"/>
        <line num="1220" count="6" type="stmt"/>
        <line num="1221" count="0" type="stmt"/>
        <line num="1234" count="6" type="stmt"/>
        <line num="1235" count="0" type="stmt"/>
        <line num="1242" count="6" type="stmt"/>
        <line num="1243" count="0" type="stmt"/>
        <line num="1256" count="6" type="stmt"/>
        <line num="1257" count="0" type="stmt"/>
        <line num="1269" count="6" type="stmt"/>
        <line num="1270" count="0" type="stmt"/>
        <line num="1277" count="6" type="stmt"/>
        <line num="1278" count="0" type="stmt"/>
        <line num="1306" count="6" type="stmt"/>
        <line num="1307" count="0" type="stmt"/>
        <line num="1315" count="6" type="stmt"/>
        <line num="1316" count="0" type="stmt"/>
        <line num="1333" count="6" type="stmt"/>
        <line num="1334" count="0" type="stmt"/>
        <line num="1342" count="6" type="stmt"/>
        <line num="1343" count="0" type="stmt"/>
        <line num="1348" count="6" type="stmt"/>
        <line num="1349" count="0" type="stmt"/>
        <line num="1369" count="6" type="stmt"/>
        <line num="1370" count="0" type="stmt"/>
        <line num="1375" count="6" type="stmt"/>
        <line num="1376" count="0" type="stmt"/>
        <line num="1389" count="6" type="stmt"/>
        <line num="1390" count="0" type="stmt"/>
        <line num="1395" count="6" type="stmt"/>
        <line num="1396" count="0" type="stmt"/>
        <line num="1414" count="6" type="stmt"/>
        <line num="1415" count="0" type="stmt"/>
        <line num="1423" count="6" type="stmt"/>
        <line num="1424" count="0" type="stmt"/>
        <line num="1443" count="6" type="stmt"/>
        <line num="1444" count="0" type="stmt"/>
        <line num="1449" count="6" type="stmt"/>
        <line num="1450" count="0" type="stmt"/>
        <line num="1468" count="6" type="stmt"/>
        <line num="1469" count="0" type="stmt"/>
        <line num="1477" count="6" type="stmt"/>
        <line num="1478" count="0" type="stmt"/>
        <line num="1487" count="6" type="stmt"/>
        <line num="1488" count="0" type="stmt"/>
        <line num="1496" count="6" type="stmt"/>
        <line num="1497" count="0" type="stmt"/>
        <line num="1516" count="6" type="stmt"/>
        <line num="1517" count="0" type="stmt"/>
        <line num="1522" count="6" type="stmt"/>
        <line num="1523" count="0" type="stmt"/>
        <line num="1530" count="6" type="stmt"/>
        <line num="1531" count="0" type="stmt"/>
        <line num="1537" count="6" type="stmt"/>
        <line num="1538" count="0" type="stmt"/>
      </file>
      <file name="app.module.ts" path="C:\Users\VT348\Documents\GitHub\OrchestrAI OMG\backend\src\app.module.ts">
        <metrics statements="4" coveredstatements="4" conditionals="0" coveredconditionals="0" methods="0" coveredmethods="0"/>
        <line num="1" count="6" type="stmt"/>
        <line num="2" count="6" type="stmt"/>
        <line num="3" count="6" type="stmt"/>
        <line num="10" count="6" type="stmt"/>
      </file>
      <file name="main.ts" path="C:\Users\VT348\Documents\GitHub\OrchestrAI OMG\backend\src\main.ts">
        <metrics statements="13" coveredstatements="0" conditionals="6" coveredconditionals="0" methods="3" coveredmethods="0"/>
        <line num="1" count="0" type="stmt"/>
        <line num="2" count="0" type="stmt"/>
        <line num="10" count="0" type="stmt"/>
        <line num="17" count="0" type="stmt"/>
        <line num="19" count="0" type="cond" truecount="0" falsecount="2"/>
        <line num="20" count="0" type="stmt"/>
        <line num="23" count="0" type="stmt"/>
        <line num="30" count="0" type="cond" truecount="0" falsecount="2"/>
        <line num="38" count="0" type="cond" truecount="0" falsecount="2"/>
        <line num="39" count="0" type="stmt"/>
        <line num="40" count="0" type="stmt"/>
        <line num="41" count="0" type="stmt"/>
        <line num="43" count="0" type="stmt"/>
      </file>
      <file name="prisma.service.ts" path="C:\Users\VT348\Documents\GitHub\OrchestrAI OMG\backend\src\prisma.service.ts">
        <metrics statements="5" coveredstatements="5" conditionals="0" coveredconditionals="0" methods="2" coveredmethods="2"/>
        <line num="1" count="6" type="stmt"/>
        <line num="2" count="6" type="stmt"/>
        <line num="5" count="6" type="stmt"/>
        <line num="7" count="6" type="stmt"/>
        <line num="11" count="6" type="stmt"/>
      </file>
    </package>
    <package name="src.auth">
      <metrics statements="26" coveredstatements="23" conditionals="10" coveredconditionals="8" methods="3" coveredmethods="3"/>
      <file name="roles.decorator.ts" path="C:\Users\VT348\Documents\GitHub\OrchestrAI OMG\backend\src\auth\roles.decorator.ts">
        <metrics statements="3" coveredstatements="3" conditionals="0" coveredconditionals="0" methods="1" coveredmethods="1"/>
        <line num="1" count="6" type="stmt"/>
        <line num="4" count="6" type="stmt"/>
        <line num="5" count="798" type="stmt"/>
      </file>
      <file name="roles.guard.ts" path="C:\Users\VT348\Documents\GitHub\OrchestrAI OMG\backend\src\auth\roles.guard.ts">
        <metrics statements="23" coveredstatements="20" conditionals="10" coveredconditionals="8" methods="2" coveredmethods="2"/>
        <line num="1" count="6" type="stmt"/>
        <line num="8" count="6" type="stmt"/>
        <line num="9" count="6" type="stmt"/>
        <line num="10" count="6" type="stmt"/>
        <line num="35" count="6" type="stmt"/>
        <line num="36" count="6" type="stmt"/>
        <line num="39" count="6" type="stmt"/>
        <line num="41" count="6" type="stmt"/>
        <line num="44" count="71" type="stmt"/>
        <line num="52" count="71" type="cond" truecount="3" falsecount="1"/>
        <line num="53" count="0" type="stmt"/>
        <line num="56" count="71" type="stmt"/>
        <line num="57" count="71" type="stmt"/>
        <line num="60" count="71" type="cond" truecount="2" falsecount="0"/>
        <line num="61" count="2" type="stmt"/>
        <line num="64" count="2" type="stmt"/>
        <line num="70" count="69" type="cond" truecount="1" falsecount="1"/>
        <line num="71" count="0" type="stmt"/>
        <line num="74" count="0" type="stmt"/>
        <line num="79" count="69" type="cond" truecount="2" falsecount="0"/>
        <line num="80" count="10" type="stmt"/>
        <line num="83" count="10" type="stmt"/>
        <line num="88" count="59" type="stmt"/>
      </file>
    </package>
    <package name="src.test">
      <metrics statements="17" coveredstatements="17" conditionals="1" coveredconditionals="1" methods="3" coveredmethods="3"/>
      <file name="test-app.ts" path="C:\Users\VT348\Documents\GitHub\OrchestrAI OMG\backend\src\test\test-app.ts">
        <metrics statements="17" coveredstatements="17" conditionals="1" coveredconditionals="1" methods="3" coveredmethods="3"/>
        <line num="13" count="6" type="stmt"/>
        <line num="15" count="6" type="stmt"/>
        <line num="16" count="6" type="stmt"/>
        <line num="18" count="6" type="stmt"/>
        <line num="21" count="6" type="stmt"/>
        <line num="23" count="6" type="stmt"/>
        <line num="26" count="6" type="stmt"/>
        <line num="27" count="26" type="stmt"/>
        <line num="28" count="26" type="stmt"/>
        <line num="32" count="6" type="cond" truecount="1" falsecount="0"/>
        <line num="33" count="9" type="stmt"/>
        <line num="47" count="6" type="stmt"/>
        <line num="48" count="6" type="stmt"/>
        <line num="52" count="6" type="stmt"/>
        <line num="53" count="6" type="stmt"/>
        <line num="55" count="6" type="stmt"/>
        <line num="56" count="6" type="stmt"/>
      </file>
    </package>
  </project>
</coverage>
