<?xml version="1.0" encoding="UTF-8"?>
<coverage generated="1788848577732" clover="3.2.0">
  <project timestamp="1788848577733" name="All files">
    <metrics statements="351" coveredstatements="237" conditionals="91" coveredconditionals="31" methods="129" coveredmethods="54" elements="571" coveredelements="322" complexity="0" loc="351" ncloc="351" packages="3" files="7" classes="7"/>
    <package name="src">
      <metrics statements="308" coveredstatements="197" conditionals="80" coveredconditionals="22" methods="123" coveredmethods="48"/>
      <file name="app.controller.ts" path="C:\Users\VT348\Documents\GitHub\OrchestrAI OMG\backend\src\app.controller.ts">
        <metrics statements="286" coveredstatements="188" conditionals="74" coveredconditionals="22" methods="118" coveredmethods="46"/>
        <line num="1" count="6" type="stmt"/>
        <line num="14" count="6" type="stmt"/>
        <line num="15" count="6" type="stmt"/>
        <line num="16" count="6" type="stmt"/>
        <line num="27" count="6" type="stmt"/>
        <line num="28" count="6" type="stmt"/>
        <line num="42" count="8" type="stmt"/>
        <line num="48" count="8" type="stmt"/>
        <line num="49" count="32" type="cond" truecount="2" falsecount="0"/>
        <line num="50" count="5" type="stmt"/>
        <line num="51" count="8" type="cond" truecount="2" falsecount="0"/>
        <line num="52" count="2" type="stmt"/>
        <line num="60" count="6" type="stmt"/>
        <line num="61" count="0" type="stmt"/>
        <line num="80" count="6" type="stmt"/>
        <line num="81" count="2" type="stmt"/>
        <line num="111" count="6" type="stmt"/>
        <line num="112" count="1" type="stmt"/>
        <line num="113" count="1" type="cond" truecount="1" falsecount="1"/>
        <line num="114" count="0" type="stmt"/>
        <line num="119" count="6" type="stmt"/>
        <line num="120" count="7" type="stmt"/>
        <line num="121" count="5" type="stmt"/>
        <line num="126" count="6" type="stmt"/>
        <line num="127" count="2" type="stmt"/>
        <line num="128" count="2" type="cond" truecount="2" falsecount="0"/>
        <line num="129" count="1" type="stmt"/>
        <line num="130" count="1" type="stmt"/>
        <line num="141" count="6" type="stmt"/>
        <line num="145" count="4" type="stmt"/>
        <line num="146" count="4" type="cond" truecount="2" falsecount="0"/>
        <line num="147" count="3" type="stmt"/>
        <line num="157" count="3" type="stmt"/>
        <line num="163" count="6" type="stmt"/>
        <line num="164" count="2" type="stmt"/>
        <line num="165" count="2" type="cond" truecount="2" falsecount="0"/>
        <line num="167" count="1" type="cond" truecount="3" falsecount="1"/>
        <line num="170" count="1" type="stmt"/>
        <line num="180" count="1" type="stmt"/>
        <line num="194" count="6" type="stmt"/>
        <line num="195" count="0" type="stmt"/>
        <line num="212" count="6" type="stmt"/>
        <line num="213" count="0" type="stmt"/>
        <line num="217" count="0" type="cond" truecount="0" falsecount="2"/>
        <line num="218" count="0" type="stmt"/>
        <line num="223" count="6" type="stmt"/>
        <line num="224" count="0" type="cond" truecount="0" falsecount="4"/>
        <line num="225" count="0" type="stmt"/>
        <line num="227" count="0" type="stmt"/>
        <line num="232" count="6" type="stmt"/>
        <line num="233" count="0" type="stmt"/>
        <line num="234" count="0" type="cond" truecount="0" falsecount="2"/>
        <line num="235" count="0" type="stmt"/>
        <line num="241" count="6" type="stmt"/>
        <line num="245" count="0" type="stmt"/>
        <line num="246" count="0" type="cond" truecount="0" falsecount="2"/>
        <line num="247" count="0" type="stmt"/>
        <line num="256" count="0" type="stmt"/>
        <line num="261" count="6" type="stmt"/>
        <line num="262" count="0" type="stmt"/>
        <line num="263" count="0" type="cond" truecount="0" falsecount="2"/>
        <line num="264" count="0" type="stmt"/>
        <line num="268" count="0" type="stmt"/>
        <line num="274" count="6" type="stmt"/>
        <line num="278" count="0" type="stmt"/>
        <line num="279" count="0" type="cond" truecount="0" falsecount="2"/>
        <line num="280" count="0" type="cond" truecount="0" falsecount="4"/>
        <line num="281" count="0" type="stmt"/>
        <line num="283" count="0" type="stmt"/>
        <line num="296" count="6" type="stmt"/>
        <line num="297" count="0" type="stmt"/>
        <line num="302" count="6" type="stmt"/>
        <line num="303" count="0" type="stmt"/>
        <line num="304" count="0" type="stmt"/>
        <line num="318" count="6" type="stmt"/>
        <line num="319" count="0" type="stmt"/>
        <line num="332" count="6" type="stmt"/>
        <line num="333" count="2" type="stmt"/>
        <line num="334" count="2" type="cond" truecount="2" falsecount="0"/>
        <line num="335" count="1" type="stmt"/>
        <line num="340" count="6" type="stmt"/>
        <line num="341" count="2" type="stmt"/>
        <line num="346" count="6" type="stmt"/>
        <line num="347" count="1" type="stmt"/>
        <line num="352" count="6" type="stmt"/>
        <line num="353" count="1" type="stmt"/>
        <line num="354" count="1" type="stmt"/>
        <line num="360" count="6" type="stmt"/>
        <line num="361" count="1" type="stmt"/>
        <line num="366" count="6" type="stmt"/>
        <line num="367" count="1" type="stmt"/>
        <line num="372" count="6" type="stmt"/>
        <line num="373" count="1" type="stmt"/>
        <line num="378" count="6" type="stmt"/>
        <line num="379" count="1" type="stmt"/>
        <line num="384" count="6" type="stmt"/>
        <line num="385" count="1" type="stmt"/>
        <line num="399" count="6" type="stmt"/>
        <line num="400" count="1" type="stmt"/>
        <line num="408" count="6" type="stmt"/>
        <line num="409" count="1" type="stmt"/>
        <line num="414" count="6" type="stmt"/>
        <line num="415" count="1" type="stmt"/>
        <line num="420" count="6" type="stmt"/>
        <line num="421" count="1" type="stmt"/>
        <line num="422" count="1" type="stmt"/>
        <line num="435" count="6" type="stmt"/>
        <line num="436" count="0" type="stmt"/>
        <line num="441" count="6" type="stmt"/>
        <line num="442" count="1" type="stmt"/>
        <line num="447" count="6" type="stmt"/>
        <line num="448" count="0" type="stmt"/>
        <line num="453" count="6" type="stmt"/>
        <line num="454" count="1" type="stmt"/>
        <line num="455" count="1" type="stmt"/>
        <line num="468" count="6" type="stmt"/>
        <line num="469" count="0" type="stmt"/>
        <line num="474" count="6" type="stmt"/>
        <line num="475" count="1" type="stmt"/>
        <line num="480" count="6" type="stmt"/>
        <line num="481" count="1" type="stmt"/>
        <line num="486" count="6" type="stmt"/>
        <line num="487" count="1" type="stmt"/>
        <line num="488" count="1" type="stmt"/>
        <line num="501" count="6" type="stmt"/>
        <line num="502" count="0" type="stmt"/>
        <line num="507" count="6" type="stmt"/>
        <line num="508" count="0" type="stmt"/>
        <line num="513" count="6" type="stmt"/>
        <line num="514" count="0" type="stmt"/>
        <line num="519" count="6" type="stmt"/>
        <line num="520" count="0" type="stmt"/>
        <line num="521" count="0" type="stmt"/>
        <line num="535" count="6" type="stmt"/>
        <line num="536" count="0" type="stmt"/>
        <line num="544" count="6" type="stmt"/>
        <line num="545" count="0" type="stmt"/>
        <line num="550" count="6" type="stmt"/>
        <line num="551" count="0" type="stmt"/>
        <line num="556" count="6" type="stmt"/>
        <line num="557" count="0" type="stmt"/>
        <line num="558" count="0" type="stmt"/>
        <line num="571" count="6" type="stmt"/>
        <line num="572" count="0" type="stmt"/>
        <line num="577" count="6" type="stmt"/>
        <line num="578" count="0" type="stmt"/>
        <line num="583" count="6" type="stmt"/>
        <line num="584" count="0" type="stmt"/>
        <line num="589" count="6" type="stmt"/>
        <line num="590" count="0" type="stmt"/>
        <line num="591" count="0" type="stmt"/>
        <line num="604" count="6" type="stmt"/>
        <line num="605" count="0" type="stmt"/>
        <line num="610" count="6" type="stmt"/>
        <line num="611" count="0" type="stmt"/>
        <line num="616" count="6" type="stmt"/>
        <line num="617" count="0" type="stmt"/>
        <line num="622" count="6" type="stmt"/>
        <line num="623" count="0" type="stmt"/>
        <line num="624" count="0" type="stmt"/>
        <line num="637" count="6" type="stmt"/>
        <line num="638" count="0" type="stmt"/>
        <line num="643" count="6" type="stmt"/>
        <line num="644" count="0" type="stmt"/>
        <line num="649" count="6" type="stmt"/>
        <line num="650" count="0" type="stmt"/>
        <line num="655" count="6" type="stmt"/>
        <line num="656" count="0" type="stmt"/>
        <line num="657" count="0" type="stmt"/>
        <line num="670" count="6" type="stmt"/>
        <line num="671" count="0" type="stmt"/>
        <line num="676" count="6" type="stmt"/>
        <line num="677" count="0" type="stmt"/>
        <line num="682" count="6" type="stmt"/>
        <line num="683" count="0" type="stmt"/>
        <line num="688" count="6" type="stmt"/>
        <line num="689" count="0" type="stmt"/>
        <line num="690" count="0" type="stmt"/>
        <line num="704" count="6" type="stmt"/>
        <line num="705" count="0" type="stmt"/>
        <line num="710" count="6" type="stmt"/>
        <line num="711" count="1" type="stmt"/>
        <line num="716" count="6" type="stmt"/>
        <line num="717" count="0" type="stmt"/>
        <line num="722" count="6" type="stmt"/>
        <line num="723" count="0" type="stmt"/>
        <line num="724" count="0" type="stmt"/>
        <line num="737" count="6" type="stmt"/>
        <line num="738" count="1" type="stmt"/>
        <line num="743" count="6" type="stmt"/>
        <line num="744" count="1" type="stmt"/>
        <line num="749" count="6" type="stmt"/>
        <line num="750" count="1" type="stmt"/>
        <line num="755" count="6" type="stmt"/>
        <line num="756" count="0" type="stmt"/>
        <line num="757" count="0" type="stmt"/>
        <line num="771" count="6" type="stmt"/>
        <line num="772" count="1" type="stmt"/>
        <line num="777" count="6" type="stmt"/>
        <line num="778" count="1" type="stmt"/>
        <line num="783" count="6" type="stmt"/>
        <line num="784" count="2" type="stmt"/>
        <line num="789" count="6" type="stmt"/>
        <line num="790" count="1" type="stmt"/>
        <line num="791" count="1" type="stmt"/>
        <line num="805" count="6" type="stmt"/>
        <line num="806" count="2" type="stmt"/>
        <line num="811" count="6" type="stmt"/>
        <line num="812" count="1" type="stmt"/>
        <line num="817" count="6" type="stmt"/>
        <line num="818" count="1" type="stmt"/>
        <line num="831" count="6" type="stmt"/>
        <line num="832" count="1" type="stmt"/>
        <line num="837" count="6" type="stmt"/>
        <line num="838" count="1" type="stmt"/>
        <line num="843" count="6" type="stmt"/>
        <line num="844" count="1" type="stmt"/>
        <line num="857" count="6" type="stmt"/>
        <line num="858" count="1" type="stmt"/>
        <line num="863" count="6" type="stmt"/>
        <line num="864" count="2" type="stmt"/>
        <line num="869" count="6" type="stmt"/>
        <line num="870" count="1" type="stmt"/>
        <line num="875" count="6" type="stmt"/>
        <line num="876" count="1" type="stmt"/>
        <line num="877" count="1" type="stmt"/>
        <line num="890" count="6" type="stmt"/>
        <line num="891" count="0" type="stmt"/>
        <line num="896" count="6" type="stmt"/>
        <line num="897" count="0" type="stmt"/>
        <line num="902" count="6" type="stmt"/>
        <line num="903" count="0" type="stmt"/>
        <line num="909" count="6" type="stmt"/>
        <line num="910" count="0" type="stmt"/>
        <line num="923" count="6" type="stmt"/>
        <line num="924" count="0" type="stmt"/>
        <line num="931" count="6" type="stmt"/>
        <line num="932" count="0" type="stmt"/>
        <line num="945" count="6" type="stmt"/>
        <line num="946" count="0" type="stmt"/>
        <line num="958" count="6" type="stmt"/>
        <line num="959" count="0" type="stmt"/>
        <line num="966" count="6" type="stmt"/>
        <line num="967" count="0" type="stmt"/>
        <line num="995" count="6" type="stmt"/>
        <line num="996" count="0" type="stmt"/>
        <line num="1004" count="6" type="stmt"/>
        <line num="1005" count="0" type="stmt"/>
        <line num="1022" count="6" type="stmt"/>
        <line num="1023" count="0" type="stmt"/>
        <line num="1031" count="6" type="stmt"/>
        <line num="1032" count="0" type="stmt"/>
        <line num="1037" count="6" type="stmt"/>
        <line num="1038" count="0" type="stmt"/>
        <line num="1058" count="6" type="stmt"/>
        <line num="1059" count="0" type="stmt"/>
        <line num="1064" count="6" type="stmt"/>
        <line num="1065" count="0" type="stmt"/>
        <line num="1078" count="6" type="stmt"/>
        <line num="1079" count="0" type="stmt"/>
        <line num="1084" count="6" type="stmt"/>
        <line num="1085" count="0" type="stmt"/>
        <line num="1103" count="6" type="stmt"/>
        <line num="1104" count="0" type="stmt"/>
        <line num="1112" count="6" type="stmt"/>
        <line num="1113" count="0" type="stmt"/>
        <line num="1132" count="6" type="stmt"/>
        <line num="1133" count="0" type="stmt"/>
        <line num="1138" count="6" type="stmt"/>
        <line num="1139" count="0" type="stmt"/>
        <line num="1157" count="6" type="stmt"/>
        <line num="1158" count="0" type="stmt"/>
        <line num="1166" count="6" type="stmt"/>
        <line num="1167" count="0" type="stmt"/>
        <line num="1176" count="6" type="stmt"/>
        <line num="1177" count="0" type="stmt"/>
        <line num="1185" count="6" type="stmt"/>
        <line num="1186" count="0" type="stmt"/>
        <line num="1205" count="6" type="stmt"/>
        <line num="1206" count="0" type="stmt"/>
        <line num="1211" count="6" type="stmt"/>
        <line num="1212" count="0" type="stmt"/>
        <line num="1219" count="6" type="stmt"/>
        <line num="1220" count="0" type="stmt"/>
        <line num="1226" count="6" type="stmt"/>
        <line num="1227" count="0" type="stmt"/>
      </file>
      <file name="app.module.ts" path="C:\Users\VT348\Documents\GitHub\OrchestrAI OMG\backend\src\app.module.ts">
        <metrics statements="4" coveredstatements="4" conditionals="0" coveredconditionals="0" methods="0" coveredmethods="0"/>
        <line num="1" count="6" type="stmt"/>
        <line num="2" count="6" type="stmt"/>
        <line num="3" count="6" type="stmt"/>
        <line num="10" count="6" type="stmt"/>
      </file>
      <file name="main.ts" path="C:\Users\VT348\Documents\GitHub\OrchestrAI OMG\backend\src\main.ts">
        <metrics statements="13" coveredstatements="0" conditionals="6" coveredconditionals="0" methods="3" coveredmethods="0"/>
        <line num="1" count="0" type="stmt"/>
        <line num="2" count="0" type="stmt"/>
        <line num="10" count="0" type="stmt"/>
        <line num="17" count="0" type="stmt"/>
        <line num="19" count="0" type="cond" truecount="0" falsecount="2"/>
        <line num="20" count="0" type="stmt"/>
        <line num="23" count="0" type="stmt"/>
        <line num="30" count="0" type="cond" truecount="0" falsecount="2"/>
        <line num="38" count="0" type="cond" truecount="0" falsecount="2"/>
        <line num="39" count="0" type="stmt"/>
        <line num="40" count="0" type="stmt"/>
        <line num="41" count="0" type="stmt"/>
        <line num="43" count="0" type="stmt"/>
      </file>
      <file name="prisma.service.ts" path="C:\Users\VT348\Documents\GitHub\OrchestrAI OMG\backend\src\prisma.service.ts">
        <metrics statements="5" coveredstatements="5" conditionals="0" coveredconditionals="0" methods="2" coveredmethods="2"/>
        <line num="1" count="6" type="stmt"/>
        <line num="2" count="6" type="stmt"/>
        <line num="5" count="6" type="stmt"/>
        <line num="7" count="6" type="stmt"/>
        <line num="11" count="6" type="stmt"/>
      </file>
    </package>
    <package name="src.auth">
      <metrics statements="26" coveredstatements="23" conditionals="10" coveredconditionals="8" methods="3" coveredmethods="3"/>
      <file name="roles.decorator.ts" path="C:\Users\VT348\Documents\GitHub\OrchestrAI OMG\backend\src\auth\roles.decorator.ts">
        <metrics statements="3" coveredstatements="3" conditionals="0" coveredconditionals="0" methods="1" coveredmethods="1"/>
        <line num="1" count="6" type="stmt"/>
        <line num="4" count="6" type="stmt"/>
        <line num="5" count="678" type="stmt"/>
      </file>
      <file name="roles.guard.ts" path="C:\Users\VT348\Documents\GitHub\OrchestrAI OMG\backend\src\auth\roles.guard.ts">
        <metrics statements="23" coveredstatements="20" conditionals="10" coveredconditionals="8" methods="2" coveredmethods="2"/>
        <line num="1" count="6" type="stmt"/>
        <line num="8" count="6" type="stmt"/>
        <line num="9" count="6" type="stmt"/>
        <line num="10" count="6" type="stmt"/>
        <line num="35" count="6" type="stmt"/>
        <line num="36" count="6" type="stmt"/>
        <line num="39" count="6" type="stmt"/>
        <line num="41" count="6" type="stmt"/>
        <line num="44" count="71" type="stmt"/>
        <line num="52" count="71" type="cond" truecount="3" falsecount="1"/>
        <line num="53" count="0" type="stmt"/>
        <line num="56" count="71" type="stmt"/>
        <line num="57" count="71" type="stmt"/>
        <line num="60" count="71" type="cond" truecount="2" falsecount="0"/>
        <line num="61" count="2" type="stmt"/>
        <line num="64" count="2" type="stmt"/>
        <line num="70" count="69" type="cond" truecount="1" falsecount="1"/>
        <line num="71" count="0" type="stmt"/>
        <line num="74" count="0" type="stmt"/>
        <line num="79" count="69" type="cond" truecount="2" falsecount="0"/>
        <line num="80" count="10" type="stmt"/>
        <line num="83" count="10" type="stmt"/>
        <line num="88" count="59" type="stmt"/>
      </file>
    </package>
    <package name="src.test">
      <metrics statements="17" coveredstatements="17" conditionals="1" coveredconditionals="1" methods="3" coveredmethods="3"/>
      <file name="test-app.ts" path="C:\Users\VT348\Documents\GitHub\OrchestrAI OMG\backend\src\test\test-app.ts">
        <metrics statements="17" coveredstatements="17" conditionals="1" coveredconditionals="1" methods="3" coveredmethods="3"/>
        <line num="13" count="6" type="stmt"/>
        <line num="15" count="6" type="stmt"/>
        <line num="16" count="6" type="stmt"/>
        <line num="18" count="6" type="stmt"/>
        <line num="21" count="6" type="stmt"/>
        <line num="23" count="6" type="stmt"/>
        <line num="26" count="6" type="stmt"/>
        <line num="27" count="26" type="stmt"/>
        <line num="28" count="26" type="stmt"/>
        <line num="32" count="6" type="cond" truecount="1" falsecount="0"/>
        <line num="33" count="9" type="stmt"/>
        <line num="47" count="6" type="stmt"/>
        <line num="48" count="6" type="stmt"/>
        <line num="52" count="6" type="stmt"/>
        <line num="53" count="6" type="stmt"/>
        <line num="55" count="6" type="stmt"/>
        <line num="56" count="6" type="stmt"/>
      </file>
    </package>
  </project>
</coverage>
