{"C:\\Users\\VT348\\Documents\\GitHub\\OrchestrAI OMG\\backend\\src\\app.controller.ts": {"path":"C:\\Users\\VT348\\Documents\\GitHub\\OrchestrAI OMG\\backend\\src\\app.controller.ts","statementMap":{"0":{"start":{"line":1,"column":0},"end":{"line":1,"column":null}},"1":{"start":{"line":14,"column":0},"end":{"line":14,"column":49}},"2":{"start":{"line":15,"column":0},"end":{"line":15,"column":47}},"3":{"start":{"line":16,"column":0},"end":{"line":16,"column":48}},"4":{"start":{"line":27,"column":7},"end":{"line":2024,"column":null}},"5":{"start":{"line":28,"column":31},"end":{"line":28,"column":39}},"6":{"start":{"line":42,"column":64},"end":{"line":47,"column":6}},"7":{"start":{"line":48,"column":20},"end":{"line":50,"column":30}},"8":{"start":{"line":49,"column":25},"end":{"line":49,"column":40}},"9":{"start":{"line":50,"column":24},"end":{"line":50,"column":29}},"10":{"start":{"line":51,"column":4},"end":{"line":55,"column":5}},"11":{"start":{"line":52,"column":6},"end":{"line":54,"column":8}},"12":{"start":{"line":61,"column":4},"end":{"line":66,"column":6}},"13":{"start":{"line":81,"column":4},"end":{"line":98,"column":7}},"14":{"start":{"line":112,"column":18},"end":{"line":112,"column":73}},"15":{"start":{"line":113,"column":4},"end":{"line":113,"column":69}},"16":{"start":{"line":113,"column":16},"end":{"line":113,"column":69}},"17":{"start":{"line":114,"column":4},"end":{"line":114,"column":17}},"18":{"start":{"line":120,"column":4},"end":{"line":120,"column":43}},"19":{"start":{"line":121,"column":4},"end":{"line":121,"column":54}},"20":{"start":{"line":127,"column":21},"end":{"line":127,"column":76}},"21":{"start":{"line":128,"column":4},"end":{"line":128,"column":72}},"22":{"start":{"line":128,"column":19},"end":{"line":128,"column":72}},"23":{"start":{"line":129,"column":4},"end":{"line":129,"column":63}},"24":{"start":{"line":130,"column":4},"end":{"line":130,"column":69}},"25":{"start":{"line":145,"column":21},"end":{"line":145,"column":76}},"26":{"start":{"line":146,"column":4},"end":{"line":146,"column":72}},"27":{"start":{"line":146,"column":19},"end":{"line":146,"column":72}},"28":{"start":{"line":147,"column":18},"end":{"line":156,"column":6}},"29":{"start":{"line":157,"column":4},"end":{"line":157,"column":41}},"30":{"start":{"line":164,"column":21},"end":{"line":164,"column":76}},"31":{"start":{"line":165,"column":4},"end":{"line":165,"column":72}},"32":{"start":{"line":165,"column":19},"end":{"line":165,"column":72}},"33":{"start":{"line":167,"column":6},"end":{"line":169,"column":17}},"34":{"start":{"line":170,"column":18},"end":{"line":179,"column":6}},"35":{"start":{"line":180,"column":4},"end":{"line":180,"column":41}},"36":{"start":{"line":195,"column":4},"end":{"line":199,"column":7}},"37":{"start":{"line":213,"column":18},"end":{"line":216,"column":6}},"38":{"start":{"line":217,"column":4},"end":{"line":217,"column":69}},"39":{"start":{"line":217,"column":16},"end":{"line":217,"column":69}},"40":{"start":{"line":218,"column":4},"end":{"line":218,"column":17}},"41":{"start":{"line":224,"column":4},"end":{"line":226,"column":5}},"42":{"start":{"line":225,"column":6},"end":{"line":225,"column":122}},"43":{"start":{"line":227,"column":4},"end":{"line":227,"column":52}},"44":{"start":{"line":233,"column":21},"end":{"line":233,"column":74}},"45":{"start":{"line":234,"column":4},"end":{"line":234,"column":72}},"46":{"start":{"line":234,"column":19},"end":{"line":234,"column":72}},"47":{"start":{"line":235,"column":4},"end":{"line":235,"column":67}},"48":{"start":{"line":245,"column":21},"end":{"line":245,"column":74}},"49":{"start":{"line":246,"column":4},"end":{"line":246,"column":72}},"50":{"start":{"line":246,"column":19},"end":{"line":246,"column":72}},"51":{"start":{"line":247,"column":18},"end":{"line":255,"column":6}},"52":{"start":{"line":256,"column":4},"end":{"line":256,"column":41}},"53":{"start":{"line":262,"column":21},"end":{"line":262,"column":74}},"54":{"start":{"line":263,"column":4},"end":{"line":263,"column":72}},"55":{"start":{"line":263,"column":19},"end":{"line":263,"column":72}},"56":{"start":{"line":264,"column":18},"end":{"line":267,"column":6}},"57":{"start":{"line":268,"column":4},"end":{"line":268,"column":41}},"58":{"start":{"line":278,"column":21},"end":{"line":278,"column":74}},"59":{"start":{"line":279,"column":4},"end":{"line":279,"column":72}},"60":{"start":{"line":279,"column":19},"end":{"line":279,"column":72}},"61":{"start":{"line":280,"column":4},"end":{"line":282,"column":5}},"62":{"start":{"line":281,"column":6},"end":{"line":281,"column":109}},"63":{"start":{"line":283,"column":4},"end":{"line":291,"column":7}},"64":{"start":{"line":297,"column":4},"end":{"line":297,"column":62}},"65":{"start":{"line":303,"column":4},"end":{"line":303,"column":64}},"66":{"start":{"line":304,"column":4},"end":{"line":304,"column":33}},"67":{"start":{"line":319,"column":4},"end":{"line":323,"column":7}},"68":{"start":{"line":337,"column":19},"end":{"line":340,"column":6}},"69":{"start":{"line":341,"column":4},"end":{"line":341,"column":80}},"70":{"start":{"line":341,"column":17},"end":{"line":341,"column":80}},"71":{"start":{"line":342,"column":4},"end":{"line":342,"column":18}},"72":{"start":{"line":348,"column":4},"end":{"line":350,"column":5}},"73":{"start":{"line":349,"column":6},"end":{"line":349,"column":137}},"74":{"start":{"line":351,"column":4},"end":{"line":351,"column":61}},"75":{"start":{"line":357,"column":21},"end":{"line":357,"column":83}},"76":{"start":{"line":358,"column":4},"end":{"line":358,"column":82}},"77":{"start":{"line":358,"column":19},"end":{"line":358,"column":82}},"78":{"start":{"line":359,"column":4},"end":{"line":359,"column":76}},"79":{"start":{"line":368,"column":21},"end":{"line":368,"column":83}},"80":{"start":{"line":369,"column":4},"end":{"line":369,"column":82}},"81":{"start":{"line":369,"column":19},"end":{"line":369,"column":82}},"82":{"start":{"line":370,"column":19},"end":{"line":378,"column":6}},"83":{"start":{"line":379,"column":4},"end":{"line":379,"column":42}},"84":{"start":{"line":385,"column":21},"end":{"line":385,"column":83}},"85":{"start":{"line":386,"column":4},"end":{"line":386,"column":82}},"86":{"start":{"line":386,"column":19},"end":{"line":386,"column":82}},"87":{"start":{"line":387,"column":19},"end":{"line":390,"column":6}},"88":{"start":{"line":391,"column":4},"end":{"line":391,"column":42}},"89":{"start":{"line":400,"column":21},"end":{"line":400,"column":83}},"90":{"start":{"line":401,"column":4},"end":{"line":401,"column":82}},"91":{"start":{"line":401,"column":19},"end":{"line":401,"column":82}},"92":{"start":{"line":402,"column":4},"end":{"line":404,"column":5}},"93":{"start":{"line":403,"column":6},"end":{"line":403,"column":120}},"94":{"start":{"line":405,"column":4},"end":{"line":413,"column":7}},"95":{"start":{"line":419,"column":4},"end":{"line":419,"column":66}},"96":{"start":{"line":425,"column":4},"end":{"line":425,"column":68}},"97":{"start":{"line":426,"column":4},"end":{"line":426,"column":33}},"98":{"start":{"line":441,"column":4},"end":{"line":448,"column":7}},"99":{"start":{"line":462,"column":19},"end":{"line":468,"column":6}},"100":{"start":{"line":469,"column":4},"end":{"line":469,"column":71}},"101":{"start":{"line":469,"column":17},"end":{"line":469,"column":71}},"102":{"start":{"line":470,"column":4},"end":{"line":470,"column":18}},"103":{"start":{"line":477,"column":4},"end":{"line":479,"column":5}},"104":{"start":{"line":478,"column":6},"end":{"line":478,"column":124}},"105":{"start":{"line":480,"column":4},"end":{"line":482,"column":5}},"106":{"start":{"line":481,"column":6},"end":{"line":481,"column":103}},"107":{"start":{"line":483,"column":68},"end":{"line":483,"column":72}},"108":{"start":{"line":484,"column":4},"end":{"line":492,"column":7}},"109":{"start":{"line":498,"column":21},"end":{"line":498,"column":75}},"110":{"start":{"line":499,"column":4},"end":{"line":499,"column":73}},"111":{"start":{"line":499,"column":19},"end":{"line":499,"column":73}},"112":{"start":{"line":500,"column":4},"end":{"line":500,"column":68}},"113":{"start":{"line":509,"column":21},"end":{"line":509,"column":75}},"114":{"start":{"line":510,"column":4},"end":{"line":510,"column":73}},"115":{"start":{"line":510,"column":19},"end":{"line":510,"column":73}},"116":{"start":{"line":511,"column":19},"end":{"line":519,"column":6}},"117":{"start":{"line":520,"column":4},"end":{"line":520,"column":42}},"118":{"start":{"line":526,"column":21},"end":{"line":526,"column":75}},"119":{"start":{"line":527,"column":4},"end":{"line":527,"column":73}},"120":{"start":{"line":527,"column":19},"end":{"line":527,"column":73}},"121":{"start":{"line":528,"column":19},"end":{"line":531,"column":6}},"122":{"start":{"line":532,"column":4},"end":{"line":532,"column":42}},"123":{"start":{"line":541,"column":21},"end":{"line":541,"column":75}},"124":{"start":{"line":542,"column":4},"end":{"line":542,"column":73}},"125":{"start":{"line":542,"column":19},"end":{"line":542,"column":73}},"126":{"start":{"line":543,"column":4},"end":{"line":545,"column":5}},"127":{"start":{"line":544,"column":6},"end":{"line":544,"column":110}},"128":{"start":{"line":546,"column":4},"end":{"line":554,"column":7}},"129":{"start":{"line":564,"column":19},"end":{"line":564,"column":102}},"130":{"start":{"line":565,"column":4},"end":{"line":565,"column":71}},"131":{"start":{"line":565,"column":17},"end":{"line":565,"column":71}},"132":{"start":{"line":566,"column":4},"end":{"line":568,"column":5}},"133":{"start":{"line":567,"column":6},"end":{"line":567,"column":105}},"134":{"start":{"line":569,"column":24},"end":{"line":569,"column":85}},"135":{"start":{"line":569,"column":64},"end":{"line":569,"column":79}},"136":{"start":{"line":570,"column":4},"end":{"line":578,"column":7}},"137":{"start":{"line":588,"column":21},"end":{"line":588,"column":82}},"138":{"start":{"line":589,"column":4},"end":{"line":589,"column":81}},"139":{"start":{"line":589,"column":19},"end":{"line":589,"column":81}},"140":{"start":{"line":590,"column":4},"end":{"line":592,"column":5}},"141":{"start":{"line":591,"column":6},"end":{"line":591,"column":90}},"142":{"start":{"line":593,"column":4},"end":{"line":602,"column":7}},"143":{"start":{"line":608,"column":4},"end":{"line":608,"column":63}},"144":{"start":{"line":614,"column":4},"end":{"line":614,"column":65}},"145":{"start":{"line":615,"column":4},"end":{"line":615,"column":33}},"146":{"start":{"line":639,"column":4},"end":{"line":642,"column":7}},"147":{"start":{"line":648,"column":4},"end":{"line":650,"column":5}},"148":{"start":{"line":649,"column":6},"end":{"line":649,"column":120}},"149":{"start":{"line":651,"column":4},"end":{"line":651,"column":51}},"150":{"start":{"line":657,"column":21},"end":{"line":657,"column":73}},"151":{"start":{"line":658,"column":4},"end":{"line":658,"column":71}},"152":{"start":{"line":658,"column":19},"end":{"line":658,"column":71}},"153":{"start":{"line":659,"column":4},"end":{"line":659,"column":66}},"154":{"start":{"line":668,"column":21},"end":{"line":668,"column":73}},"155":{"start":{"line":669,"column":4},"end":{"line":669,"column":71}},"156":{"start":{"line":669,"column":19},"end":{"line":669,"column":71}},"157":{"start":{"line":670,"column":19},"end":{"line":678,"column":6}},"158":{"start":{"line":679,"column":4},"end":{"line":679,"column":42}},"159":{"start":{"line":685,"column":21},"end":{"line":685,"column":73}},"160":{"start":{"line":686,"column":4},"end":{"line":686,"column":71}},"161":{"start":{"line":686,"column":19},"end":{"line":686,"column":71}},"162":{"start":{"line":687,"column":19},"end":{"line":690,"column":6}},"163":{"start":{"line":691,"column":4},"end":{"line":691,"column":42}},"164":{"start":{"line":701,"column":21},"end":{"line":701,"column":73}},"165":{"start":{"line":702,"column":4},"end":{"line":702,"column":71}},"166":{"start":{"line":702,"column":19},"end":{"line":702,"column":71}},"167":{"start":{"line":703,"column":4},"end":{"line":705,"column":5}},"168":{"start":{"line":704,"column":6},"end":{"line":704,"column":108}},"169":{"start":{"line":706,"column":4},"end":{"line":714,"column":7}},"170":{"start":{"line":729,"column":4},"end":{"line":732,"column":7}},"171":{"start":{"line":738,"column":4},"end":{"line":740,"column":5}},"172":{"start":{"line":739,"column":6},"end":{"line":739,"column":78}},"173":{"start":{"line":741,"column":4},"end":{"line":741,"column":99}},"174":{"start":{"line":747,"column":4},"end":{"line":747,"column":63}},"175":{"start":{"line":748,"column":4},"end":{"line":748,"column":33}},"176":{"start":{"line":763,"column":4},"end":{"line":767,"column":7}},"177":{"start":{"line":781,"column":19},"end":{"line":784,"column":6}},"178":{"start":{"line":785,"column":4},"end":{"line":785,"column":72}},"179":{"start":{"line":785,"column":17},"end":{"line":785,"column":72}},"180":{"start":{"line":786,"column":4},"end":{"line":786,"column":18}},"181":{"start":{"line":792,"column":4},"end":{"line":794,"column":5}},"182":{"start":{"line":793,"column":6},"end":{"line":793,"column":126}},"183":{"start":{"line":795,"column":4},"end":{"line":797,"column":5}},"184":{"start":{"line":796,"column":6},"end":{"line":796,"column":125}},"185":{"start":{"line":798,"column":4},"end":{"line":798,"column":64}},"186":{"start":{"line":804,"column":21},"end":{"line":804,"column":86}},"187":{"start":{"line":805,"column":4},"end":{"line":805,"column":74}},"188":{"start":{"line":805,"column":19},"end":{"line":805,"column":74}},"189":{"start":{"line":806,"column":4},"end":{"line":806,"column":79}},"190":{"start":{"line":815,"column":21},"end":{"line":815,"column":86}},"191":{"start":{"line":816,"column":4},"end":{"line":816,"column":74}},"192":{"start":{"line":816,"column":19},"end":{"line":816,"column":74}},"193":{"start":{"line":817,"column":19},"end":{"line":825,"column":6}},"194":{"start":{"line":826,"column":4},"end":{"line":826,"column":42}},"195":{"start":{"line":832,"column":21},"end":{"line":832,"column":86}},"196":{"start":{"line":833,"column":4},"end":{"line":833,"column":74}},"197":{"start":{"line":833,"column":19},"end":{"line":833,"column":74}},"198":{"start":{"line":834,"column":19},"end":{"line":837,"column":6}},"199":{"start":{"line":838,"column":4},"end":{"line":838,"column":42}},"200":{"start":{"line":847,"column":4},"end":{"line":849,"column":5}},"201":{"start":{"line":848,"column":6},"end":{"line":848,"column":87}},"202":{"start":{"line":850,"column":4},"end":{"line":850,"column":64}},"203":{"start":{"line":856,"column":4},"end":{"line":856,"column":66}},"204":{"start":{"line":857,"column":4},"end":{"line":857,"column":33}},"205":{"start":{"line":874,"column":23},"end":{"line":877,"column":6}},"206":{"start":{"line":878,"column":4},"end":{"line":878,"column":97}},"207":{"start":{"line":878,"column":21},"end":{"line":878,"column":97}},"208":{"start":{"line":879,"column":4},"end":{"line":881,"column":5}},"209":{"start":{"line":880,"column":6},"end":{"line":880,"column":101}},"210":{"start":{"line":883,"column":23},"end":{"line":891,"column":6}},"211":{"start":{"line":894,"column":32},"end":{"line":896,"column":21}},"212":{"start":{"line":895,"column":6},"end":{"line":895,"column":70}},"213":{"start":{"line":897,"column":4},"end":{"line":897,"column":43}},"214":{"start":{"line":898,"column":21},"end":{"line":898,"column":54}},"215":{"start":{"line":900,"column":6},"end":{"line":903,"column":27}},"216":{"start":{"line":901,"column":26},"end":{"line":901,"column":38}},"217":{"start":{"line":902,"column":26},"end":{"line":902,"column":38}},"218":{"start":{"line":904,"column":4},"end":{"line":904,"column":134}},"219":{"start":{"line":906,"column":4},"end":{"line":920,"column":5}},"220":{"start":{"line":907,"column":6},"end":{"line":919,"column":9}},"221":{"start":{"line":922,"column":4},"end":{"line":922,"column":22}},"222":{"start":{"line":937,"column":4},"end":{"line":940,"column":7}},"223":{"start":{"line":946,"column":4},"end":{"line":948,"column":5}},"224":{"start":{"line":947,"column":6},"end":{"line":947,"column":112}},"225":{"start":{"line":949,"column":4},"end":{"line":949,"column":67}},"226":{"start":{"line":955,"column":21},"end":{"line":955,"column":89}},"227":{"start":{"line":956,"column":4},"end":{"line":956,"column":88}},"228":{"start":{"line":956,"column":19},"end":{"line":956,"column":88}},"229":{"start":{"line":957,"column":4},"end":{"line":957,"column":82}},"230":{"start":{"line":966,"column":21},"end":{"line":966,"column":89}},"231":{"start":{"line":967,"column":4},"end":{"line":967,"column":88}},"232":{"start":{"line":967,"column":19},"end":{"line":967,"column":88}},"233":{"start":{"line":968,"column":19},"end":{"line":976,"column":6}},"234":{"start":{"line":977,"column":4},"end":{"line":977,"column":42}},"235":{"start":{"line":983,"column":21},"end":{"line":983,"column":89}},"236":{"start":{"line":984,"column":4},"end":{"line":984,"column":88}},"237":{"start":{"line":984,"column":19},"end":{"line":984,"column":88}},"238":{"start":{"line":985,"column":19},"end":{"line":988,"column":6}},"239":{"start":{"line":989,"column":4},"end":{"line":989,"column":42}},"240":{"start":{"line":1003,"column":4},"end":{"line":1006,"column":7}},"241":{"start":{"line":1015,"column":4},"end":{"line":1017,"column":5}},"242":{"start":{"line":1016,"column":6},"end":{"line":1016,"column":88}},"243":{"start":{"line":1018,"column":20},"end":{"line":1018,"column":104}},"244":{"start":{"line":1019,"column":4},"end":{"line":1019,"column":99}},"245":{"start":{"line":1019,"column":18},"end":{"line":1019,"column":99}},"246":{"start":{"line":1020,"column":21},"end":{"line":1020,"column":31}},"247":{"start":{"line":1021,"column":22},"end":{"line":1021,"column":101}},"248":{"start":{"line":1022,"column":4},"end":{"line":1033,"column":7}},"249":{"start":{"line":1043,"column":21},"end":{"line":1043,"column":116}},"250":{"start":{"line":1044,"column":4},"end":{"line":1044,"column":87}},"251":{"start":{"line":1044,"column":19},"end":{"line":1044,"column":87}},"252":{"start":{"line":1045,"column":4},"end":{"line":1047,"column":5}},"253":{"start":{"line":1046,"column":6},"end":{"line":1046,"column":90}},"254":{"start":{"line":1048,"column":22},"end":{"line":1048,"column":32}},"255":{"start":{"line":1049,"column":22},"end":{"line":1049,"column":111}},"256":{"start":{"line":1050,"column":4},"end":{"line":1054,"column":7}},"257":{"start":{"line":1064,"column":21},"end":{"line":1064,"column":88}},"258":{"start":{"line":1065,"column":4},"end":{"line":1065,"column":87}},"259":{"start":{"line":1065,"column":19},"end":{"line":1065,"column":87}},"260":{"start":{"line":1066,"column":4},"end":{"line":1068,"column":5}},"261":{"start":{"line":1067,"column":6},"end":{"line":1067,"column":103}},"262":{"start":{"line":1069,"column":4},"end":{"line":1073,"column":7}},"263":{"start":{"line":1083,"column":21},"end":{"line":1083,"column":98}},"264":{"start":{"line":1084,"column":4},"end":{"line":1084,"column":93}},"265":{"start":{"line":1084,"column":19},"end":{"line":1084,"column":93}},"266":{"start":{"line":1085,"column":4},"end":{"line":1087,"column":5}},"267":{"start":{"line":1086,"column":6},"end":{"line":1086,"column":102}},"268":{"start":{"line":1088,"column":4},"end":{"line":1096,"column":7}},"269":{"start":{"line":1111,"column":4},"end":{"line":1111,"column":85}},"270":{"start":{"line":1125,"column":19},"end":{"line":1125,"column":81}},"271":{"start":{"line":1126,"column":4},"end":{"line":1126,"column":80}},"272":{"start":{"line":1126,"column":17},"end":{"line":1126,"column":80}},"273":{"start":{"line":1127,"column":4},"end":{"line":1127,"column":18}},"274":{"start":{"line":1133,"column":4},"end":{"line":1133,"column":61}},"275":{"start":{"line":1139,"column":4},"end":{"line":1139,"column":76}},"276":{"start":{"line":1145,"column":4},"end":{"line":1145,"column":63}},"277":{"start":{"line":1146,"column":4},"end":{"line":1146,"column":33}},"278":{"start":{"line":1153,"column":4},"end":{"line":1153,"column":91}},"279":{"start":{"line":1159,"column":4},"end":{"line":1159,"column":66}},"280":{"start":{"line":1165,"column":4},"end":{"line":1165,"column":81}},"281":{"start":{"line":1171,"column":4},"end":{"line":1171,"column":101}},"282":{"start":{"line":1177,"column":4},"end":{"line":1177,"column":78}},"283":{"start":{"line":1192,"column":4},"end":{"line":1195,"column":7}},"284":{"start":{"line":1201,"column":4},"end":{"line":1201,"column":61}},"285":{"start":{"line":1207,"column":4},"end":{"line":1207,"column":76}},"286":{"start":{"line":1213,"column":4},"end":{"line":1213,"column":63}},"287":{"start":{"line":1214,"column":4},"end":{"line":1214,"column":33}},"288":{"start":{"line":1228,"column":4},"end":{"line":1228,"column":90}},"289":{"start":{"line":1234,"column":4},"end":{"line":1234,"column":68}},"290":{"start":{"line":1240,"column":4},"end":{"line":1240,"column":83}},"291":{"start":{"line":1246,"column":4},"end":{"line":1246,"column":70}},"292":{"start":{"line":1247,"column":4},"end":{"line":1247,"column":33}},"293":{"start":{"line":1261,"column":4},"end":{"line":1261,"column":80}},"294":{"start":{"line":1267,"column":4},"end":{"line":1267,"column":58}},"295":{"start":{"line":1273,"column":4},"end":{"line":1273,"column":73}},"296":{"start":{"line":1279,"column":4},"end":{"line":1279,"column":60}},"297":{"start":{"line":1280,"column":4},"end":{"line":1280,"column":33}},"298":{"start":{"line":1294,"column":4},"end":{"line":1294,"column":84}},"299":{"start":{"line":1300,"column":4},"end":{"line":1300,"column":62}},"300":{"start":{"line":1306,"column":4},"end":{"line":1306,"column":77}},"301":{"start":{"line":1312,"column":4},"end":{"line":1312,"column":64}},"302":{"start":{"line":1313,"column":4},"end":{"line":1313,"column":33}},"303":{"start":{"line":1328,"column":4},"end":{"line":1331,"column":7}},"304":{"start":{"line":1337,"column":4},"end":{"line":1337,"column":63}},"305":{"start":{"line":1343,"column":4},"end":{"line":1343,"column":78}},"306":{"start":{"line":1349,"column":4},"end":{"line":1349,"column":65}},"307":{"start":{"line":1350,"column":4},"end":{"line":1350,"column":33}},"308":{"start":{"line":1364,"column":4},"end":{"line":1364,"column":90}},"309":{"start":{"line":1370,"column":4},"end":{"line":1370,"column":68}},"310":{"start":{"line":1376,"column":4},"end":{"line":1376,"column":83}},"311":{"start":{"line":1382,"column":4},"end":{"line":1382,"column":70}},"312":{"start":{"line":1383,"column":4},"end":{"line":1383,"column":33}},"313":{"start":{"line":1397,"column":4},"end":{"line":1397,"column":79}},"314":{"start":{"line":1403,"column":4},"end":{"line":1403,"column":57}},"315":{"start":{"line":1409,"column":4},"end":{"line":1409,"column":72}},"316":{"start":{"line":1415,"column":4},"end":{"line":1415,"column":59}},"317":{"start":{"line":1416,"column":4},"end":{"line":1416,"column":33}},"318":{"start":{"line":1430,"column":4},"end":{"line":1430,"column":86}},"319":{"start":{"line":1436,"column":4},"end":{"line":1436,"column":64}},"320":{"start":{"line":1442,"column":4},"end":{"line":1442,"column":79}},"321":{"start":{"line":1448,"column":4},"end":{"line":1448,"column":66}},"322":{"start":{"line":1449,"column":4},"end":{"line":1449,"column":33}},"323":{"start":{"line":1463,"column":4},"end":{"line":1463,"column":94}},"324":{"start":{"line":1469,"column":4},"end":{"line":1469,"column":72}},"325":{"start":{"line":1475,"column":4},"end":{"line":1475,"column":87}},"326":{"start":{"line":1481,"column":4},"end":{"line":1481,"column":74}},"327":{"start":{"line":1482,"column":4},"end":{"line":1482,"column":33}},"328":{"start":{"line":1497,"column":4},"end":{"line":1497,"column":85}},"329":{"start":{"line":1503,"column":4},"end":{"line":1503,"column":63}},"330":{"start":{"line":1509,"column":4},"end":{"line":1509,"column":78}},"331":{"start":{"line":1515,"column":4},"end":{"line":1515,"column":65}},"332":{"start":{"line":1516,"column":4},"end":{"line":1516,"column":33}},"333":{"start":{"line":1530,"column":4},"end":{"line":1530,"column":86}},"334":{"start":{"line":1536,"column":4},"end":{"line":1536,"column":64}},"335":{"start":{"line":1542,"column":4},"end":{"line":1542,"column":79}},"336":{"start":{"line":1548,"column":4},"end":{"line":1548,"column":66}},"337":{"start":{"line":1549,"column":4},"end":{"line":1549,"column":33}},"338":{"start":{"line":1564,"column":4},"end":{"line":1564,"column":86}},"339":{"start":{"line":1570,"column":4},"end":{"line":1570,"column":64}},"340":{"start":{"line":1576,"column":4},"end":{"line":1576,"column":79}},"341":{"start":{"line":1582,"column":4},"end":{"line":1582,"column":66}},"342":{"start":{"line":1583,"column":4},"end":{"line":1583,"column":33}},"343":{"start":{"line":1598,"column":4},"end":{"line":1598,"column":87}},"344":{"start":{"line":1604,"column":4},"end":{"line":1604,"column":66}},"345":{"start":{"line":1610,"column":4},"end":{"line":1610,"column":81}},"346":{"start":{"line":1624,"column":4},"end":{"line":1624,"column":79}},"347":{"start":{"line":1630,"column":4},"end":{"line":1630,"column":58}},"348":{"start":{"line":1636,"column":4},"end":{"line":1636,"column":73}},"349":{"start":{"line":1650,"column":4},"end":{"line":1650,"column":78}},"350":{"start":{"line":1656,"column":4},"end":{"line":1656,"column":57}},"351":{"start":{"line":1662,"column":4},"end":{"line":1662,"column":72}},"352":{"start":{"line":1668,"column":4},"end":{"line":1668,"column":59}},"353":{"start":{"line":1669,"column":4},"end":{"line":1669,"column":33}},"354":{"start":{"line":1683,"column":4},"end":{"line":1683,"column":85}},"355":{"start":{"line":1689,"column":4},"end":{"line":1689,"column":64}},"356":{"start":{"line":1695,"column":4},"end":{"line":1695,"column":79}},"357":{"start":{"line":1702,"column":4},"end":{"line":1704,"column":7}},"358":{"start":{"line":1716,"column":4},"end":{"line":1718,"column":7}},"359":{"start":{"line":1724,"column":4},"end":{"line":1732,"column":7}},"360":{"start":{"line":1738,"column":4},"end":{"line":1738,"column":77}},"361":{"start":{"line":1751,"column":4},"end":{"line":1753,"column":7}},"362":{"start":{"line":1759,"column":4},"end":{"line":1769,"column":7}},"363":{"start":{"line":1788,"column":4},"end":{"line":1791,"column":7}},"364":{"start":{"line":1797,"column":4},"end":{"line":1797,"column":61}},"365":{"start":{"line":1815,"column":4},"end":{"line":1818,"column":7}},"366":{"start":{"line":1824,"column":4},"end":{"line":1824,"column":62}},"367":{"start":{"line":1830,"column":4},"end":{"line":1830,"column":77}},"368":{"start":{"line":1851,"column":4},"end":{"line":1851,"column":101}},"369":{"start":{"line":1857,"column":4},"end":{"line":1857,"column":78}},"370":{"start":{"line":1871,"column":4},"end":{"line":1871,"column":96}},"371":{"start":{"line":1877,"column":4},"end":{"line":1877,"column":73}},"372":{"start":{"line":1896,"column":4},"end":{"line":1899,"column":7}},"373":{"start":{"line":1905,"column":4},"end":{"line":1905,"column":73}},"374":{"start":{"line":1925,"column":4},"end":{"line":1925,"column":98}},"375":{"start":{"line":1931,"column":4},"end":{"line":1931,"column":68}},"376":{"start":{"line":1950,"column":4},"end":{"line":1953,"column":7}},"377":{"start":{"line":1959,"column":4},"end":{"line":1959,"column":66}},"378":{"start":{"line":1969,"column":4},"end":{"line":1972,"column":7}},"379":{"start":{"line":1978,"column":4},"end":{"line":1981,"column":7}},"380":{"start":{"line":1998,"column":4},"end":{"line":1998,"column":89}},"381":{"start":{"line":2004,"column":4},"end":{"line":2004,"column":67}},"382":{"start":{"line":2012,"column":4},"end":{"line":2012,"column":39}},"383":{"start":{"line":2019,"column":4},"end":{"line":2022,"column":7}},"384":{"start":{"line":27,"column":13},"end":{"line":27,"column":26}},"385":{"start":{"line":60,"column":2},"end":{"line":67,"column":null}},"386":{"start":{"line":80,"column":8},"end":{"line":99,"column":null}},"387":{"start":{"line":111,"column":8},"end":{"line":115,"column":null}},"388":{"start":{"line":119,"column":8},"end":{"line":122,"column":null}},"389":{"start":{"line":126,"column":8},"end":{"line":131,"column":null}},"390":{"start":{"line":141,"column":8},"end":{"line":158,"column":null}},"391":{"start":{"line":163,"column":8},"end":{"line":181,"column":null}},"392":{"start":{"line":194,"column":8},"end":{"line":200,"column":null}},"393":{"start":{"line":212,"column":8},"end":{"line":219,"column":null}},"394":{"start":{"line":223,"column":8},"end":{"line":228,"column":null}},"395":{"start":{"line":232,"column":8},"end":{"line":236,"column":null}},"396":{"start":{"line":241,"column":8},"end":{"line":257,"column":null}},"397":{"start":{"line":261,"column":8},"end":{"line":269,"column":null}},"398":{"start":{"line":274,"column":8},"end":{"line":292,"column":null}},"399":{"start":{"line":296,"column":8},"end":{"line":298,"column":null}},"400":{"start":{"line":302,"column":8},"end":{"line":305,"column":null}},"401":{"start":{"line":318,"column":8},"end":{"line":324,"column":null}},"402":{"start":{"line":336,"column":8},"end":{"line":343,"column":null}},"403":{"start":{"line":347,"column":8},"end":{"line":352,"column":null}},"404":{"start":{"line":356,"column":8},"end":{"line":360,"column":null}},"405":{"start":{"line":364,"column":8},"end":{"line":380,"column":null}},"406":{"start":{"line":384,"column":8},"end":{"line":392,"column":null}},"407":{"start":{"line":396,"column":8},"end":{"line":414,"column":null}},"408":{"start":{"line":418,"column":8},"end":{"line":420,"column":null}},"409":{"start":{"line":424,"column":8},"end":{"line":427,"column":null}},"410":{"start":{"line":440,"column":8},"end":{"line":449,"column":null}},"411":{"start":{"line":461,"column":8},"end":{"line":471,"column":null}},"412":{"start":{"line":476,"column":8},"end":{"line":493,"column":null}},"413":{"start":{"line":497,"column":8},"end":{"line":501,"column":null}},"414":{"start":{"line":505,"column":8},"end":{"line":521,"column":null}},"415":{"start":{"line":525,"column":8},"end":{"line":533,"column":null}},"416":{"start":{"line":537,"column":8},"end":{"line":555,"column":null}},"417":{"start":{"line":560,"column":8},"end":{"line":579,"column":null}},"418":{"start":{"line":584,"column":8},"end":{"line":603,"column":null}},"419":{"start":{"line":607,"column":8},"end":{"line":609,"column":null}},"420":{"start":{"line":613,"column":8},"end":{"line":616,"column":null}},"421":{"start":{"line":638,"column":8},"end":{"line":643,"column":null}},"422":{"start":{"line":647,"column":8},"end":{"line":652,"column":null}},"423":{"start":{"line":656,"column":8},"end":{"line":660,"column":null}},"424":{"start":{"line":664,"column":8},"end":{"line":680,"column":null}},"425":{"start":{"line":684,"column":8},"end":{"line":692,"column":null}},"426":{"start":{"line":697,"column":8},"end":{"line":715,"column":null}},"427":{"start":{"line":728,"column":8},"end":{"line":733,"column":null}},"428":{"start":{"line":737,"column":8},"end":{"line":742,"column":null}},"429":{"start":{"line":746,"column":8},"end":{"line":749,"column":null}},"430":{"start":{"line":762,"column":8},"end":{"line":768,"column":null}},"431":{"start":{"line":780,"column":8},"end":{"line":787,"column":null}},"432":{"start":{"line":791,"column":8},"end":{"line":799,"column":null}},"433":{"start":{"line":803,"column":8},"end":{"line":807,"column":null}},"434":{"start":{"line":811,"column":8},"end":{"line":827,"column":null}},"435":{"start":{"line":831,"column":8},"end":{"line":839,"column":null}},"436":{"start":{"line":844,"column":8},"end":{"line":851,"column":null}},"437":{"start":{"line":855,"column":8},"end":{"line":858,"column":null}},"438":{"start":{"line":870,"column":8},"end":{"line":923,"column":null}},"439":{"start":{"line":936,"column":8},"end":{"line":941,"column":null}},"440":{"start":{"line":945,"column":8},"end":{"line":950,"column":null}},"441":{"start":{"line":954,"column":8},"end":{"line":958,"column":null}},"442":{"start":{"line":962,"column":8},"end":{"line":978,"column":null}},"443":{"start":{"line":982,"column":8},"end":{"line":990,"column":null}},"444":{"start":{"line":1002,"column":8},"end":{"line":1007,"column":null}},"445":{"start":{"line":1012,"column":8},"end":{"line":1034,"column":null}},"446":{"start":{"line":1039,"column":8},"end":{"line":1055,"column":null}},"447":{"start":{"line":1060,"column":8},"end":{"line":1074,"column":null}},"448":{"start":{"line":1079,"column":8},"end":{"line":1097,"column":null}},"449":{"start":{"line":1110,"column":8},"end":{"line":1112,"column":null}},"450":{"start":{"line":1124,"column":8},"end":{"line":1128,"column":null}},"451":{"start":{"line":1132,"column":8},"end":{"line":1134,"column":null}},"452":{"start":{"line":1138,"column":8},"end":{"line":1140,"column":null}},"453":{"start":{"line":1144,"column":8},"end":{"line":1147,"column":null}},"454":{"start":{"line":1152,"column":8},"end":{"line":1154,"column":null}},"455":{"start":{"line":1158,"column":8},"end":{"line":1160,"column":null}},"456":{"start":{"line":1164,"column":8},"end":{"line":1166,"column":null}},"457":{"start":{"line":1170,"column":8},"end":{"line":1172,"column":null}},"458":{"start":{"line":1176,"column":8},"end":{"line":1178,"column":null}},"459":{"start":{"line":1191,"column":8},"end":{"line":1196,"column":null}},"460":{"start":{"line":1200,"column":8},"end":{"line":1202,"column":null}},"461":{"start":{"line":1206,"column":8},"end":{"line":1208,"column":null}},"462":{"start":{"line":1212,"column":8},"end":{"line":1215,"column":null}},"463":{"start":{"line":1227,"column":8},"end":{"line":1229,"column":null}},"464":{"start":{"line":1233,"column":8},"end":{"line":1235,"column":null}},"465":{"start":{"line":1239,"column":8},"end":{"line":1241,"column":null}},"466":{"start":{"line":1245,"column":8},"end":{"line":1248,"column":null}},"467":{"start":{"line":1260,"column":8},"end":{"line":1262,"column":null}},"468":{"start":{"line":1266,"column":8},"end":{"line":1268,"column":null}},"469":{"start":{"line":1272,"column":8},"end":{"line":1274,"column":null}},"470":{"start":{"line":1278,"column":8},"end":{"line":1281,"column":null}},"471":{"start":{"line":1293,"column":8},"end":{"line":1295,"column":null}},"472":{"start":{"line":1299,"column":8},"end":{"line":1301,"column":null}},"473":{"start":{"line":1305,"column":8},"end":{"line":1307,"column":null}},"474":{"start":{"line":1311,"column":8},"end":{"line":1314,"column":null}},"475":{"start":{"line":1327,"column":8},"end":{"line":1332,"column":null}},"476":{"start":{"line":1336,"column":8},"end":{"line":1338,"column":null}},"477":{"start":{"line":1342,"column":8},"end":{"line":1344,"column":null}},"478":{"start":{"line":1348,"column":8},"end":{"line":1351,"column":null}},"479":{"start":{"line":1363,"column":8},"end":{"line":1365,"column":null}},"480":{"start":{"line":1369,"column":8},"end":{"line":1371,"column":null}},"481":{"start":{"line":1375,"column":8},"end":{"line":1377,"column":null}},"482":{"start":{"line":1381,"column":8},"end":{"line":1384,"column":null}},"483":{"start":{"line":1396,"column":8},"end":{"line":1398,"column":null}},"484":{"start":{"line":1402,"column":8},"end":{"line":1404,"column":null}},"485":{"start":{"line":1408,"column":8},"end":{"line":1410,"column":null}},"486":{"start":{"line":1414,"column":8},"end":{"line":1417,"column":null}},"487":{"start":{"line":1429,"column":8},"end":{"line":1431,"column":null}},"488":{"start":{"line":1435,"column":8},"end":{"line":1437,"column":null}},"489":{"start":{"line":1441,"column":8},"end":{"line":1443,"column":null}},"490":{"start":{"line":1447,"column":8},"end":{"line":1450,"column":null}},"491":{"start":{"line":1462,"column":8},"end":{"line":1464,"column":null}},"492":{"start":{"line":1468,"column":8},"end":{"line":1470,"column":null}},"493":{"start":{"line":1474,"column":8},"end":{"line":1476,"column":null}},"494":{"start":{"line":1480,"column":8},"end":{"line":1483,"column":null}},"495":{"start":{"line":1496,"column":8},"end":{"line":1498,"column":null}},"496":{"start":{"line":1502,"column":8},"end":{"line":1504,"column":null}},"497":{"start":{"line":1508,"column":8},"end":{"line":1510,"column":null}},"498":{"start":{"line":1514,"column":8},"end":{"line":1517,"column":null}},"499":{"start":{"line":1529,"column":8},"end":{"line":1531,"column":null}},"500":{"start":{"line":1535,"column":8},"end":{"line":1537,"column":null}},"501":{"start":{"line":1541,"column":8},"end":{"line":1543,"column":null}},"502":{"start":{"line":1547,"column":8},"end":{"line":1550,"column":null}},"503":{"start":{"line":1563,"column":8},"end":{"line":1565,"column":null}},"504":{"start":{"line":1569,"column":8},"end":{"line":1571,"column":null}},"505":{"start":{"line":1575,"column":8},"end":{"line":1577,"column":null}},"506":{"start":{"line":1581,"column":8},"end":{"line":1584,"column":null}},"507":{"start":{"line":1597,"column":8},"end":{"line":1599,"column":null}},"508":{"start":{"line":1603,"column":8},"end":{"line":1605,"column":null}},"509":{"start":{"line":1609,"column":8},"end":{"line":1611,"column":null}},"510":{"start":{"line":1623,"column":8},"end":{"line":1625,"column":null}},"511":{"start":{"line":1629,"column":8},"end":{"line":1631,"column":null}},"512":{"start":{"line":1635,"column":8},"end":{"line":1637,"column":null}},"513":{"start":{"line":1649,"column":8},"end":{"line":1651,"column":null}},"514":{"start":{"line":1655,"column":8},"end":{"line":1657,"column":null}},"515":{"start":{"line":1661,"column":8},"end":{"line":1663,"column":null}},"516":{"start":{"line":1667,"column":8},"end":{"line":1670,"column":null}},"517":{"start":{"line":1682,"column":8},"end":{"line":1684,"column":null}},"518":{"start":{"line":1688,"column":8},"end":{"line":1690,"column":null}},"519":{"start":{"line":1694,"column":8},"end":{"line":1696,"column":null}},"520":{"start":{"line":1701,"column":8},"end":{"line":1705,"column":null}},"521":{"start":{"line":1715,"column":8},"end":{"line":1719,"column":null}},"522":{"start":{"line":1723,"column":8},"end":{"line":1733,"column":null}},"523":{"start":{"line":1737,"column":8},"end":{"line":1739,"column":null}},"524":{"start":{"line":1750,"column":8},"end":{"line":1754,"column":null}},"525":{"start":{"line":1758,"column":8},"end":{"line":1770,"column":null}},"526":{"start":{"line":1787,"column":8},"end":{"line":1792,"column":null}},"527":{"start":{"line":1796,"column":8},"end":{"line":1798,"column":null}},"528":{"start":{"line":1814,"column":8},"end":{"line":1819,"column":null}},"529":{"start":{"line":1823,"column":8},"end":{"line":1825,"column":null}},"530":{"start":{"line":1829,"column":8},"end":{"line":1831,"column":null}},"531":{"start":{"line":1850,"column":8},"end":{"line":1852,"column":null}},"532":{"start":{"line":1856,"column":8},"end":{"line":1858,"column":null}},"533":{"start":{"line":1870,"column":8},"end":{"line":1872,"column":null}},"534":{"start":{"line":1876,"column":8},"end":{"line":1878,"column":null}},"535":{"start":{"line":1895,"column":8},"end":{"line":1900,"column":null}},"536":{"start":{"line":1904,"column":8},"end":{"line":1906,"column":null}},"537":{"start":{"line":1924,"column":8},"end":{"line":1926,"column":null}},"538":{"start":{"line":1930,"column":8},"end":{"line":1932,"column":null}},"539":{"start":{"line":1949,"column":8},"end":{"line":1954,"column":null}},"540":{"start":{"line":1958,"column":8},"end":{"line":1960,"column":null}},"541":{"start":{"line":1968,"column":8},"end":{"line":1973,"column":null}},"542":{"start":{"line":1977,"column":8},"end":{"line":1982,"column":null}},"543":{"start":{"line":1997,"column":8},"end":{"line":1999,"column":null}},"544":{"start":{"line":2003,"column":8},"end":{"line":2005,"column":null}},"545":{"start":{"line":2011,"column":8},"end":{"line":2013,"column":null}},"546":{"start":{"line":2018,"column":8},"end":{"line":2023,"column":null}},"547":{"start":{"line":27,"column":13},"end":{"line":2024,"column":null}}},"fnMap":{"0":{"name":"(anonymous_4)","decl":{"start":{"line":28,"column":2},"end":{"line":28,"column":31}},"loc":{"start":{"line":28,"column":52},"end":{"line":28,"column":56}}},"1":{"name":"(anonymous_5)","decl":{"start":{"line":36,"column":10},"end":{"line":36,"column":37}},"loc":{"start":{"line":41,"column":3},"end":{"line":56,"column":3}}},"2":{"name":"(anonymous_6)","decl":{"start":{"line":49,"column":14},"end":{"line":49,"column":15}},"loc":{"start":{"line":49,"column":25},"end":{"line":49,"column":40}}},"3":{"name":"(anonymous_7)","decl":{"start":{"line":50,"column":11},"end":{"line":50,"column":12}},"loc":{"start":{"line":50,"column":24},"end":{"line":50,"column":29}}},"4":{"name":"(anonymous_8)","decl":{"start":{"line":60,"column":2},"end":{"line":60,"column":11}},"loc":{"start":{"line":60,"column":11},"end":{"line":67,"column":3}}},"5":{"name":"(anonymous_9)","decl":{"start":{"line":80,"column":8},"end":{"line":80,"column":17}},"loc":{"start":{"line":80,"column":68},"end":{"line":99,"column":3}}},"6":{"name":"(anonymous_10)","decl":{"start":{"line":111,"column":8},"end":{"line":111,"column":16}},"loc":{"start":{"line":111,"column":40},"end":{"line":115,"column":3}}},"7":{"name":"(anonymous_11)","decl":{"start":{"line":119,"column":8},"end":{"line":119,"column":19}},"loc":{"start":{"line":119,"column":37},"end":{"line":122,"column":3}}},"8":{"name":"(anonymous_12)","decl":{"start":{"line":126,"column":8},"end":{"line":126,"column":19}},"loc":{"start":{"line":126,"column":62},"end":{"line":131,"column":3}}},"9":{"name":"(anonymous_13)","decl":{"start":{"line":141,"column":8},"end":{"line":141,"column":20}},"loc":{"start":{"line":143,"column":70},"end":{"line":158,"column":3}}},"10":{"name":"(anonymous_14)","decl":{"start":{"line":163,"column":8},"end":{"line":163,"column":20}},"loc":{"start":{"line":163,"column":44},"end":{"line":181,"column":3}}},"11":{"name":"(anonymous_15)","decl":{"start":{"line":194,"column":8},"end":{"line":194,"column":17}},"loc":{"start":{"line":194,"column":68},"end":{"line":200,"column":3}}},"12":{"name":"(anonymous_16)","decl":{"start":{"line":212,"column":8},"end":{"line":212,"column":16}},"loc":{"start":{"line":212,"column":40},"end":{"line":219,"column":3}}},"13":{"name":"(anonymous_17)","decl":{"start":{"line":223,"column":8},"end":{"line":223,"column":19}},"loc":{"start":{"line":223,"column":37},"end":{"line":228,"column":3}}},"14":{"name":"(anonymous_18)","decl":{"start":{"line":232,"column":8},"end":{"line":232,"column":19}},"loc":{"start":{"line":232,"column":62},"end":{"line":236,"column":3}}},"15":{"name":"(anonymous_19)","decl":{"start":{"line":241,"column":8},"end":{"line":241,"column":20}},"loc":{"start":{"line":243,"column":70},"end":{"line":257,"column":3}}},"16":{"name":"(anonymous_20)","decl":{"start":{"line":261,"column":8},"end":{"line":261,"column":20}},"loc":{"start":{"line":261,"column":44},"end":{"line":269,"column":3}}},"17":{"name":"(anonymous_21)","decl":{"start":{"line":274,"column":8},"end":{"line":274,"column":27}},"loc":{"start":{"line":276,"column":83},"end":{"line":292,"column":3}}},"18":{"name":"(anonymous_22)","decl":{"start":{"line":296,"column":8},"end":{"line":296,"column":29}},"loc":{"start":{"line":296,"column":80},"end":{"line":298,"column":3}}},"19":{"name":"(anonymous_23)","decl":{"start":{"line":302,"column":8},"end":{"line":302,"column":29}},"loc":{"start":{"line":302,"column":53},"end":{"line":305,"column":3}}},"20":{"name":"(anonymous_24)","decl":{"start":{"line":318,"column":8},"end":{"line":318,"column":26}},"loc":{"start":{"line":318,"column":77},"end":{"line":324,"column":3}}},"21":{"name":"(anonymous_25)","decl":{"start":{"line":336,"column":8},"end":{"line":336,"column":25}},"loc":{"start":{"line":336,"column":49},"end":{"line":343,"column":3}}},"22":{"name":"(anonymous_26)","decl":{"start":{"line":347,"column":8},"end":{"line":347,"column":28}},"loc":{"start":{"line":347,"column":46},"end":{"line":352,"column":3}}},"23":{"name":"(anonymous_27)","decl":{"start":{"line":356,"column":8},"end":{"line":356,"column":28}},"loc":{"start":{"line":356,"column":71},"end":{"line":360,"column":3}}},"24":{"name":"(anonymous_28)","decl":{"start":{"line":364,"column":8},"end":{"line":364,"column":29}},"loc":{"start":{"line":366,"column":70},"end":{"line":380,"column":3}}},"25":{"name":"(anonymous_29)","decl":{"start":{"line":384,"column":8},"end":{"line":384,"column":29}},"loc":{"start":{"line":384,"column":53},"end":{"line":392,"column":3}}},"26":{"name":"(anonymous_30)","decl":{"start":{"line":396,"column":8},"end":{"line":396,"column":31}},"loc":{"start":{"line":398,"column":83},"end":{"line":414,"column":3}}},"27":{"name":"(anonymous_31)","decl":{"start":{"line":418,"column":8},"end":{"line":418,"column":33}},"loc":{"start":{"line":418,"column":93},"end":{"line":420,"column":3}}},"28":{"name":"(anonymous_32)","decl":{"start":{"line":424,"column":8},"end":{"line":424,"column":33}},"loc":{"start":{"line":424,"column":57},"end":{"line":427,"column":3}}},"29":{"name":"(anonymous_33)","decl":{"start":{"line":440,"column":8},"end":{"line":440,"column":18}},"loc":{"start":{"line":440,"column":69},"end":{"line":449,"column":3}}},"30":{"name":"(anonymous_34)","decl":{"start":{"line":461,"column":8},"end":{"line":461,"column":17}},"loc":{"start":{"line":461,"column":41},"end":{"line":471,"column":3}}},"31":{"name":"(anonymous_35)","decl":{"start":{"line":476,"column":8},"end":{"line":476,"column":20}},"loc":{"start":{"line":476,"column":38},"end":{"line":493,"column":3}}},"32":{"name":"(anonymous_36)","decl":{"start":{"line":497,"column":8},"end":{"line":497,"column":20}},"loc":{"start":{"line":497,"column":63},"end":{"line":501,"column":3}}},"33":{"name":"(anonymous_37)","decl":{"start":{"line":505,"column":8},"end":{"line":505,"column":21}},"loc":{"start":{"line":507,"column":70},"end":{"line":521,"column":3}}},"34":{"name":"(anonymous_38)","decl":{"start":{"line":525,"column":8},"end":{"line":525,"column":21}},"loc":{"start":{"line":525,"column":45},"end":{"line":533,"column":3}}},"35":{"name":"(anonymous_39)","decl":{"start":{"line":537,"column":8},"end":{"line":537,"column":28}},"loc":{"start":{"line":539,"column":83},"end":{"line":555,"column":3}}},"36":{"name":"(anonymous_40)","decl":{"start":{"line":560,"column":8},"end":{"line":560,"column":27}},"loc":{"start":{"line":562,"column":83},"end":{"line":579,"column":3}}},"37":{"name":"(anonymous_41)","decl":{"start":{"line":569,"column":59},"end":{"line":569,"column":60}},"loc":{"start":{"line":569,"column":64},"end":{"line":569,"column":79}}},"38":{"name":"(anonymous_42)","decl":{"start":{"line":584,"column":8},"end":{"line":584,"column":27}},"loc":{"start":{"line":586,"column":112},"end":{"line":603,"column":3}}},"39":{"name":"(anonymous_43)","decl":{"start":{"line":607,"column":8},"end":{"line":607,"column":30}},"loc":{"start":{"line":607,"column":82},"end":{"line":609,"column":3}}},"40":{"name":"(anonymous_44)","decl":{"start":{"line":613,"column":8},"end":{"line":613,"column":30}},"loc":{"start":{"line":613,"column":54},"end":{"line":616,"column":3}}},"41":{"name":"(anonymous_45)","decl":{"start":{"line":638,"column":8},"end":{"line":638,"column":16}},"loc":{"start":{"line":638,"column":67},"end":{"line":643,"column":3}}},"42":{"name":"(anonymous_46)","decl":{"start":{"line":647,"column":8},"end":{"line":647,"column":18}},"loc":{"start":{"line":647,"column":36},"end":{"line":652,"column":3}}},"43":{"name":"(anonymous_47)","decl":{"start":{"line":656,"column":8},"end":{"line":656,"column":18}},"loc":{"start":{"line":656,"column":61},"end":{"line":660,"column":3}}},"44":{"name":"(anonymous_48)","decl":{"start":{"line":664,"column":8},"end":{"line":664,"column":19}},"loc":{"start":{"line":666,"column":70},"end":{"line":680,"column":3}}},"45":{"name":"(anonymous_49)","decl":{"start":{"line":684,"column":8},"end":{"line":684,"column":19}},"loc":{"start":{"line":684,"column":43},"end":{"line":692,"column":3}}},"46":{"name":"(anonymous_50)","decl":{"start":{"line":697,"column":8},"end":{"line":697,"column":26}},"loc":{"start":{"line":699,"column":83},"end":{"line":715,"column":3}}},"47":{"name":"(anonymous_51)","decl":{"start":{"line":728,"column":8},"end":{"line":728,"column":26}},"loc":{"start":{"line":728,"column":26},"end":{"line":733,"column":3}}},"48":{"name":"(anonymous_52)","decl":{"start":{"line":737,"column":8},"end":{"line":737,"column":28}},"loc":{"start":{"line":737,"column":118},"end":{"line":742,"column":3}}},"49":{"name":"(anonymous_53)","decl":{"start":{"line":746,"column":8},"end":{"line":746,"column":28}},"loc":{"start":{"line":746,"column":52},"end":{"line":749,"column":3}}},"50":{"name":"(anonymous_54)","decl":{"start":{"line":762,"column":8},"end":{"line":762,"column":29}},"loc":{"start":{"line":762,"column":80},"end":{"line":768,"column":3}}},"51":{"name":"(anonymous_55)","decl":{"start":{"line":780,"column":8},"end":{"line":780,"column":28}},"loc":{"start":{"line":780,"column":52},"end":{"line":787,"column":3}}},"52":{"name":"(anonymous_56)","decl":{"start":{"line":791,"column":8},"end":{"line":791,"column":31}},"loc":{"start":{"line":791,"column":49},"end":{"line":799,"column":3}}},"53":{"name":"(anonymous_57)","decl":{"start":{"line":803,"column":8},"end":{"line":803,"column":31}},"loc":{"start":{"line":803,"column":74},"end":{"line":807,"column":3}}},"54":{"name":"(anonymous_58)","decl":{"start":{"line":811,"column":8},"end":{"line":811,"column":32}},"loc":{"start":{"line":813,"column":70},"end":{"line":827,"column":3}}},"55":{"name":"(anonymous_59)","decl":{"start":{"line":831,"column":8},"end":{"line":831,"column":32}},"loc":{"start":{"line":831,"column":56},"end":{"line":839,"column":3}}},"56":{"name":"(anonymous_60)","decl":{"start":{"line":844,"column":8},"end":{"line":844,"column":31}},"loc":{"start":{"line":845,"column":117},"end":{"line":851,"column":3}}},"57":{"name":"(anonymous_61)","decl":{"start":{"line":855,"column":8},"end":{"line":855,"column":31}},"loc":{"start":{"line":855,"column":55},"end":{"line":858,"column":3}}},"58":{"name":"(anonymous_62)","decl":{"start":{"line":870,"column":8},"end":{"line":870,"column":31}},"loc":{"start":{"line":872,"column":94},"end":{"line":923,"column":3}}},"59":{"name":"(anonymous_63)","decl":{"start":{"line":894,"column":67},"end":{"line":894,"column":68}},"loc":{"start":{"line":895,"column":6},"end":{"line":895,"column":70}}},"60":{"name":"(anonymous_64)","decl":{"start":{"line":901,"column":21},"end":{"line":901,"column":22}},"loc":{"start":{"line":901,"column":26},"end":{"line":901,"column":38}}},"61":{"name":"(anonymous_65)","decl":{"start":{"line":902,"column":21},"end":{"line":902,"column":22}},"loc":{"start":{"line":902,"column":26},"end":{"line":902,"column":38}}},"62":{"name":"(anonymous_66)","decl":{"start":{"line":936,"column":8},"end":{"line":936,"column":32}},"loc":{"start":{"line":936,"column":83},"end":{"line":941,"column":3}}},"63":{"name":"(anonymous_67)","decl":{"start":{"line":945,"column":8},"end":{"line":945,"column":34}},"loc":{"start":{"line":945,"column":52},"end":{"line":950,"column":3}}},"64":{"name":"(anonymous_68)","decl":{"start":{"line":954,"column":8},"end":{"line":954,"column":34}},"loc":{"start":{"line":954,"column":77},"end":{"line":958,"column":3}}},"65":{"name":"(anonymous_69)","decl":{"start":{"line":962,"column":8},"end":{"line":962,"column":35}},"loc":{"start":{"line":964,"column":70},"end":{"line":978,"column":3}}},"66":{"name":"(anonymous_70)","decl":{"start":{"line":982,"column":8},"end":{"line":982,"column":35}},"loc":{"start":{"line":982,"column":59},"end":{"line":990,"column":3}}},"67":{"name":"(anonymous_71)","decl":{"start":{"line":1002,"column":8},"end":{"line":1002,"column":31}},"loc":{"start":{"line":1002,"column":31},"end":{"line":1007,"column":3}}},"68":{"name":"(anonymous_72)","decl":{"start":{"line":1012,"column":8},"end":{"line":1012,"column":32}},"loc":{"start":{"line":1013,"column":115},"end":{"line":1034,"column":3}}},"69":{"name":"(anonymous_73)","decl":{"start":{"line":1039,"column":8},"end":{"line":1039,"column":32}},"loc":{"start":{"line":1041,"column":62},"end":{"line":1055,"column":3}}},"70":{"name":"(anonymous_74)","decl":{"start":{"line":1060,"column":8},"end":{"line":1060,"column":33}},"loc":{"start":{"line":1062,"column":65},"end":{"line":1074,"column":3}}},"71":{"name":"(anonymous_75)","decl":{"start":{"line":1079,"column":8},"end":{"line":1079,"column":32}},"loc":{"start":{"line":1081,"column":99},"end":{"line":1097,"column":3}}},"72":{"name":"(anonymous_76)","decl":{"start":{"line":1110,"column":8},"end":{"line":1110,"column":26}},"loc":{"start":{"line":1110,"column":26},"end":{"line":1112,"column":3}}},"73":{"name":"(anonymous_77)","decl":{"start":{"line":1124,"column":8},"end":{"line":1124,"column":25}},"loc":{"start":{"line":1124,"column":49},"end":{"line":1128,"column":3}}},"74":{"name":"(anonymous_78)","decl":{"start":{"line":1132,"column":8},"end":{"line":1132,"column":28}},"loc":{"start":{"line":1132,"column":46},"end":{"line":1134,"column":3}}},"75":{"name":"(anonymous_79)","decl":{"start":{"line":1138,"column":8},"end":{"line":1138,"column":28}},"loc":{"start":{"line":1138,"column":71},"end":{"line":1140,"column":3}}},"76":{"name":"(anonymous_80)","decl":{"start":{"line":1144,"column":8},"end":{"line":1144,"column":28}},"loc":{"start":{"line":1144,"column":52},"end":{"line":1147,"column":3}}},"77":{"name":"(anonymous_81)","decl":{"start":{"line":1152,"column":8},"end":{"line":1152,"column":31}},"loc":{"start":{"line":1152,"column":31},"end":{"line":1154,"column":3}}},"78":{"name":"(anonymous_82)","decl":{"start":{"line":1158,"column":8},"end":{"line":1158,"column":33}},"loc":{"start":{"line":1158,"column":51},"end":{"line":1160,"column":3}}},"79":{"name":"(anonymous_83)","decl":{"start":{"line":1164,"column":8},"end":{"line":1164,"column":33}},"loc":{"start":{"line":1164,"column":76},"end":{"line":1166,"column":3}}},"80":{"name":"(anonymous_84)","decl":{"start":{"line":1170,"column":8},"end":{"line":1170,"column":33}},"loc":{"start":{"line":1170,"column":33},"end":{"line":1172,"column":3}}},"81":{"name":"(anonymous_85)","decl":{"start":{"line":1176,"column":8},"end":{"line":1176,"column":35}},"loc":{"start":{"line":1176,"column":53},"end":{"line":1178,"column":3}}},"82":{"name":"(anonymous_86)","decl":{"start":{"line":1191,"column":8},"end":{"line":1191,"column":26}},"loc":{"start":{"line":1191,"column":26},"end":{"line":1196,"column":3}}},"83":{"name":"(anonymous_87)","decl":{"start":{"line":1200,"column":8},"end":{"line":1200,"column":28}},"loc":{"start":{"line":1200,"column":46},"end":{"line":1202,"column":3}}},"84":{"name":"(anonymous_88)","decl":{"start":{"line":1206,"column":8},"end":{"line":1206,"column":28}},"loc":{"start":{"line":1206,"column":71},"end":{"line":1208,"column":3}}},"85":{"name":"(anonymous_89)","decl":{"start":{"line":1212,"column":8},"end":{"line":1212,"column":28}},"loc":{"start":{"line":1212,"column":52},"end":{"line":1215,"column":3}}},"86":{"name":"(anonymous_90)","decl":{"start":{"line":1227,"column":8},"end":{"line":1227,"column":33}},"loc":{"start":{"line":1227,"column":33},"end":{"line":1229,"column":3}}},"87":{"name":"(anonymous_91)","decl":{"start":{"line":1233,"column":8},"end":{"line":1233,"column":35}},"loc":{"start":{"line":1233,"column":53},"end":{"line":1235,"column":3}}},"88":{"name":"(anonymous_92)","decl":{"start":{"line":1239,"column":8},"end":{"line":1239,"column":35}},"loc":{"start":{"line":1239,"column":78},"end":{"line":1241,"column":3}}},"89":{"name":"(anonymous_93)","decl":{"start":{"line":1245,"column":8},"end":{"line":1245,"column":35}},"loc":{"start":{"line":1245,"column":59},"end":{"line":1248,"column":3}}},"90":{"name":"(anonymous_94)","decl":{"start":{"line":1260,"column":8},"end":{"line":1260,"column":23}},"loc":{"start":{"line":1260,"column":23},"end":{"line":1262,"column":3}}},"91":{"name":"(anonymous_95)","decl":{"start":{"line":1266,"column":8},"end":{"line":1266,"column":25}},"loc":{"start":{"line":1266,"column":43},"end":{"line":1268,"column":3}}},"92":{"name":"(anonymous_96)","decl":{"start":{"line":1272,"column":8},"end":{"line":1272,"column":25}},"loc":{"start":{"line":1272,"column":68},"end":{"line":1274,"column":3}}},"93":{"name":"(anonymous_97)","decl":{"start":{"line":1278,"column":8},"end":{"line":1278,"column":25}},"loc":{"start":{"line":1278,"column":49},"end":{"line":1281,"column":3}}},"94":{"name":"(anonymous_98)","decl":{"start":{"line":1293,"column":8},"end":{"line":1293,"column":27}},"loc":{"start":{"line":1293,"column":27},"end":{"line":1295,"column":3}}},"95":{"name":"(anonymous_99)","decl":{"start":{"line":1299,"column":8},"end":{"line":1299,"column":29}},"loc":{"start":{"line":1299,"column":47},"end":{"line":1301,"column":3}}},"96":{"name":"(anonymous_100)","decl":{"start":{"line":1305,"column":8},"end":{"line":1305,"column":29}},"loc":{"start":{"line":1305,"column":72},"end":{"line":1307,"column":3}}},"97":{"name":"(anonymous_101)","decl":{"start":{"line":1311,"column":8},"end":{"line":1311,"column":29}},"loc":{"start":{"line":1311,"column":53},"end":{"line":1314,"column":3}}},"98":{"name":"(anonymous_102)","decl":{"start":{"line":1327,"column":8},"end":{"line":1327,"column":28}},"loc":{"start":{"line":1327,"column":28},"end":{"line":1332,"column":3}}},"99":{"name":"(anonymous_103)","decl":{"start":{"line":1336,"column":8},"end":{"line":1336,"column":30}},"loc":{"start":{"line":1336,"column":48},"end":{"line":1338,"column":3}}},"100":{"name":"(anonymous_104)","decl":{"start":{"line":1342,"column":8},"end":{"line":1342,"column":30}},"loc":{"start":{"line":1342,"column":73},"end":{"line":1344,"column":3}}},"101":{"name":"(anonymous_105)","decl":{"start":{"line":1348,"column":8},"end":{"line":1348,"column":30}},"loc":{"start":{"line":1348,"column":54},"end":{"line":1351,"column":3}}},"102":{"name":"(anonymous_106)","decl":{"start":{"line":1363,"column":8},"end":{"line":1363,"column":33}},"loc":{"start":{"line":1363,"column":33},"end":{"line":1365,"column":3}}},"103":{"name":"(anonymous_107)","decl":{"start":{"line":1369,"column":8},"end":{"line":1369,"column":35}},"loc":{"start":{"line":1369,"column":53},"end":{"line":1371,"column":3}}},"104":{"name":"(anonymous_108)","decl":{"start":{"line":1375,"column":8},"end":{"line":1375,"column":35}},"loc":{"start":{"line":1375,"column":78},"end":{"line":1377,"column":3}}},"105":{"name":"(anonymous_109)","decl":{"start":{"line":1381,"column":8},"end":{"line":1381,"column":35}},"loc":{"start":{"line":1381,"column":59},"end":{"line":1384,"column":3}}},"106":{"name":"(anonymous_110)","decl":{"start":{"line":1396,"column":8},"end":{"line":1396,"column":22}},"loc":{"start":{"line":1396,"column":22},"end":{"line":1398,"column":3}}},"107":{"name":"(anonymous_111)","decl":{"start":{"line":1402,"column":8},"end":{"line":1402,"column":24}},"loc":{"start":{"line":1402,"column":42},"end":{"line":1404,"column":3}}},"108":{"name":"(anonymous_112)","decl":{"start":{"line":1408,"column":8},"end":{"line":1408,"column":24}},"loc":{"start":{"line":1408,"column":67},"end":{"line":1410,"column":3}}},"109":{"name":"(anonymous_113)","decl":{"start":{"line":1414,"column":8},"end":{"line":1414,"column":24}},"loc":{"start":{"line":1414,"column":48},"end":{"line":1417,"column":3}}},"110":{"name":"(anonymous_114)","decl":{"start":{"line":1429,"column":8},"end":{"line":1429,"column":29}},"loc":{"start":{"line":1429,"column":29},"end":{"line":1431,"column":3}}},"111":{"name":"(anonymous_115)","decl":{"start":{"line":1435,"column":8},"end":{"line":1435,"column":31}},"loc":{"start":{"line":1435,"column":49},"end":{"line":1437,"column":3}}},"112":{"name":"(anonymous_116)","decl":{"start":{"line":1441,"column":8},"end":{"line":1441,"column":31}},"loc":{"start":{"line":1441,"column":74},"end":{"line":1443,"column":3}}},"113":{"name":"(anonymous_117)","decl":{"start":{"line":1447,"column":8},"end":{"line":1447,"column":31}},"loc":{"start":{"line":1447,"column":55},"end":{"line":1450,"column":3}}},"114":{"name":"(anonymous_118)","decl":{"start":{"line":1462,"column":8},"end":{"line":1462,"column":37}},"loc":{"start":{"line":1462,"column":37},"end":{"line":1464,"column":3}}},"115":{"name":"(anonymous_119)","decl":{"start":{"line":1468,"column":8},"end":{"line":1468,"column":39}},"loc":{"start":{"line":1468,"column":57},"end":{"line":1470,"column":3}}},"116":{"name":"(anonymous_120)","decl":{"start":{"line":1474,"column":8},"end":{"line":1474,"column":39}},"loc":{"start":{"line":1474,"column":82},"end":{"line":1476,"column":3}}},"117":{"name":"(anonymous_121)","decl":{"start":{"line":1480,"column":8},"end":{"line":1480,"column":39}},"loc":{"start":{"line":1480,"column":63},"end":{"line":1483,"column":3}}},"118":{"name":"(anonymous_122)","decl":{"start":{"line":1496,"column":8},"end":{"line":1496,"column":29}},"loc":{"start":{"line":1496,"column":29},"end":{"line":1498,"column":3}}},"119":{"name":"(anonymous_123)","decl":{"start":{"line":1502,"column":8},"end":{"line":1502,"column":30}},"loc":{"start":{"line":1502,"column":48},"end":{"line":1504,"column":3}}},"120":{"name":"(anonymous_124)","decl":{"start":{"line":1508,"column":8},"end":{"line":1508,"column":30}},"loc":{"start":{"line":1508,"column":73},"end":{"line":1510,"column":3}}},"121":{"name":"(anonymous_125)","decl":{"start":{"line":1514,"column":8},"end":{"line":1514,"column":30}},"loc":{"start":{"line":1514,"column":54},"end":{"line":1517,"column":3}}},"122":{"name":"(anonymous_126)","decl":{"start":{"line":1529,"column":8},"end":{"line":1529,"column":29}},"loc":{"start":{"line":1529,"column":29},"end":{"line":1531,"column":3}}},"123":{"name":"(anonymous_127)","decl":{"start":{"line":1535,"column":8},"end":{"line":1535,"column":31}},"loc":{"start":{"line":1535,"column":49},"end":{"line":1537,"column":3}}},"124":{"name":"(anonymous_128)","decl":{"start":{"line":1541,"column":8},"end":{"line":1541,"column":31}},"loc":{"start":{"line":1541,"column":74},"end":{"line":1543,"column":3}}},"125":{"name":"(anonymous_129)","decl":{"start":{"line":1547,"column":8},"end":{"line":1547,"column":31}},"loc":{"start":{"line":1547,"column":55},"end":{"line":1550,"column":3}}},"126":{"name":"(anonymous_130)","decl":{"start":{"line":1563,"column":8},"end":{"line":1563,"column":29}},"loc":{"start":{"line":1563,"column":29},"end":{"line":1565,"column":3}}},"127":{"name":"(anonymous_131)","decl":{"start":{"line":1569,"column":8},"end":{"line":1569,"column":31}},"loc":{"start":{"line":1569,"column":49},"end":{"line":1571,"column":3}}},"128":{"name":"(anonymous_132)","decl":{"start":{"line":1575,"column":8},"end":{"line":1575,"column":31}},"loc":{"start":{"line":1575,"column":74},"end":{"line":1577,"column":3}}},"129":{"name":"(anonymous_133)","decl":{"start":{"line":1581,"column":8},"end":{"line":1581,"column":31}},"loc":{"start":{"line":1581,"column":55},"end":{"line":1584,"column":3}}},"130":{"name":"(anonymous_134)","decl":{"start":{"line":1597,"column":8},"end":{"line":1597,"column":31}},"loc":{"start":{"line":1597,"column":31},"end":{"line":1599,"column":3}}},"131":{"name":"(anonymous_135)","decl":{"start":{"line":1603,"column":8},"end":{"line":1603,"column":33}},"loc":{"start":{"line":1603,"column":51},"end":{"line":1605,"column":3}}},"132":{"name":"(anonymous_136)","decl":{"start":{"line":1609,"column":8},"end":{"line":1609,"column":33}},"loc":{"start":{"line":1609,"column":76},"end":{"line":1611,"column":3}}},"133":{"name":"(anonymous_137)","decl":{"start":{"line":1623,"column":8},"end":{"line":1623,"column":23}},"loc":{"start":{"line":1623,"column":23},"end":{"line":1625,"column":3}}},"134":{"name":"(anonymous_138)","decl":{"start":{"line":1629,"column":8},"end":{"line":1629,"column":25}},"loc":{"start":{"line":1629,"column":43},"end":{"line":1631,"column":3}}},"135":{"name":"(anonymous_139)","decl":{"start":{"line":1635,"column":8},"end":{"line":1635,"column":25}},"loc":{"start":{"line":1635,"column":68},"end":{"line":1637,"column":3}}},"136":{"name":"(anonymous_140)","decl":{"start":{"line":1649,"column":8},"end":{"line":1649,"column":22}},"loc":{"start":{"line":1649,"column":22},"end":{"line":1651,"column":3}}},"137":{"name":"(anonymous_141)","decl":{"start":{"line":1655,"column":8},"end":{"line":1655,"column":24}},"loc":{"start":{"line":1655,"column":42},"end":{"line":1657,"column":3}}},"138":{"name":"(anonymous_142)","decl":{"start":{"line":1661,"column":8},"end":{"line":1661,"column":24}},"loc":{"start":{"line":1661,"column":67},"end":{"line":1663,"column":3}}},"139":{"name":"(anonymous_143)","decl":{"start":{"line":1667,"column":8},"end":{"line":1667,"column":24}},"loc":{"start":{"line":1667,"column":48},"end":{"line":1670,"column":3}}},"140":{"name":"(anonymous_144)","decl":{"start":{"line":1682,"column":8},"end":{"line":1682,"column":29}},"loc":{"start":{"line":1682,"column":29},"end":{"line":1684,"column":3}}},"141":{"name":"(anonymous_145)","decl":{"start":{"line":1688,"column":8},"end":{"line":1688,"column":31}},"loc":{"start":{"line":1688,"column":49},"end":{"line":1690,"column":3}}},"142":{"name":"(anonymous_146)","decl":{"start":{"line":1694,"column":8},"end":{"line":1694,"column":31}},"loc":{"start":{"line":1694,"column":74},"end":{"line":1696,"column":3}}},"143":{"name":"(anonymous_147)","decl":{"start":{"line":1701,"column":8},"end":{"line":1701,"column":17}},"loc":{"start":{"line":1701,"column":17},"end":{"line":1705,"column":3}}},"144":{"name":"(anonymous_148)","decl":{"start":{"line":1715,"column":8},"end":{"line":1715,"column":27}},"loc":{"start":{"line":1715,"column":27},"end":{"line":1719,"column":3}}},"145":{"name":"(anonymous_149)","decl":{"start":{"line":1723,"column":8},"end":{"line":1723,"column":22}},"loc":{"start":{"line":1723,"column":40},"end":{"line":1733,"column":3}}},"146":{"name":"(anonymous_150)","decl":{"start":{"line":1737,"column":8},"end":{"line":1737,"column":29}},"loc":{"start":{"line":1737,"column":72},"end":{"line":1739,"column":3}}},"147":{"name":"(anonymous_151)","decl":{"start":{"line":1750,"column":8},"end":{"line":1750,"column":28}},"loc":{"start":{"line":1750,"column":28},"end":{"line":1754,"column":3}}},"148":{"name":"(anonymous_152)","decl":{"start":{"line":1758,"column":8},"end":{"line":1758,"column":30}},"loc":{"start":{"line":1758,"column":48},"end":{"line":1770,"column":3}}},"149":{"name":"(anonymous_153)","decl":{"start":{"line":1787,"column":8},"end":{"line":1787,"column":20}},"loc":{"start":{"line":1787,"column":55},"end":{"line":1792,"column":3}}},"150":{"name":"(anonymous_154)","decl":{"start":{"line":1796,"column":8},"end":{"line":1796,"column":22}},"loc":{"start":{"line":1796,"column":40},"end":{"line":1798,"column":3}}},"151":{"name":"(anonymous_155)","decl":{"start":{"line":1814,"column":8},"end":{"line":1814,"column":26}},"loc":{"start":{"line":1814,"column":61},"end":{"line":1819,"column":3}}},"152":{"name":"(anonymous_156)","decl":{"start":{"line":1823,"column":8},"end":{"line":1823,"column":29}},"loc":{"start":{"line":1823,"column":47},"end":{"line":1825,"column":3}}},"153":{"name":"(anonymous_157)","decl":{"start":{"line":1829,"column":8},"end":{"line":1829,"column":29}},"loc":{"start":{"line":1829,"column":72},"end":{"line":1831,"column":3}}},"154":{"name":"(anonymous_158)","decl":{"start":{"line":1850,"column":8},"end":{"line":1850,"column":43}},"loc":{"start":{"line":1850,"column":43},"end":{"line":1852,"column":3}}},"155":{"name":"(anonymous_159)","decl":{"start":{"line":1856,"column":8},"end":{"line":1856,"column":45}},"loc":{"start":{"line":1856,"column":63},"end":{"line":1858,"column":3}}},"156":{"name":"(anonymous_160)","decl":{"start":{"line":1870,"column":8},"end":{"line":1870,"column":38}},"loc":{"start":{"line":1870,"column":38},"end":{"line":1872,"column":3}}},"157":{"name":"(anonymous_161)","decl":{"start":{"line":1876,"column":8},"end":{"line":1876,"column":40}},"loc":{"start":{"line":1876,"column":58},"end":{"line":1878,"column":3}}},"158":{"name":"(anonymous_162)","decl":{"start":{"line":1895,"column":8},"end":{"line":1895,"column":38}},"loc":{"start":{"line":1895,"column":73},"end":{"line":1900,"column":3}}},"159":{"name":"(anonymous_163)","decl":{"start":{"line":1904,"column":8},"end":{"line":1904,"column":40}},"loc":{"start":{"line":1904,"column":58},"end":{"line":1906,"column":3}}},"160":{"name":"(anonymous_164)","decl":{"start":{"line":1924,"column":8},"end":{"line":1924,"column":33}},"loc":{"start":{"line":1924,"column":33},"end":{"line":1926,"column":3}}},"161":{"name":"(anonymous_165)","decl":{"start":{"line":1930,"column":8},"end":{"line":1930,"column":35}},"loc":{"start":{"line":1930,"column":53},"end":{"line":1932,"column":3}}},"162":{"name":"(anonymous_166)","decl":{"start":{"line":1949,"column":8},"end":{"line":1949,"column":31}},"loc":{"start":{"line":1949,"column":31},"end":{"line":1954,"column":3}}},"163":{"name":"(anonymous_167)","decl":{"start":{"line":1958,"column":8},"end":{"line":1958,"column":33}},"loc":{"start":{"line":1958,"column":51},"end":{"line":1960,"column":3}}},"164":{"name":"(anonymous_168)","decl":{"start":{"line":1968,"column":8},"end":{"line":1968,"column":35}},"loc":{"start":{"line":1968,"column":100},"end":{"line":1973,"column":3}}},"165":{"name":"(anonymous_169)","decl":{"start":{"line":1977,"column":8},"end":{"line":1977,"column":32}},"loc":{"start":{"line":1977,"column":121},"end":{"line":1982,"column":3}}},"166":{"name":"(anonymous_170)","decl":{"start":{"line":1997,"column":8},"end":{"line":1997,"column":32}},"loc":{"start":{"line":1997,"column":32},"end":{"line":1999,"column":3}}},"167":{"name":"(anonymous_171)","decl":{"start":{"line":2003,"column":8},"end":{"line":2003,"column":34}},"loc":{"start":{"line":2003,"column":52},"end":{"line":2005,"column":3}}},"168":{"name":"(anonymous_172)","decl":{"start":{"line":2011,"column":8},"end":{"line":2011,"column":16}},"loc":{"start":{"line":2011,"column":16},"end":{"line":2013,"column":3}}},"169":{"name":"(anonymous_173)","decl":{"start":{"line":2018,"column":8},"end":{"line":2018,"column":20}},"loc":{"start":{"line":2018,"column":20},"end":{"line":2023,"column":3}}}},"branchMap":{"0":{"loc":{"start":{"line":49,"column":25},"end":{"line":49,"column":40}},"type":"binary-expr","locations":[{"start":{"line":49,"column":25},"end":{"line":49,"column":27}},{"start":{"line":49,"column":31},"end":{"line":49,"column":40}}]},"1":{"loc":{"start":{"line":51,"column":4},"end":{"line":55,"column":5}},"type":"if","locations":[{"start":{"line":51,"column":4},"end":{"line":55,"column":5}},{"start":{},"end":{}}]},"2":{"loc":{"start":{"line":82,"column":13},"end":{"line":82,"column":75}},"type":"cond-expr","locations":[{"start":{"line":82,"column":42},"end":{"line":82,"column":51}},{"start":{"line":82,"column":54},"end":{"line":82,"column":75}}]},"3":{"loc":{"start":{"line":113,"column":4},"end":{"line":113,"column":69}},"type":"if","locations":[{"start":{"line":113,"column":4},"end":{"line":113,"column":69}},{"start":{},"end":{}}]},"4":{"loc":{"start":{"line":128,"column":4},"end":{"line":128,"column":72}},"type":"if","locations":[{"start":{"line":128,"column":4},"end":{"line":128,"column":72}},{"start":{},"end":{}}]},"5":{"loc":{"start":{"line":143,"column":12},"end":{"line":143,"column":70}},"type":"default-arg","locations":[{"start":{"line":143,"column":68},"end":{"line":143,"column":70}}]},"6":{"loc":{"start":{"line":146,"column":4},"end":{"line":146,"column":72}},"type":"if","locations":[{"start":{"line":146,"column":4},"end":{"line":146,"column":72}},{"start":{},"end":{}}]},"7":{"loc":{"start":{"line":153,"column":20},"end":{"line":153,"column":44}},"type":"binary-expr","locations":[{"start":{"line":153,"column":20},"end":{"line":153,"column":36}},{"start":{"line":153,"column":40},"end":{"line":153,"column":44}}]},"8":{"loc":{"start":{"line":154,"column":23},"end":{"line":154,"column":50}},"type":"binary-expr","locations":[{"start":{"line":154,"column":23},"end":{"line":154,"column":42}},{"start":{"line":154,"column":46},"end":{"line":154,"column":50}}]},"9":{"loc":{"start":{"line":165,"column":4},"end":{"line":165,"column":72}},"type":"if","locations":[{"start":{"line":165,"column":4},"end":{"line":165,"column":72}},{"start":{},"end":{}}]},"10":{"loc":{"start":{"line":167,"column":6},"end":{"line":169,"column":17}},"type":"cond-expr","locations":[{"start":{"line":168,"column":10},"end":{"line":168,"column":22}},{"start":{"line":169,"column":10},"end":{"line":169,"column":17}}]},"11":{"loc":{"start":{"line":167,"column":6},"end":{"line":167,"column":92}},"type":"binary-expr","locations":[{"start":{"line":167,"column":6},"end":{"line":167,"column":47}},{"start":{"line":167,"column":51},"end":{"line":167,"column":92}}]},"12":{"loc":{"start":{"line":196,"column":13},"end":{"line":196,"column":75}},"type":"cond-expr","locations":[{"start":{"line":196,"column":42},"end":{"line":196,"column":51}},{"start":{"line":196,"column":54},"end":{"line":196,"column":75}}]},"13":{"loc":{"start":{"line":217,"column":4},"end":{"line":217,"column":69}},"type":"if","locations":[{"start":{"line":217,"column":4},"end":{"line":217,"column":69}},{"start":{},"end":{}}]},"14":{"loc":{"start":{"line":224,"column":4},"end":{"line":226,"column":5}},"type":"if","locations":[{"start":{"line":224,"column":4},"end":{"line":226,"column":5}},{"start":{},"end":{}}]},"15":{"loc":{"start":{"line":224,"column":8},"end":{"line":224,"column":50}},"type":"binary-expr","locations":[{"start":{"line":224,"column":8},"end":{"line":224,"column":30}},{"start":{"line":224,"column":34},"end":{"line":224,"column":50}}]},"16":{"loc":{"start":{"line":234,"column":4},"end":{"line":234,"column":72}},"type":"if","locations":[{"start":{"line":234,"column":4},"end":{"line":234,"column":72}},{"start":{},"end":{}}]},"17":{"loc":{"start":{"line":243,"column":12},"end":{"line":243,"column":70}},"type":"default-arg","locations":[{"start":{"line":243,"column":68},"end":{"line":243,"column":70}}]},"18":{"loc":{"start":{"line":246,"column":4},"end":{"line":246,"column":72}},"type":"if","locations":[{"start":{"line":246,"column":4},"end":{"line":246,"column":72}},{"start":{},"end":{}}]},"19":{"loc":{"start":{"line":252,"column":20},"end":{"line":252,"column":44}},"type":"binary-expr","locations":[{"start":{"line":252,"column":20},"end":{"line":252,"column":36}},{"start":{"line":252,"column":40},"end":{"line":252,"column":44}}]},"20":{"loc":{"start":{"line":253,"column":23},"end":{"line":253,"column":50}},"type":"binary-expr","locations":[{"start":{"line":253,"column":23},"end":{"line":253,"column":42}},{"start":{"line":253,"column":46},"end":{"line":253,"column":50}}]},"21":{"loc":{"start":{"line":263,"column":4},"end":{"line":263,"column":72}},"type":"if","locations":[{"start":{"line":263,"column":4},"end":{"line":263,"column":72}},{"start":{},"end":{}}]},"22":{"loc":{"start":{"line":279,"column":4},"end":{"line":279,"column":72}},"type":"if","locations":[{"start":{"line":279,"column":4},"end":{"line":279,"column":72}},{"start":{},"end":{}}]},"23":{"loc":{"start":{"line":280,"column":4},"end":{"line":282,"column":5}},"type":"if","locations":[{"start":{"line":280,"column":4},"end":{"line":282,"column":5}},{"start":{},"end":{}}]},"24":{"loc":{"start":{"line":280,"column":8},"end":{"line":280,"column":50}},"type":"binary-expr","locations":[{"start":{"line":280,"column":8},"end":{"line":280,"column":27}},{"start":{"line":280,"column":31},"end":{"line":280,"column":50}}]},"25":{"loc":{"start":{"line":320,"column":13},"end":{"line":320,"column":75}},"type":"cond-expr","locations":[{"start":{"line":320,"column":42},"end":{"line":320,"column":51}},{"start":{"line":320,"column":54},"end":{"line":320,"column":75}}]},"26":{"loc":{"start":{"line":341,"column":4},"end":{"line":341,"column":80}},"type":"if","locations":[{"start":{"line":341,"column":4},"end":{"line":341,"column":80}},{"start":{},"end":{}}]},"27":{"loc":{"start":{"line":348,"column":4},"end":{"line":350,"column":5}},"type":"if","locations":[{"start":{"line":348,"column":4},"end":{"line":350,"column":5}},{"start":{},"end":{}}]},"28":{"loc":{"start":{"line":348,"column":8},"end":{"line":348,"column":54}},"type":"binary-expr","locations":[{"start":{"line":348,"column":8},"end":{"line":348,"column":30}},{"start":{"line":348,"column":34},"end":{"line":348,"column":54}}]},"29":{"loc":{"start":{"line":358,"column":4},"end":{"line":358,"column":82}},"type":"if","locations":[{"start":{"line":358,"column":4},"end":{"line":358,"column":82}},{"start":{},"end":{}}]},"30":{"loc":{"start":{"line":366,"column":12},"end":{"line":366,"column":70}},"type":"default-arg","locations":[{"start":{"line":366,"column":68},"end":{"line":366,"column":70}}]},"31":{"loc":{"start":{"line":369,"column":4},"end":{"line":369,"column":82}},"type":"if","locations":[{"start":{"line":369,"column":4},"end":{"line":369,"column":82}},{"start":{},"end":{}}]},"32":{"loc":{"start":{"line":375,"column":20},"end":{"line":375,"column":44}},"type":"binary-expr","locations":[{"start":{"line":375,"column":20},"end":{"line":375,"column":36}},{"start":{"line":375,"column":40},"end":{"line":375,"column":44}}]},"33":{"loc":{"start":{"line":376,"column":23},"end":{"line":376,"column":50}},"type":"binary-expr","locations":[{"start":{"line":376,"column":23},"end":{"line":376,"column":42}},{"start":{"line":376,"column":46},"end":{"line":376,"column":50}}]},"34":{"loc":{"start":{"line":386,"column":4},"end":{"line":386,"column":82}},"type":"if","locations":[{"start":{"line":386,"column":4},"end":{"line":386,"column":82}},{"start":{},"end":{}}]},"35":{"loc":{"start":{"line":401,"column":4},"end":{"line":401,"column":82}},"type":"if","locations":[{"start":{"line":401,"column":4},"end":{"line":401,"column":82}},{"start":{},"end":{}}]},"36":{"loc":{"start":{"line":402,"column":4},"end":{"line":404,"column":5}},"type":"if","locations":[{"start":{"line":402,"column":4},"end":{"line":404,"column":5}},{"start":{},"end":{}}]},"37":{"loc":{"start":{"line":402,"column":8},"end":{"line":402,"column":50}},"type":"binary-expr","locations":[{"start":{"line":402,"column":8},"end":{"line":402,"column":27}},{"start":{"line":402,"column":31},"end":{"line":402,"column":50}}]},"38":{"loc":{"start":{"line":442,"column":13},"end":{"line":442,"column":75}},"type":"cond-expr","locations":[{"start":{"line":442,"column":42},"end":{"line":442,"column":51}},{"start":{"line":442,"column":54},"end":{"line":442,"column":75}}]},"39":{"loc":{"start":{"line":469,"column":4},"end":{"line":469,"column":71}},"type":"if","locations":[{"start":{"line":469,"column":4},"end":{"line":469,"column":71}},{"start":{},"end":{}}]},"40":{"loc":{"start":{"line":477,"column":4},"end":{"line":479,"column":5}},"type":"if","locations":[{"start":{"line":477,"column":4},"end":{"line":479,"column":5}},{"start":{},"end":{}}]},"41":{"loc":{"start":{"line":477,"column":8},"end":{"line":477,"column":51}},"type":"binary-expr","locations":[{"start":{"line":477,"column":8},"end":{"line":477,"column":30}},{"start":{"line":477,"column":34},"end":{"line":477,"column":51}}]},"42":{"loc":{"start":{"line":480,"column":4},"end":{"line":482,"column":5}},"type":"if","locations":[{"start":{"line":480,"column":4},"end":{"line":482,"column":5}},{"start":{},"end":{}}]},"43":{"loc":{"start":{"line":488,"column":65},"end":{"line":488,"column":97}},"type":"binary-expr","locations":[{"start":{"line":488,"column":65},"end":{"line":488,"column":76}},{"start":{"line":488,"column":80},"end":{"line":488,"column":97}}]},"44":{"loc":{"start":{"line":488,"column":110},"end":{"line":488,"column":145}},"type":"binary-expr","locations":[{"start":{"line":488,"column":110},"end":{"line":488,"column":119}},{"start":{"line":488,"column":123},"end":{"line":488,"column":145}}]},"45":{"loc":{"start":{"line":499,"column":4},"end":{"line":499,"column":73}},"type":"if","locations":[{"start":{"line":499,"column":4},"end":{"line":499,"column":73}},{"start":{},"end":{}}]},"46":{"loc":{"start":{"line":507,"column":12},"end":{"line":507,"column":70}},"type":"default-arg","locations":[{"start":{"line":507,"column":68},"end":{"line":507,"column":70}}]},"47":{"loc":{"start":{"line":510,"column":4},"
[...]
":{"line":1729,"column":26},"end":{"line":1729,"column":38}},{"start":{"line":1729,"column":42},"end":{"line":1729,"column":52}}]},"119":{"loc":{"start":{"line":1730,"column":16},"end":{"line":1730,"column":42}},"type":"binary-expr","locations":[{"start":{"line":1730,"column":16},"end":{"line":1730,"column":27}},{"start":{"line":1730,"column":31},"end":{"line":1730,"column":42}}]},"120":{"loc":{"start":{"line":1763,"column":16},"end":{"line":1763,"column":37}},"type":"binary-expr","locations":[{"start":{"line":1763,"column":16},"end":{"line":1763,"column":27}},{"start":{"line":1763,"column":31},"end":{"line":1763,"column":37}}]},"121":{"loc":{"start":{"line":1764,"column":18},"end":{"line":1764,"column":43}},"type":"binary-expr","locations":[{"start":{"line":1764,"column":18},"end":{"line":1764,"column":31}},{"start":{"line":1764,"column":35},"end":{"line":1764,"column":43}}]},"122":{"loc":{"start":{"line":1765,"column":20},"end":{"line":1765,"column":54}},"type":"binary-expr","locations":[{"start":{"line":1765,"column":20},"end":{"line":1765,"column":35}},{"start":{"line":1765,"column":39},"end":{"line":1765,"column":54}}]},"123":{"loc":{"start":{"line":1766,"column":26},"end":{"line":1766,"column":52}},"type":"binary-expr","locations":[{"start":{"line":1766,"column":26},"end":{"line":1766,"column":38}},{"start":{"line":1766,"column":42},"end":{"line":1766,"column":52}}]},"124":{"loc":{"start":{"line":1767,"column":21},"end":{"line":1767,"column":43}},"type":"binary-expr","locations":[{"start":{"line":1767,"column":21},"end":{"line":1767,"column":37}},{"start":{"line":1767,"column":41},"end":{"line":1767,"column":43}}]},"125":{"loc":{"start":{"line":1789,"column":13},"end":{"line":1789,"column":46}},"type":"cond-expr","locations":[{"start":{"line":1789,"column":23},"end":{"line":1789,"column":34}},{"start":{"line":1789,"column":37},"end":{"line":1789,"column":46}}]},"126":{"loc":{"start":{"line":1816,"column":13},"end":{"line":1816,"column":46}},"type":"cond-expr","locations":[{"start":{"line":1816,"column":23},"end":{"line":1816,"column":34}},{"start":{"line":1816,"column":37},"end":{"line":1816,"column":46}}]},"127":{"loc":{"start":{"line":1897,"column":13},"end":{"line":1897,"column":46}},"type":"cond-expr","locations":[{"start":{"line":1897,"column":23},"end":{"line":1897,"column":34}},{"start":{"line":1897,"column":37},"end":{"line":1897,"column":46}}]}},"s":{"0":6,"1":6,"2":6,"3":6,"4":6,"5":6,"6":8,"7":8,"8":32,"9":5,"10":8,"11":2,"12":0,"13":2,"14":1,"15":1,"16":1,"17":0,"18":7,"19":5,"20":2,"21":2,"22":1,"23":1,"24":1,"25":4,"26":4,"27":1,"28":3,"29":3,"30":2,"31":2,"32":1,"33":1,"34":1,"35":1,"36":0,"37":0,"38":0,"39":0,"40":0,"41":0,"42":0,"43":0,"44":0,"45":0,"46":0,"47":0,"48":0,"49":0,"50":0,"51":0,"52":0,"53":0,"54":0,"55":0,"56":0,"57":0,"58":0,"59":0,"60":0,"61":0,"62":0,"63":0,"64":0,"65":0,"66":0,"67":0,"68":0,"69":0,"70":0,"71":0,"72":0,"73":0,"74":0,"75":0,"76":0,"77":0,"78":0,"79":0,"80":0,"81":0,"82":0,"83":0,"84":0,"85":0,"86":0,"87":0,"88":0,"89":0,"90":0,"91":0,"92":0,"93":0,"94":0,"95":0,"96":0,"97":0,"98":0,"99":0,"100":0,"101":0,"102":0,"103":0,"104":0,"105":0,"106":0,"107":0,"108":0,"109":0,"110":0,"111":0,"112":0,"113":0,"114":0,"115":0,"116":0,"117":0,"118":0,"119":0,"120":0,"121":0,"122":0,"123":0,"124":0,"125":0,"126":0,"127":0,"128":0,"129":0,"130":0,"131":0,"132":0,"133":0,"134":0,"135":0,"136":0,"137":0,"138":0,"139":0,"140":0,"141":0,"142":0,"143":0,"144":0,"145":0,"146":0,"147":0,"148":0,"149":0,"150":0,"151":0,"152":0,"153":0,"154":0,"155":0,"156":0,"157":0,"158":0,"159":0,"160":0,"161":0,"162":0,"163":0,"164":0,"165":0,"166":0,"167":0,"168":0,"169":0,"170":0,"171":0,"172":0,"173":0,"174":0,"175":0,"176":0,"177":0,"178":0,"179":0,"180":0,"181":0,"182":0,"183":0,"184":0,"185":0,"186":0,"187":0,"188":0,"189":0,"190":0,"191":0,"192":0,"193":0,"194":0,"195":0,"196":0,"197":0,"198":0,"199":0,"200":0,"201":0,"202":0,"203":0,"204":0,"205":0,"206":0,"207":0,"208":0,"209":0,"210":0,"211":0,"212":0,"213":0,"214":0,"215":0,"216":0,"217":0,"218":0,"219":0,"220":0,"221":0,"222":0,"223":0,"224":0,"225":0,"226":0,"227":0,"228":0,"229":0,"230":0,"231":0,"232":0,"233":0,"234":0,"235":0,"236":0,"237":0,"238":0,"239":0,"240":0,"241":0,"242":0,"243":0,"244":0,"245":0,"246":0,"247":0,"248":0,"249":0,"250":0,"251":0,"252":0,"253":0,"254":0,"255":0,"256":0,"257":0,"258":0,"259":0,"260":0,"261":0,"262":0,"263":0,"264":0,"265":0,"266":0,"267":0,"268":0,"269":0,"270":2,"271":2,"272":1,"273":1,"274":2,"275":1,"276":1,"277":1,"278":1,"279":1,"280":1,"281":1,"282":1,"283":1,"284":1,"285":1,"286":1,"287":1,"288":0,"289":1,"290":0,"291":1,"292":1,"293":0,"294":1,"295":1,"296":1,"297":1,"298":0,"299":0,"300":0,"301":0,"302":0,"303":0,"304":0,"305":0,"306":0,"307":0,"308":0,"309":0,"310":0,"311":0,"312":0,"313":0,"314":0,"315":0,"316":0,"317":0,"318":0,"319":0,"320":0,"321":0,"322":0,"323":0,"324":0,"325":0,"326":0,"327":0,"328":0,"329":1,"330":0,"331":0,"332":0,"333":1,"334":1,"335":1,"336":0,"337":0,"338":1,"339":1,"340":2,"341":1,"342":1,"343":2,"344":1,"345":1,"346":1,"347":1,"348":1,"349":1,"350":2,"351":1,"352":1,"353":1,"354":0,"355":0,"356":0,"357":0,"358":0,"359":0,"360":0,"361":0,"362":0,"363":0,"364":0,"365":0,"366":0,"367":0,"368":0,"369":0,"370":0,"371":0,"372":0,"373":0,"374":0,"375":0,"376":0,"377":0,"378":0,"379":0,"380":0,"381":0,"382":0,"383":0,"384":6,"385":6,"386":6,"387":6,"388":6,"389":6,"390":6,"391":6,"392":6,"393":6,"394":6,"395":6,"396":6,"397":6,"398":6,"399":6,"400":6,"401":6,"402":6,"403":6,"404":6,"405":6,"406":6,"407":6,"408":6,"409":6,"410":6,"411":6,"412":6,"413":6,"414":6,"415":6,"416":6,"417":6,"418":6,"419":6,"420":6,"421":6,"422":6,"423":6,"424":6,"425":6,"426":6,"427":6,"428":6,"429":6,"430":6,"431":6,"432":6,"433":6,"434":6,"435":6,"436":6,"437":6,"438":6,"439":6,"440":6,"441":6,"442":6,"443":6,"444":6,"445":6,"446":6,"447":6,"448":6,"449":6,"450":6,"451":6,"452":6,"453":6,"454":6,"455":6,"456":6,"457":6,"458":6,"459":6,"460":6,"461":6,"462":6,"463":6,"464":6,"465":6,"466":6,"467":6,"468":6,"469":6,"470":6,"471":6,"472":6,"473":6,"474":6,"475":6,"476":6,"477":6,"478":6,"479":6,"480":6,"481":6,"482":6,"483":6,"484":6,"485":6,"486":6,"487":6,"488":6,"489":6,"490":6,"491":6,"492":6,"493":6,"494":6,"495":6,"496":6,"497":6,"498":6,"499":6,"500":6,"501":6,"502":6,"503":6,"504":6,"505":6,"506":6,"507":6,"508":6,"509":6,"510":6,"511":6,"512":6,"513":6,"514":6,"515":6,"516":6,"517":6,"518":6,"519":6,"520":6,"521":6,"522":6,"523":6,"524":6,"525":6,"526":6,"527":6,"528":6,"529":6,"530":6,"531":6,"532":6,"533":6,"534":6,"535":6,"536":6,"537":6,"538":6,"539":6,"540":6,"541":6,"542":6,"543":6,"544":6,"545":6,"546":6,"547":6},"f":{"0":6,"1":8,"2":32,"3":5,"4":0,"5":2,"6":1,"7":7,"8":2,"9":4,"10":2,"11":0,"12":0,"13":0,"14":0,"15":0,"16":0,"17":0,"18":0,"19":0,"20":0,"21":0,"22":0,"23":0,"24":0,"25":0,"26":0,"27":0,"28":0,"29":0,"30":0,"31":0,"32":0,"33":0,"34":0,"35":0,"36":0,"37":0,"38":0,"39":0,"40":0,"41":0,"42":0,"43":0,"44":0,"45":0,"46":0,"47":0,"48":0,"49":0,"50":0,"51":0,"52":0,"53":0,"54":0,"55":0,"56":0,"57":0,"58":0,"59":0,"60":0,"61":0,"62":0,"63":0,"64":0,"65":0,"66":0,"67":0,"68":0,"69":0,"70":0,"71":0,"72":0,"73":2,"74":2,"75":1,"76":1,"77":1,"78":1,"79":1,"80":1,"81":1,"82":1,"83":1,"84":1,"85":1,"86":0,"87":1,"88":0,"89":1,"90":0,"91":1,"92":1,"93":1,"94":0,"95":0,"96":0,"97":0,"98":0,"99":0,"100":0,"101":0,"102":0,"103":0,"104":0,"105":0,"106":0,"107":0,"108":0,"109":0,"110":0,"111":0,"112":0,"113":0,"114":0,"115":0,"116":0,"117":0,"118":0,"119":1,"120":0,"121":0,"122":1,"123":1,"124":1,"125":0,"126":1,"127":1,"128":2,"129":1,"130":2,"131":1,"132":1,"133":1,"134":1,"135":1,"136":1,"137":2,"138":1,"139":1,"140":0,"141":0,"142":0,"143":0,"144":0,"145":0,"146":0,"147":0,"148":0,"149":0,"150":0,"151":0,"152":0,"153":0,"154":0,"155":0,"156":0,"157":0,"158":0,"159":0,"160":0,"161":0,"162":0,"163":0,"164":0,"165":0,"166":0,"167":0,"168":0,"169":0},"b":{"0":[32,27],"1":[2,6],"2":[1,1],"3":[1,0],"4":[1,1],"5":[0],"6":[1,3],"7":[3,2],"8":[3,2],"9":[1,1],"10":[0,1],"11":[1,1],"12":[0,0],"13":[0,0],"14":[0,0],"15":[0,0],"16":[0,0],"17":[0],"18":[0,0],"19":[0,0],"20":[0,0],"21":[0,0],"22":[0,0],"23":[0,0],"24":[0,0],"25":[0,0],"26":[0,0],"27":[0,0],"28":[0,0],"29":[0,0],"30":[0],"31":[0,0],"32":[0,0],"33":[0,0],"34":[0,0],"35":[0,0],"36":[0,0],"37":[0,0],"38":[0,0],"39":[0,0],"40":[0,0],"41":[0,0],"42":[0,0],"43":[0,0],"44":[0,0],"45":[0,0],"46":[0],"47":[0,0],"48":[0,0],"49":[0,0],"50":[0,0],"51":[0,0],"52":[0,0],"53":[0,0],"54":[0,0],"55":[0,0],"56":[0,0],"57":[0,0],"58":[0,0],"59":[0,0],"60":[0,0],"61":[0,0],"62":[0,0],"63":[0],"64":[0,0],"65":[0,0],"66":[0,0],"67":[0,0],"68":[0,0],"69":[0,0],"70":[0,0],"71":[0,0],"72":[0,0],"73":[0,0],"74":[0,0],"75":[0,0],"76":[0,0],"77":[0,0],"78":[0,0],"79":[0],"80":[0,0],"81":[0,0],"82":[0,0],"83":[0,0],"84":[0,0],"85":[0,0],"86":[0,0],"87":[0,0],"88":[0,0],"89":[0,0],"90":[0,0],"91":[0,0],"92":[0,0],"93":[0,0],"94":[0,0],"95":[0,0],"96":[0,0],"97":[0,0],"98":[0,0,0],"99":[0,0],"100":[0],"101":[0,0],"102":[0,0],"103":[0,0],"104":[0,0],"105":[0,0],"106":[0,0],"107":[0,0],"108":[0,0],"109":[0,0],"110":[0,0],"111":[0,0],"112":[0,0],"113":[0,0],"114":[0,0],"115":[1,1],"116":[0,0],"117":[0,0],"118":[0,0],"119":[0,0],"120":[0,0],"121":[0,0],"122":[0,0],"123":[0,0],"124":[0,0],"125":[0,0],"126":[0,0],"127":[0,0]}}
,"C:\\Users\\VT348\\Documents\\GitHub\\OrchestrAI OMG\\backend\\src\\app.module.ts": {"path":"C:\\Users\\VT348\\Documents\\GitHub\\OrchestrAI OMG\\backend\\src\\app.module.ts","statementMap":{"0":{"start":{"line":1,"column":0},"end":{"line":1,"column":40}},"1":{"start":{"line":2,"column":0},"end":{"line":2,"column":49}},"2":{"start":{"line":3,"column":0},"end":{"line":3,"column":49}},"3":{"start":{"line":10,"column":7},"end":{"line":10,"column":null}},"4":{"start":{"line":10,"column":13},"end":{"line":10,"column":22}},"5":{"start":{"line":10,"column":13},"end":{"line":10,"column":null}}},"fnMap":{},"branchMap":{},"s":{"0":6,"1":6,"2":6,"3":6,"4":6,"5":6},"f":{},"b":{}}
,"C:\\Users\\VT348\\Documents\\GitHub\\OrchestrAI OMG\\backend\\src\\main.ts": {"path":"C:\\Users\\VT348\\Documents\\GitHub\\OrchestrAI OMG\\backend\\src\\main.ts","statementMap":{"0":{"start":{"line":1,"column":0},"end":{"line":1,"column":43}},"1":{"start":{"line":2,"column":0},"end":{"line":2,"column":41}},"2":{"start":{"line":10,"column":32},"end":{"line":14,"column":2}},"3":{"start":{"line":17,"column":14},"end":{"line":17,"column":49}},"4":{"start":{"line":19,"column":26},"end":{"line":21,"column":29}},"5":{"start":{"line":20,"column":53},"end":{"line":20,"column":61}},"6":{"start":{"line":23,"column":2},"end":{"line":36,"column":5}},"7":{"start":{"line":30,"column":6},"end":{"line":30,"column":65}},"8":{"start":{"line":38,"column":15},"end":{"line":38,"column":39}},"9":{"start":{"line":39,"column":2},"end":{"line":39,"column":25}},"10":{"start":{"line":40,"column":2},"end":{"line":40,"column":60}},"11":{"start":{"line":41,"column":2},"end":{"line":41,"column":63}},"12":{"start":{"line":43,"column":0},"end":{"line":43,"column":12}}},"fnMap":{"0":{"name":"bootstrap","decl":{"start":{"line":16,"column":15},"end":{"line":16,"column":24}},"loc":{"start":{"line":16,"column":24},"end":{"line":42,"column":1}}},"1":{"name":"(anonymous_1)","decl":{"start":{"line":20,"column":46},"end":{"line":20,"column":47}},"loc":{"start":{"line":20,"column":53},"end":{"line":20,"column":61}}},"2":{"name":"(anonymous_2)","decl":{"start":{"line":26,"column":12},"end":{"line":26,"column":13}},"loc":{"start":{"line":26,"column":33},"end":{"line":31,"column":5}}}},"branchMap":{"0":{"loc":{"start":{"line":19,"column":26},"end":{"line":21,"column":29}},"type":"cond-expr","locations":[{"start":{"line":20,"column":6},"end":{"line":20,"column":78}},{"start":{"line":21,"column":6},"end":{"line":21,"column":29}}]},"1":{"loc":{"start":{"line":30,"column":21},"end":{"line":30,"column":63}},"type":"binary-expr","locations":[{"start":{"line":30,"column":21},"end":{"line":30,"column":28}},{"start":{"line":30,"column":32},"end":{"line":30,"column":63}}]},"2":{"loc":{"start":{"line":38,"column":15},"end":{"line":38,"column":39}},"type":"binary-expr","locations":[{"start":{"line":38,"column":15},"end":{"line":38,"column":31}},{"start":{"line":38,"column":35},"end":{"line":38,"column":39}}]}},"s":{"0":0,"1":0,"2":0,"3":0,"4":0,"5":0,"6":0,"7":0,"8":0,"9":0,"10":0,"11":0,"12":0},"f":{"0":0,"1":0,"2":0},"b":{"0":[0,0],"1":[0,0],"2":[0,0]}}
,"C:\\Users\\VT348\\Documents\\GitHub\\OrchestrAI OMG\\backend\\src\\prisma.service.ts": {"path":"C:\\Users\\VT348\\Documents\\GitHub\\OrchestrAI OMG\\backend\\src\\prisma.service.ts","statementMap":{"0":{"start":{"line":1,"column":0},"end":{"line":1,"column":75}},"1":{"start":{"line":2,"column":0},"end":{"line":2,"column":46}},"2":{"start":{"line":5,"column":7},"end":{"line":13,"column":null}},"3":{"start":{"line":7,"column":4},"end":{"line":7,"column":26}},"4":{"start":{"line":11,"column":4},"end":{"line":11,"column":29}},"5":{"start":{"line":5,"column":13},"end":{"line":5,"column":26}},"6":{"start":{"line":5,"column":13},"end":{"line":13,"column":null}}},"fnMap":{"0":{"name":"(anonymous_1)","decl":{"start":{"line":6,"column":2},"end":{"line":6,"column":7}},"loc":{"start":{"line":6,"column":20},"end":{"line":8,"column":3}}},"1":{"name":"(anonymous_2)","decl":{"start":{"line":10,"column":2},"end":{"line":10,"column":7}},"loc":{"start":{"line":10,"column":23},"end":{"line":12,"column":3}}}},"branchMap":{},"s":{"0":6,"1":6,"2":6,"3":6,"4":6,"5":6,"6":6},"f":{"0":6,"1":6},"b":{}}
,"C:\\Users\\VT348\\Documents\\GitHub\\OrchestrAI OMG\\backend\\src\\auth\\roles.decorator.ts": {"path":"C:\\Users\\VT348\\Documents\\GitHub\\OrchestrAI OMG\\backend\\src\\auth\\roles.decorator.ts","statementMap":{"0":{"start":{"line":1,"column":0},"end":{"line":1,"column":45}},"1":{"start":{"line":4,"column":13},"end":{"line":4,"column":33}},"2":{"start":{"line":5,"column":21},"end":{"line":5,"column":76}},"3":{"start":{"line":5,"column":47},"end":{"line":5,"column":76}},"4":{"start":{"line":5,"column":13},"end":{"line":5,"column":21}}},"fnMap":{"0":{"name":"(anonymous_0)","decl":{"start":{"line":5,"column":21},"end":{"line":5,"column":22}},"loc":{"start":{"line":5,"column":47},"end":{"line":5,"column":76}}}},"branchMap":{},"s":{"0":6,"1":6,"2":6,"3":966,"4":6},"f":{"0":966},"b":{}}
,"C:\\Users\\VT348\\Documents\\GitHub\\OrchestrAI OMG\\backend\\src\\auth\\roles.guard.ts": {"path":"C:\\Users\\VT348\\Documents\\GitHub\\OrchestrAI OMG\\backend\\src\\auth\\roles.guard.ts","statementMap":{"0":{"start":{"line":1,"column":0},"end":{"line":1,"column":null}},"1":{"start":{"line":8,"column":0},"end":{"line":8,"column":41}},"2":{"start":{"line":9,"column":0},"end":{"line":9,"column":42}},"3":{"start":{"line":10,"column":0},"end":{"line":10,"column":46}},"4":{"start":{"line":41,"column":22},"end":{"line":41,"column":33}},"5":{"start":{"line":36,"column":19},"end":{"line":36,"column":56}},"6":{"start":{"line":44,"column":26},"end":{"line":47,"column":6}},"7":{"start":{"line":52,"column":4},"end":{"line":54,"column":5}},"8":{"start":{"line":53,"column":6},"end":{"line":53,"column":18}},"9":{"start":{"line":56,"column":20},"end":{"line":56,"column":55}},"10":{"start":{"line":57,"column":24},"end":{"line":57,"column":76}},"11":{"start":{"line":60,"column":4},"end":{"line":67,"column":5}},"12":{"start":{"line":61,"column":6},"end":{"line":63,"column":8}},"13":{"start":{"line":64,"column":6},"end":{"line":66,"column":8}},"14":{"start":{"line":70,"column":4},"end":{"line":75,"column":5}},"15":{"start":{"line":71,"column":6},"end":{"line":73,"column":8}},"16":{"start":{"line":74,"column":6},"end":{"line":74,"column":63}},"17":{"start":{"line":79,"column":4},"end":{"line":86,"column":5}},"18":{"start":{"line":80,"column":6},"end":{"line":82,"column":8}},"19":{"start":{"line":83,"column":6},"end":{"line":85,"column":8}},"20":{"start":{"line":88,"column":4},"end":{"line":88,"column":16}},"21":{"start":{"line":35,"column":13},"end":{"line":35,"column":23}},"22":{"start":{"line":39,"column":26},"end":{"line":39,"column":81}},"23":{"start":{"line":35,"column":13},"end":{"line":90,"column":null}}},"fnMap":{"0":{"name":"(anonymous_2)","decl":{"start":{"line":41,"column":2},"end":{"line":41,"column":22}},"loc":{"start":{"line":41,"column":42},"end":{"line":41,"column":46}}},"1":{"name":"(anonymous_3)","decl":{"start":{"line":43,"column":2},"end":{"line":43,"column":13}},"loc":{"start":{"line":43,"column":39},"end":{"line":89,"column":3}}}},"branchMap":{"0":{"loc":{"start":{"line":52,"column":4},"end":{"line":54,"column":5}},"type":"if","locations":[{"start":{"line":52,"column":4},"end":{"line":54,"column":5}},{"start":{},"end":{}}]},"1":{"loc":{"start":{"line":52,"column":8},"end":{"line":52,"column":52}},"type":"binary-expr","locations":[{"start":{"line":52,"column":8},"end":{"line":52,"column":22}},{"start":{"line":52,"column":26},"end":{"line":52,"column":52}}]},"2":{"loc":{"start":{"line":60,"column":4},"end":{"line":67,"column":5}},"type":"if","locations":[{"start":{"line":60,"column":4},"end":{"line":67,"column":5}},{"start":{},"end":{}}]},"3":{"loc":{"start":{"line":70,"column":4},"end":{"line":75,"column":5}},"type":"if","locations":[{"start":{"line":70,"column":4},"end":{"line":75,"column":5}},{"start":{},"end":{}}]},"4":{"loc":{"start":{"line":79,"column":4},"end":{"line":86,"column":5}},"type":"if","locations":[{"start":{"line":79,"column":4},"end":{"line":86,"column":5}},{"start":{},"end":{}}]}},"s":{"0":6,"1":6,"2":6,"3":6,"4":6,"5":6,"6":71,"7":71,"8":0,"9":71,"10":71,"11":71,"12":2,"13":2,"14":69,"15":0,"16":0,"17":69,"18":10,"19":10,"20":59,"21":6,"22":6,"23":6},"f":{"0":6,"1":71},"b":{"0":[0,71],"1":[71,71],"2":[2,69],"3":[0,69],"4":[10,59]}}
,"C:\\Users\\VT348\\Documents\\GitHub\\OrchestrAI OMG\\backend\\src\\test\\test-app.ts": {"path":"C:\\Users\\VT348\\Documents\\GitHub\\OrchestrAI OMG\\backend\\src\\test\\test-app.ts","statementMap":{"0":{"start":{"line":26,"column":0},"end":{"line":26,"column":16}},"1":{"start":{"line":32,"column":0},"end":{"line":32,"column":16}},"2":{"start":{"line":47,"column":0},"end":{"line":47,"column":7}},"3":{"start":{"line":13,"column":0},"end":{"line":13,"column":39}},"4":{"start":{"line":15,"column":0},"end":{"line":15,"column":42}},"5":{"start":{"line":16,"column":0},"end":{"line":16,"column":50}},"6":{"start":{"line":18,"column":13},"end":{"line":18,"column":41}},"7":{"start":{"line":21,"column":13},"end":{"line":21,"column":69}},"8":{"start":{"line":23,"column":14},"end":{"line":23,"column":15}},"9":{"start":{"line":27,"column":2},"end":{"line":27,"column":15}},"10":{"start":{"line":28,"column":2},"end":{"line":28,"column":51}},"11":{"start":{"line":33,"column":2},"end":{"line":43,"column":4}},"12":{"start":{"line":48,"column":20},"end":{"line":50,"column":14}},"13":{"start":{"line":52,"column":14},"end":{"line":52,"column":47}},"14":{"start":{"line":53,"column":2},"end":{"line":53,"column":19}},"15":{"start":{"line":55,"column":17},"end":{"line":55,"column":45}},"16":{"start":{"line":56,"column":2},"end":{"line":56,"column":25}}},"fnMap":{"0":{"name":"testTag","decl":{"start":{"line":26,"column":16},"end":{"line":26,"column":23}},"loc":{"start":{"line":26,"column":38},"end":{"line":29,"column":1}}},"1":{"name":"assetFixture","decl":{"start":{"line":32,"column":16},"end":{"line":32,"column":28}},"loc":{"start":{"line":32,"column":68},"end":{"line":44,"column":1}}},"2":{"name":"createTestApp","decl":{"start":{"line":47,"column":22},"end":{"line":47,"column":35}},"loc":{"start":{"line":47,"column":35},"end":{"line":57,"column":1}}}},"branchMap":{"0":{"loc":{"start":{"line":32,"column":29},"end":{"line":32,"column":68}},"type":"default-arg","locations":[{"start":{"line":32,"column":66},"end":{"line":32,"column":68}}]}},"s":{"0":6,"1":6,"2":6,"3":6,"4":6,"5":6,"6":6,"7":6,"8":6,"9":26,"10":26,"11":9,"12":6,"13":6,"14":6,"15":6,"16":6},"f":{"0":26,"1":9,"2":6},"b":{"0":[8]}}
}
