{"C:\\Users\\VT348\\Documents\\GitHub\\OrchestrAI OMG\\backend\\src\\app.controller.ts": {"path":"C:\\Users\\VT348\\Documents\\GitHub\\OrchestrAI OMG\\backend\\src\\app.controller.ts","statementMap":{"0":{"start":{"line":1,"column":0},"end":{"line":1,"column":null}},"1":{"start":{"line":14,"column":0},"end":{"line":14,"column":49}},"2":{"start":{"line":15,"column":0},"end":{"line":15,"column":47}},"3":{"start":{"line":16,"column":0},"end":{"line":16,"column":48}},"4":{"start":{"line":27,"column":7},"end":{"line":1676,"column":null}},"5":{"start":{"line":28,"column":31},"end":{"line":28,"column":39}},"6":{"start":{"line":42,"column":64},"end":{"line":47,"column":6}},"7":{"start":{"line":48,"column":20},"end":{"line":50,"column":30}},"8":{"start":{"line":49,"column":25},"end":{"line":49,"column":40}},"9":{"start":{"line":50,"column":24},"end":{"line":50,"column":29}},"10":{"start":{"line":51,"column":4},"end":{"line":55,"column":5}},"11":{"start":{"line":52,"column":6},"end":{"line":54,"column":8}},"12":{"start":{"line":61,"column":4},"end":{"line":66,"column":6}},"13":{"start":{"line":81,"column":4},"end":{"line":98,"column":7}},"14":{"start":{"line":112,"column":18},"end":{"line":112,"column":73}},"15":{"start":{"line":113,"column":4},"end":{"line":113,"column":69}},"16":{"start":{"line":113,"column":16},"end":{"line":113,"column":69}},"17":{"start":{"line":114,"column":4},"end":{"line":114,"column":17}},"18":{"start":{"line":120,"column":4},"end":{"line":120,"column":43}},"19":{"start":{"line":121,"column":4},"end":{"line":121,"column":54}},"20":{"start":{"line":127,"column":21},"end":{"line":127,"column":76}},"21":{"start":{"line":128,"column":4},"end":{"line":128,"column":72}},"22":{"start":{"line":128,"column":19},"end":{"line":128,"column":72}},"23":{"start":{"line":129,"column":4},"end":{"line":129,"column":63}},"24":{"start":{"line":130,"column":4},"end":{"line":130,"column":69}},"25":{"start":{"line":145,"column":21},"end":{"line":145,"column":76}},"26":{"start":{"line":146,"column":4},"end":{"line":146,"column":72}},"27":{"start":{"line":146,"column":19},"end":{"line":146,"column":72}},"28":{"start":{"line":147,"column":18},"end":{"line":156,"column":6}},"29":{"start":{"line":157,"column":4},"end":{"line":157,"column":41}},"30":{"start":{"line":164,"column":21},"end":{"line":164,"column":76}},"31":{"start":{"line":165,"column":4},"end":{"line":165,"column":72}},"32":{"start":{"line":165,"column":19},"end":{"line":165,"column":72}},"33":{"start":{"line":167,"column":6},"end":{"line":169,"column":17}},"34":{"start":{"line":170,"column":18},"end":{"line":179,"column":6}},"35":{"start":{"line":180,"column":4},"end":{"line":180,"column":41}},"36":{"start":{"line":195,"column":4},"end":{"line":199,"column":7}},"37":{"start":{"line":213,"column":18},"end":{"line":216,"column":6}},"38":{"start":{"line":217,"column":4},"end":{"line":217,"column":69}},"39":{"start":{"line":217,"column":16},"end":{"line":217,"column":69}},"40":{"start":{"line":218,"column":4},"end":{"line":218,"column":17}},"41":{"start":{"line":224,"column":4},"end":{"line":226,"column":5}},"42":{"start":{"line":225,"column":6},"end":{"line":225,"column":122}},"43":{"start":{"line":227,"column":4},"end":{"line":227,"column":52}},"44":{"start":{"line":233,"column":21},"end":{"line":233,"column":74}},"45":{"start":{"line":234,"column":4},"end":{"line":234,"column":72}},"46":{"start":{"line":234,"column":19},"end":{"line":234,"column":72}},"47":{"start":{"line":235,"column":4},"end":{"line":235,"column":67}},"48":{"start":{"line":245,"column":21},"end":{"line":245,"column":74}},"49":{"start":{"line":246,"column":4},"end":{"line":246,"column":72}},"50":{"start":{"line":246,"column":19},"end":{"line":246,"column":72}},"51":{"start":{"line":247,"column":18},"end":{"line":255,"column":6}},"52":{"start":{"line":256,"column":4},"end":{"line":256,"column":41}},"53":{"start":{"line":262,"column":21},"end":{"line":262,"column":74}},"54":{"start":{"line":263,"column":4},"end":{"line":263,"column":72}},"55":{"start":{"line":263,"column":19},"end":{"line":263,"column":72}},"56":{"start":{"line":264,"column":18},"end":{"line":267,"column":6}},"57":{"start":{"line":268,"column":4},"end":{"line":268,"column":41}},"58":{"start":{"line":278,"column":21},"end":{"line":278,"column":74}},"59":{"start":{"line":279,"column":4},"end":{"line":279,"column":72}},"60":{"start":{"line":279,"column":19},"end":{"line":279,"column":72}},"61":{"start":{"line":280,"column":4},"end":{"line":282,"column":5}},"62":{"start":{"line":281,"column":6},"end":{"line":281,"column":109}},"63":{"start":{"line":283,"column":4},"end":{"line":291,"column":7}},"64":{"start":{"line":297,"column":4},"end":{"line":297,"column":62}},"65":{"start":{"line":303,"column":4},"end":{"line":303,"column":64}},"66":{"start":{"line":304,"column":4},"end":{"line":304,"column":33}},"67":{"start":{"line":319,"column":4},"end":{"line":323,"column":7}},"68":{"start":{"line":337,"column":19},"end":{"line":340,"column":6}},"69":{"start":{"line":341,"column":4},"end":{"line":341,"column":80}},"70":{"start":{"line":341,"column":17},"end":{"line":341,"column":80}},"71":{"start":{"line":342,"column":4},"end":{"line":342,"column":18}},"72":{"start":{"line":348,"column":4},"end":{"line":350,"column":5}},"73":{"start":{"line":349,"column":6},"end":{"line":349,"column":137}},"74":{"start":{"line":351,"column":4},"end":{"line":351,"column":61}},"75":{"start":{"line":357,"column":21},"end":{"line":357,"column":83}},"76":{"start":{"line":358,"column":4},"end":{"line":358,"column":82}},"77":{"start":{"line":358,"column":19},"end":{"line":358,"column":82}},"78":{"start":{"line":359,"column":4},"end":{"line":359,"column":76}},"79":{"start":{"line":368,"column":21},"end":{"line":368,"column":83}},"80":{"start":{"line":369,"column":4},"end":{"line":369,"column":82}},"81":{"start":{"line":369,"column":19},"end":{"line":369,"column":82}},"82":{"start":{"line":370,"column":19},"end":{"line":378,"column":6}},"83":{"start":{"line":379,"column":4},"end":{"line":379,"column":42}},"84":{"start":{"line":385,"column":21},"end":{"line":385,"column":83}},"85":{"start":{"line":386,"column":4},"end":{"line":386,"column":82}},"86":{"start":{"line":386,"column":19},"end":{"line":386,"column":82}},"87":{"start":{"line":387,"column":19},"end":{"line":390,"column":6}},"88":{"start":{"line":391,"column":4},"end":{"line":391,"column":42}},"89":{"start":{"line":400,"column":21},"end":{"line":400,"column":83}},"90":{"start":{"line":401,"column":4},"end":{"line":401,"column":82}},"91":{"start":{"line":401,"column":19},"end":{"line":401,"column":82}},"92":{"start":{"line":402,"column":4},"end":{"line":404,"column":5}},"93":{"start":{"line":403,"column":6},"end":{"line":403,"column":120}},"94":{"start":{"line":405,"column":4},"end":{"line":413,"column":7}},"95":{"start":{"line":419,"column":4},"end":{"line":419,"column":66}},"96":{"start":{"line":425,"column":4},"end":{"line":425,"column":68}},"97":{"start":{"line":426,"column":4},"end":{"line":426,"column":33}},"98":{"start":{"line":441,"column":4},"end":{"line":448,"column":7}},"99":{"start":{"line":462,"column":19},"end":{"line":468,"column":6}},"100":{"start":{"line":469,"column":4},"end":{"line":469,"column":71}},"101":{"start":{"line":469,"column":17},"end":{"line":469,"column":71}},"102":{"start":{"line":470,"column":4},"end":{"line":470,"column":18}},"103":{"start":{"line":477,"column":4},"end":{"line":479,"column":5}},"104":{"start":{"line":478,"column":6},"end":{"line":478,"column":124}},"105":{"start":{"line":480,"column":4},"end":{"line":482,"column":5}},"106":{"start":{"line":481,"column":6},"end":{"line":481,"column":103}},"107":{"start":{"line":483,"column":68},"end":{"line":483,"column":72}},"108":{"start":{"line":484,"column":4},"end":{"line":492,"column":7}},"109":{"start":{"line":498,"column":21},"end":{"line":498,"column":75}},"110":{"start":{"line":499,"column":4},"end":{"line":499,"column":73}},"111":{"start":{"line":499,"column":19},"end":{"line":499,"column":73}},"112":{"start":{"line":500,"column":4},"end":{"line":500,"column":68}},"113":{"start":{"line":509,"column":21},"end":{"line":509,"column":75}},"114":{"start":{"line":510,"column":4},"end":{"line":510,"column":73}},"115":{"start":{"line":510,"column":19},"end":{"line":510,"column":73}},"116":{"start":{"line":511,"column":19},"end":{"line":519,"column":6}},"117":{"start":{"line":520,"column":4},"end":{"line":520,"column":42}},"118":{"start":{"line":526,"column":21},"end":{"line":526,"column":75}},"119":{"start":{"line":527,"column":4},"end":{"line":527,"column":73}},"120":{"start":{"line":527,"column":19},"end":{"line":527,"column":73}},"121":{"start":{"line":528,"column":19},"end":{"line":531,"column":6}},"122":{"start":{"line":532,"column":4},"end":{"line":532,"column":42}},"123":{"start":{"line":541,"column":21},"end":{"line":541,"column":75}},"124":{"start":{"line":542,"column":4},"end":{"line":542,"column":73}},"125":{"start":{"line":542,"column":19},"end":{"line":542,"column":73}},"126":{"start":{"line":543,"column":4},"end":{"line":545,"column":5}},"127":{"start":{"line":544,"column":6},"end":{"line":544,"column":110}},"128":{"start":{"line":546,"column":4},"end":{"line":554,"column":7}},"129":{"start":{"line":564,"column":19},"end":{"line":564,"column":102}},"130":{"start":{"line":565,"column":4},"end":{"line":565,"column":71}},"131":{"start":{"line":565,"column":17},"end":{"line":565,"column":71}},"132":{"start":{"line":566,"column":4},"end":{"line":568,"column":5}},"133":{"start":{"line":567,"column":6},"end":{"line":567,"column":105}},"134":{"start":{"line":569,"column":24},"end":{"line":569,"column":85}},"135":{"start":{"line":569,"column":64},"end":{"line":569,"column":79}},"136":{"start":{"line":570,"column":4},"end":{"line":578,"column":7}},"137":{"start":{"line":588,"column":21},"end":{"line":588,"column":82}},"138":{"start":{"line":589,"column":4},"end":{"line":589,"column":81}},"139":{"start":{"line":589,"column":19},"end":{"line":589,"column":81}},"140":{"start":{"line":590,"column":4},"end":{"line":592,"column":5}},"141":{"start":{"line":591,"column":6},"end":{"line":591,"column":90}},"142":{"start":{"line":593,"column":4},"end":{"line":602,"column":7}},"143":{"start":{"line":608,"column":4},"end":{"line":608,"column":63}},"144":{"start":{"line":614,"column":4},"end":{"line":614,"column":65}},"145":{"start":{"line":615,"column":4},"end":{"line":615,"column":33}},"146":{"start":{"line":639,"column":4},"end":{"line":642,"column":7}},"147":{"start":{"line":648,"column":4},"end":{"line":650,"column":5}},"148":{"start":{"line":649,"column":6},"end":{"line":649,"column":120}},"149":{"start":{"line":651,"column":4},"end":{"line":651,"column":51}},"150":{"start":{"line":657,"column":21},"end":{"line":657,"column":73}},"151":{"start":{"line":658,"column":4},"end":{"line":658,"column":71}},"152":{"start":{"line":658,"column":19},"end":{"line":658,"column":71}},"153":{"start":{"line":659,"column":4},"end":{"line":659,"column":66}},"154":{"start":{"line":668,"column":21},"end":{"line":668,"column":73}},"155":{"start":{"line":669,"column":4},"end":{"line":669,"column":71}},"156":{"start":{"line":669,"column":19},"end":{"line":669,"column":71}},"157":{"start":{"line":670,"column":19},"end":{"line":678,"column":6}},"158":{"start":{"line":679,"column":4},"end":{"line":679,"column":42}},"159":{"start":{"line":685,"column":21},"end":{"line":685,"column":73}},"160":{"start":{"line":686,"column":4},"end":{"line":686,"column":71}},"161":{"start":{"line":686,"column":19},"end":{"line":686,"column":71}},"162":{"start":{"line":687,"column":19},"end":{"line":690,"column":6}},"163":{"start":{"line":691,"column":4},"end":{"line":691,"column":42}},"164":{"start":{"line":701,"column":21},"end":{"line":701,"column":73}},"165":{"start":{"line":702,"column":4},"end":{"line":702,"column":71}},"166":{"start":{"line":702,"column":19},"end":{"line":702,"column":71}},"167":{"start":{"line":703,"column":4},"end":{"line":705,"column":5}},"168":{"start":{"line":704,"column":6},"end":{"line":704,"column":108}},"169":{"start":{"line":706,"column":4},"end":{"line":714,"column":7}},"170":{"start":{"line":729,"column":4},"end":{"line":732,"column":7}},"171":{"start":{"line":738,"column":4},"end":{"line":740,"column":5}},"172":{"start":{"line":739,"column":6},"end":{"line":739,"column":78}},"173":{"start":{"line":741,"column":4},"end":{"line":741,"column":99}},"174":{"start":{"line":747,"column":4},"end":{"line":747,"column":63}},"175":{"start":{"line":748,"column":4},"end":{"line":748,"column":33}},"176":{"start":{"line":763,"column":4},"end":{"line":763,"column":85}},"177":{"start":{"line":777,"column":19},"end":{"line":777,"column":81}},"178":{"start":{"line":778,"column":4},"end":{"line":778,"column":80}},"179":{"start":{"line":778,"column":17},"end":{"line":778,"column":80}},"180":{"start":{"line":779,"column":4},"end":{"line":779,"column":18}},"181":{"start":{"line":785,"column":4},"end":{"line":785,"column":61}},"182":{"start":{"line":791,"column":4},"end":{"line":791,"column":76}},"183":{"start":{"line":797,"column":4},"end":{"line":797,"column":63}},"184":{"start":{"line":798,"column":4},"end":{"line":798,"column":33}},"185":{"start":{"line":805,"column":4},"end":{"line":805,"column":91}},"186":{"start":{"line":811,"column":4},"end":{"line":811,"column":66}},"187":{"start":{"line":817,"column":4},"end":{"line":817,"column":81}},"188":{"start":{"line":823,"column":4},"end":{"line":823,"column":101}},"189":{"start":{"line":829,"column":4},"end":{"line":829,"column":78}},"190":{"start":{"line":844,"column":4},"end":{"line":847,"column":7}},"191":{"start":{"line":853,"column":4},"end":{"line":853,"column":61}},"192":{"start":{"line":859,"column":4},"end":{"line":859,"column":76}},"193":{"start":{"line":865,"column":4},"end":{"line":865,"column":63}},"194":{"start":{"line":866,"column":4},"end":{"line":866,"column":33}},"195":{"start":{"line":880,"column":4},"end":{"line":880,"column":90}},"196":{"start":{"line":886,"column":4},"end":{"line":886,"column":68}},"197":{"start":{"line":892,"column":4},"end":{"line":892,"column":83}},"198":{"start":{"line":898,"column":4},"end":{"line":898,"column":70}},"199":{"start":{"line":899,"column":4},"end":{"line":899,"column":33}},"200":{"start":{"line":913,"column":4},"end":{"line":913,"column":80}},"201":{"start":{"line":919,"column":4},"end":{"line":919,"column":58}},"202":{"start":{"line":925,"column":4},"end":{"line":925,"column":73}},"203":{"start":{"line":931,"column":4},"end":{"line":931,"column":60}},"204":{"start":{"line":932,"column":4},"end":{"line":932,"column":33}},"205":{"start":{"line":946,"column":4},"end":{"line":946,"column":84}},"206":{"start":{"line":952,"column":4},"end":{"line":952,"column":62}},"207":{"start":{"line":958,"column":4},"end":{"line":958,"column":77}},"208":{"start":{"line":964,"column":4},"end":{"line":964,"column":64}},"209":{"start":{"line":965,"column":4},"end":{"line":965,"column":33}},"210":{"start":{"line":980,"column":4},"end":{"line":983,"column":7}},"211":{"start":{"line":989,"column":4},"end":{"line":989,"column":63}},"212":{"start":{"line":995,"column":4},"end":{"line":995,"column":78}},"213":{"start":{"line":1001,"column":4},"end":{"line":1001,"column":65}},"214":{"start":{"line":1002,"column":4},"end":{"line":1002,"column":33}},"215":{"start":{"line":1016,"column":4},"end":{"line":1016,"column":90}},"216":{"start":{"line":1022,"column":4},"end":{"line":1022,"column":68}},"217":{"start":{"line":1028,"column":4},"end":{"line":1028,"column":83}},"218":{"start":{"line":1034,"column":4},"end":{"line":1034,"column":70}},"219":{"start":{"line":1035,"column":4},"end":{"line":1035,"column":33}},"220":{"start":{"line":1049,"column":4},"end":{"line":1049,"column":79}},"221":{"start":{"line":1055,"column":4},"end":{"line":1055,"column":57}},"222":{"start":{"line":1061,"column":4},"end":{"line":1061,"column":72}},"223":{"start":{"line":1067,"column":4},"end":{"line":1067,"column":59}},"224":{"start":{"line":1068,"column":4},"end":{"line":1068,"column":33}},"225":{"start":{"line":1082,"column":4},"end":{"line":1082,"column":86}},"226":{"start":{"line":1088,"column":4},"end":{"line":1088,"column":64}},"227":{"start":{"line":1094,"column":4},"end":{"line":1094,"column":79}},"228":{"start":{"line":1100,"column":4},"end":{"line":1100,"column":66}},"229":{"start":{"line":1101,"column":4},"end":{"line":1101,"column":33}},"230":{"start":{"line":1115,"column":4},"end":{"line":1115,"column":94}},"231":{"start":{"line":1121,"column":4},"end":{"line":1121,"column":72}},"232":{"start":{"line":1127,"column":4},"end":{"line":1127,"column":87}},"233":{"start":{"line":1133,"column":4},"end":{"line":1133,"column":74}},"234":{"start":{"line":1134,"column":4},"end":{"line":1134,"column":33}},"235":{"start":{"line":1149,"column":4},"end":{"line":1149,"column":85}},"236":{"start":{"line":1155,"column":4},"end":{"line":1155,"column":63}},"237":{"start":{"line":1161,"column":4},"end":{"line":1161,"column":78}},"238":{"start":{"line":1167,"column":4},"end":{"line":1167,"column":65}},"239":{"start":{"line":1168,"column":4},"end":{"line":1168,"column":33}},"240":{"start":{"line":1182,"column":4},"end":{"line":1182,"column":86}},"241":{"start":{"line":1188,"column":4},"end":{"line":1188,"column":64}},"242":{"start":{"line":1194,"column":4},"end":{"line":1194,"column":79}},"243":{"start":{"line":1200,"column":4},"end":{"line":1200,"column":66}},"244":{"start":{"line":1201,"column":4},"end":{"line":1201,"column":33}},"245":{"start":{"line":1216,"column":4},"end":{"line":1216,"column":86}},"246":{"start":{"line":1222,"column":4},"end":{"line":1222,"column":64}},"247":{"start":{"line":1228,"column":4},"end":{"line":1228,"column":79}},"248":{"start":{"line":1234,"column":4},"end":{"line":1234,"column":66}},"249":{"start":{"line":1235,"column":4},"end":{"line":1235,"column":33}},"250":{"start":{"line":1250,"column":4},"end":{"line":1250,"column":87}},"251":{"start":{"line":1256,"column":4},"end":{"line":1256,"column":66}},"252":{"start":{"line":1262,"column":4},"end":{"line":1262,"column":81}},"253":{"start":{"line":1276,"column":4},"end":{"line":1276,"column":79}},"254":{"start":{"line":1282,"column":4},"end":{"line":1282,"column":58}},"255":{"start":{"line":1288,"column":4},"end":{"line":1288,"column":73}},"256":{"start":{"line":1302,"column":4},"end":{"line":1302,"column":78}},"257":{"start":{"line":1308,"column":4},"end":{"line":1308,"column":57}},"258":{"start":{"line":1314,"column":4},"end":{"line":1314,"column":72}},"259":{"start":{"line":1320,"column":4},"end":{"line":1320,"column":59}},"260":{"start":{"line":1321,"column":4},"end":{"line":1321,"column":33}},"261":{"start":{"line":1335,"column":4},"end":{"line":1335,"column":85}},"262":{"start":{"line":1341,"column":4},"end":{"line":1341,"column":64}},"263":{"start":{"line":1347,"column":4},"end":{"line":1347,"column":79}},"264":{"start":{"line":1354,"column":4},"end":{"line":1356,"column":7}},"265":{"start":{"line":1368,"column":4},"end":{"line":1370,"column":7}},"266":{"start":{"line":1376,"column":4},"end":{"line":1384,"column":7}},"267":{"start":{"line":1390,"column":4},"end":{"line":1390,"column":77}},"268":{"start":{"line":1403,"column":4},"end":{"line":1405,"column":7}},"269":{"start":{"line":1411,"column":4},"end":{"line":1421,"column":7}},"270":{"start":{"line":1440,"column":4},"end":{"line":1443,"column":7}},"271":{"start":{"line":1449,"column":4},"end":{"line":1449,"column":61}},"272":{"start":{"line":1467,"column":4},"end":{"line":1470,"column":7}},"273":{"start":{"line":1476,"column":4},"end":{"line":1476,"column":62}},"274":{"start":{"line":1482,"column":4},"end":{"line":1482,"column":77}},"275":{"start":{"line":1503,"column":4},"end":{"line":1503,"column":101}},"276":{"start":{"line":1509,"column":4},"end":{"line":1509,"column":78}},"277":{"start":{"line":1523,"column":4},"end":{"line":1523,"column":96}},"278":{"start":{"line":1529,"column":4},"end":{"line":1529,"column":73}},"279":{"start":{"line":1548,"column":4},"end":{"line":1551,"column":7}},"280":{"start":{"line":1557,"column":4},"end":{"line":1557,"column":73}},"281":{"start":{"line":1577,"column":4},"end":{"line":1577,"column":98}},"282":{"start":{"line":1583,"column":4},"end":{"line":1583,"column":68}},"283":{"start":{"line":1602,"column":4},"end":{"line":1605,"column":7}},"284":{"start":{"line":1611,"column":4},"end":{"line":1611,"column":66}},"285":{"start":{"line":1621,"column":4},"end":{"line":1624,"column":7}},"286":{"start":{"line":1630,"column":4},"end":{"line":1633,"column":7}},"287":{"start":{"line":1650,"column":4},"end":{"line":1650,"column":89}},"288":{"start":{"line":1656,"column":4},"end":{"line":1656,"column":67}},"289":{"start":{"line":1664,"column":4},"end":{"line":1664,"column":39}},"290":{"start":{"line":1671,"column":4},"end":{"line":1674,"column":7}},"291":{"start":{"line":27,"column":13},"end":{"line":27,"column":26}},"292":{"start":{"line":60,"column":2},"end":{"line":67,"column":null}},"293":{"start":{"line":80,"column":8},"end":{"line":99,"column":null}},"294":{"start":{"line":111,"column":8},"end":{"line":115,"column":null}},"295":{"start":{"line":119,"column":8},"end":{"line":122,"column":null}},"296":{"start":{"line":126,"column":8},"end":{"line":131,"column":null}},"297":{"start":{"line":141,"column":8},"end":{"line":158,"column":null}},"298":{"start":{"line":163,"column":8},"end":{"line":181,"column":null}},"299":{"start":{"line":194,"column":8},"end":{"line":200,"column":null}},"300":{"start":{"line":212,"column":8},"end":{"line":219,"column":null}},"301":{"start":{"line":223,"column":8},"end":{"line":228,"column":null}},"302":{"start":{"line":232,"column":8},"end":{"line":236,"column":null}},"303":{"start":{"line":241,"column":8},"end":{"line":257,"column":null}},"304":{"start":{"line":261,"column":8},"end":{"line":269,"column":null}},"305":{"start":{"line":274,"column":8},"end":{"line":292,"column":null}},"306":{"start":{"line":296,"column":8},"end":{"line":298,"column":null}},"307":{"start":{"line":302,"column":8},"end":{"line":305,"column":null}},"308":{"start":{"line":318,"column":8},"end":{"line":324,"column":null}},"309":{"start":{"line":336,"column":8},"end":{"line":343,"column":null}},"310":{"start":{"line":347,"column":8},"end":{"line":352,"column":null}},"311":{"start":{"line":356,"column":8},"end":{"line":360,"column":null}},"312":{"start":{"line":364,"column":8},"end":{"line":380,"column":null}},"313":{"start":{"line":384,"column":8},"end":{"line":392,"column":null}},"314":{"start":{"line":396,"column":8},"end":{"line":414,"column":null}},"315":{"start":{"line":418,"column":8},"end":{"line":420,"column":null}},"316":{"start":{"line":424,"column":8},"end":{"line":427,"column":null}},"317":{"start":{"line":440,"column":8},"end":{"line":449,"column":null}},"318":{"start":{"line":461,"column":8},"end":{"line":471,"column":null}},"319":{"start":{"line":476,"column":8},"end":{"line":493,"column":null}},"320":{"start":{"line":497,"column":8},"end":{"line":501,"column":null}},"321":{"start":{"line":505,"column":8},"end":{"line":521,"column":null}},"322":{"start":{"line":525,"column":8},"end":{"line":533,"column":null}},"323":{"start":{"line":537,"column":8},"end":{"line":555,"column":null}},"324":{"start":{"line":560,"column":8},"end":{"line":579,"column":null}},"325":{"start":{"line":584,"column":8},"end":{"line":603,"column":null}},"326":{"start":{"line":607,"column":8},"end":{"line":609,"column":null}},"327":{"start":{"line":613,"column":8},"end":{"line":616,"column":null}},"328":{"start":{"line":638,"column":8},"end":{"line":643,"column":null}},"329":{"start":{"line":647,"column":8},"end":{"line":652,"column":null}},"330":{"start":{"line":656,"column":8},"end":{"line":660,"column":null}},"331":{"start":{"line":664,"column":8},"end":{"line":680,"column":null}},"332":{"start":{"line":684,"column":8},"end":{"line":692,"column":null}},"333":{"start":{"line":697,"column":8},"end":{"line":715,"column":null}},"334":{"start":{"line":728,"column":8},"end":{"line":733,"column":null}},"335":{"start":{"line":737,"column":8},"end":{"line":742,"column":null}},"336":{"start":{"line":746,"column":8},"end":{"line":749,"column":null}},"337":{"start":{"line":762,"column":8},"end":{"line":764,"column":null}},"338":{"start":{"line":776,"column":8},"end":{"line":780,"column":null}},"339":{"start":{"line":784,"column":8},"end":{"line":786,"column":null}},"340":{"start":{"line":790,"column":8},"end":{"line":792,"column":null}},"341":{"start":{"line":796,"column":8},"end":{"line":799,"column":null}},"342":{"start":{"line":804,"column":8},"end":{"line":806,"column":null}},"343":{"start":{"line":810,"column":8},"end":{"line":812,"column":null}},"344":{"start":{"line":816,"column":8},"end":{"line":818,"column":null}},"345":{"start":{"line":822,"column":8},"end":{"line":824,"column":null}},"346":{"start":{"line":828,"column":8},"end":{"line":830,"column":null}},"347":{"start":{"line":843,"column":8},"end":{"line":848,"column":null}},"348":{"start":{"line":852,"column":8},"end":{"line":854,"column":null}},"349":{"start":{"line":858,"column":8},"end":{"line":860,"column":null}},"350":{"start":{"line":864,"column":8},"end":{"line":867,"column":null}},"351":{"start":{"line":879,"column":8},"end":{"line":881,"column":null}},"352":{"start":{"line":885,"column":8},"end":{"line":887,"column":null}},"353":{"start":{"line":891,"column":8},"end":{"line":893,"column":null}},"354":{"start":{"line":897,"column":8},"end":{"line":900,"column":null}},"355":{"start":{"line":912,"column":8},"end":{"line":914,"column":null}},"356":{"start":{"line":918,"column":8},"end":{"line":920,"column":null}},"357":{"start":{"line":924,"column":8},"end":{"line":926,"column":null}},"358":{"start":{"line":930,"column":8},"end":{"line":933,"column":null}},"359":{"start":{"line":945,"column":8},"end":{"line":947,"column":null}},"360":{"start":{"line":951,"column":8},"end":{"line":953,"column":null}},"361":{"start":{"line":957,"column":8},"end":{"line":959,"column":null}},"362":{"start":{"line":963,"column":8},"end":{"line":966,"column":null}},"363":{"start":{"line":979,"column":8},"end":{"line":984,"column":null}},"364":{"start":{"line":988,"column":8},"end":{"line":990,"column":null}},"365":{"start":{"line":994,"column":8},"end":{"line":996,"column":null}},"366":{"start":{"line":1000,"column":8},"end":{"line":1003,"column":null}},"367":{"start":{"line":1015,"column":8},"end":{"line":1017,"column":null}},"368":{"start":{"line":1021,"column":8},"end":{"line":1023,"column":null}},"369":{"start":{"line":1027,"column":8},"end":{"line":1029,"column":null}},"370":{"start":{"line":1033,"column":8},"end":{"line":1036,"column":null}},"371":{"start":{"line":1048,"column":8},"end":{"line":1050,"column":null}},"372":{"start":{"line":1054,"column":8},"end":{"line":1056,"column":null}},"373":{"start":{"line":1060,"column":8},"end":{"line":1062,"column":null}},"374":{"start":{"line":1066,"column":8},"end":{"line":1069,"column":null}},"375":{"start":{"line":1081,"column":8},"end":{"line":1083,"column":null}},"376":{"start":{"line":1087,"column":8},"end":{"line":1089,"column":null}},"377":{"start":{"line":1093,"column":8},"end":{"line":1095,"column":null}},"378":{"start":{"line":1099,"column":8},"end":{"line":1102,"column":null}},"379":{"start":{"line":1114,"column":8},"end":{"line":1116,"column":null}},"380":{"start":{"line":1120,"column":8},"end":{"line":1122,"column":null}},"381":{"start":{"line":1126,"column":8},"end":{"line":1128,"column":null}},"382":{"start":{"line":1132,"column":8},"end":{"line":1135,"column":null}},"383":{"start":{"line":1148,"column":8},"end":{"line":1150,"column":null}},"384":{"start":{"line":1154,"column":8},"end":{"line":1156,"column":null}},"385":{"start":{"line":1160,"column":8},"end":{"line":1162,"column":null}},"386":{"start":{"line":1166,"column":8},"end":{"line":1169,"column":null}},"387":{"start":{"line":1181,"column":8},"end":{"line":1183,"column":null}},"388":{"start":{"line":1187,"column":8},"end":{"line":1189,"column":null}},"389":{"start":{"line":1193,"column":8},"end":{"line":1195,"column":null}},"390":{"start":{"line":1199,"column":8},"end":{"line":1202,"column":null}},"391":{"start":{"line":1215,"column":8},"end":{"line":1217,"column":null}},"392":{"start":{"line":1221,"column":8},"end":{"line":1223,"column":null}},"393":{"start":{"line":1227,"column":8},"end":{"line":1229,"column":null}},"394":{"start":{"line":1233,"column":8},"end":{"line":1236,"column":null}},"395":{"start":{"line":1249,"column":8},"end":{"line":1251,"column":null}},"396":{"start":{"line":1255,"column":8},"end":{"line":1257,"column":null}},"397":{"start":{"line":1261,"column":8},"end":{"line":1263,"column":null}},"398":{"start":{"line":1275,"column":8},"end":{"line":1277,"column":null}},"399":{"start":{"line":1281,"column":8},"end":{"line":1283,"column":null}},"400":{"start":{"line":1287,"column":8},"end":{"line":1289,"column":null}},"401":{"start":{"line":1301,"column":8},"end":{"line":1303,"column":null}},"402":{"start":{"line":1307,"column":8},"end":{"line":1309,"column":null}},"403":{"start":{"line":1313,"column":8},"end":{"line":1315,"column":null}},"404":{"start":{"line":1319,"column":8},"end":{"line":1322,"column":null}},"405":{"start":{"line":1334,"column":8},"end":{"line":1336,"column":null}},"406":{"start":{"line":1340,"column":8},"end":{"line":1342,"column":null}},"407":{"start":{"line":1346,"column":8},"end":{"line":1348,"column":null}},"408":{"start":{"line":1353,"column":8},"end":{"line":1357,"column":null}},"409":{"start":{"line":1367,"column":8},"end":{"line":1371,"column":null}},"410":{"start":{"line":1375,"column":8},"end":{"line":1385,"column":null}},"411":{"start":{"line":1389,"column":8},"end":{"line":1391,"column":null}},"412":{"start":{"line":1402,"column":8},"end":{"line":1406,"column":null}},"413":{"start":{"line":1410,"column":8},"end":{"line":1422,"column":null}},"414":{"start":{"line":1439,"column":8},"end":{"line":1444,"column":null}},"415":{"start":{"line":1448,"column":8},"end":{"line":1450,"column":null}},"416":{"start":{"line":1466,"column":8},"end":{"line":1471,"column":null}},"417":{"start":{"line":1475,"column":8},"end":{"line":1477,"column":null}},"418":{"start":{"line":1481,"column":8},"end":{"line":1483,"column":null}},"419":{"start":{"line":1502,"column":8},"end":{"line":1504,"column":null}},"420":{"start":{"line":1508,"column":8},"end":{"line":1510,"column":null}},"421":{"start":{"line":1522,"column":8},"end":{"line":1524,"column":null}},"422":{"start":{"line":1528,"column":8},"end":{"line":1530,"column":null}},"423":{"start":{"line":1547,"column":8},"end":{"line":1552,"column":null}},"424":{"start":{"line":1556,"column":8},"end":{"line":1558,"column":null}},"425":{"start":{"line":1576,"column":8},"end":{"line":1578,"column":null}},"426":{"start":{"line":1582,"column":8},"end":{"line":1584,"column":null}},"427":{"start":{"line":1601,"column":8},"end":{"line":1606,"column":null}},"428":{"start":{"line":1610,"column":8},"end":{"line":1612,"column":null}},"429":{"start":{"line":1620,"column":8},"end":{"line":1625,"column":null}},"430":{"start":{"line":1629,"column":8},"end":{"line":1634,"column":null}},"431":{"start":{"line":1649,"column":8},"end":{"line":1651,"column":null}},"432":{"start":{"line":1655,"column":8},"end":{"line":1657,"column":null}},"433":{"start":{"line":1663,"column":8},"end":{"line":1665,"column":null}},"434":{"start":{"line":1670,"column":8},"end":{"line":1675,"column":null}},"435":{"start":{"line":27,"column":13},"end":{"line":1676,"column":null}}},"fnMap":{"0":{"name":"(anonymous_4)","decl":{"start":{"line":28,"column":2},"end":{"line":28,"column":31}},"loc":{"start":{"line":28,"column":52},"end":{"line":28,"column":56}}},"1":{"name":"(anonymous_5)","decl":{"start":{"line":36,"column":10},"end":{"line":36,"column":37}},"loc":{"start":{"line":41,"column":3},"end":{"line":56,"column":3}}},"2":{"name":"(anonymous_6)","decl":{"start":{"line":49,"column":14},"end":{"line":49,"column":15}},"loc":{"start":{"line":49,"column":25},"end":{"line":49,"column":40}}},"3":{"name":"(anonymous_7)","decl":{"start":{"line":50,"column":11},"end":{"line":50,"column":12}},"loc":{"start":{"line":50,"column":24},"end":{"line":50,"column":29}}},"4":{"name":"(anonymous_8)","decl":{"start":{"line":60,"column":2},"end":{"line":60,"column":11}},"loc":{"start":{"line":60,"column":11},"end":{"line":67,"column":3}}},"5":{"name":"(anonymous_9)","decl":{"start":{"line":80,"column":8},"end":{"line":80,"column":17}},"loc":{"start":{"line":80,"column":68},"end":{"line":99,"column":3}}},"6":{"name":"(anonymous_10)","decl":{"start":{"line":111,"column":8},"end":{"line":111,"column":16}},"loc":{"start":{"line":111,"column":40},"end":{"line":115,"column":3}}},"7":{"name":"(anonymous_11)","decl":{"start":{"line":119,"column":8},"end":{"line":119,"column":19}},"loc":{"start":{"line":119,"column":37},"end":{"line":122,"column":3}}},"8":{"name":"(anonymous_12)","decl":{"start":{"line":126,"column":8},"end":{"line":126,"column":19}},"loc":{"start":{"line":126,"column":62},"end":{"line":131,"column":3}}},"9":{"name":"(anonymous_13)","decl":{"start":{"line":141,"column":8},"end":{"line":141,"column":20}},"loc":{"start":{"line":143,"column":70},"end":{"line":158,"column":3}}},"10":{"name":"(anonymous_14)","decl":{"start":{"line":163,"column":8},"end":{"line":163,"column":20}},"loc":{"start":{"line":163,"column":44},"end":{"line":181,"column":3}}},"11":{"name":"(anonymous_15)","decl":{"start":{"line":194,"column":8},"end":{"line":194,"column":17}},"loc":{"start":{"line":194,"column":68},"end":{"line":200,"column":3}}},"12":{"name":"(anonymous_16)","decl":{"start":{"line":212,"column":8},"end":{"line":212,"column":16}},"loc":{"start":{"line":212,"column":40},"end":{"line":219,"column":3}}},"13":{"name":"(anonymous_17)","decl":{"start":{"line":223,"column":8},"end":{"line":223,"column":19}},"loc":{"start":{"line":223,"column":37},"end":{"line":228,"column":3}}},"14":{"name":"(anonymous_18)","decl":{"start":{"line":232,"column":8},"end":{"line":232,"column":19}},"loc":{"start":{"line":232,"column":62},"end":{"line":236,"column":3}}},"15":{"name":"(anonymous_19)","decl":{"start":{"line":241,"column":8},"end":{"line":241,"column":20}},"loc":{"start":{"line":243,"column":70},"end":{"line":257,"column":3}}},"16":{"name":"(anonymous_20)","decl":{"start":{"line":261,"column":8},"end":{"line":261,"column":20}},"loc":{"start":{"line":261,"column":44},"end":{"line":269,"column":3}}},"17":{"name":"(anonymous_21)","decl":{"start":{"line":274,"column":8},"end":{"line":274,"column":27}},"loc":{"start":{"line":276,"column":83},"end":{"line":292,"column":3}}},"18":{"name":"(anonymous_22)","decl":{"start":{"line":296,"column":8},"end":{"line":296,"column":29}},"loc":{"start":{"line":296,"column":80},"end":{"line":298,"column":3}}},"19":{"name":"(anonymous_23)","decl":{"start":{"line":302,"column":8},"end":{"line":302,"column":29}},"loc":{"start":{"line":302,"column":53},"end":{"line":305,"column":3}}},"20":{"name":"(anonymous_24)","decl":{"start":{"line":318,"column":8},"end":{"line":318,"column":26}},"loc":{"start":{"line":318,"column":77},"end":{"line":324,"column":3}}},"21":{"name":"(anonymous_25)","decl":{"start":{"line":336,"column":8},"end":{"line":336,"column":25}},"loc":{"start":{"line":336,"column":49},"end":{"line":343,"column":3}}},"22":{"name":"(anonymous_26)","decl":{"start":{"line":347,"column":8},"end":{"line":347,"column":28}},"loc":{"start":{"line":347,"column":46},"end":{"line":352,"column":3}}},"23":{"name":"(anonymous_27)","decl":{"start":{"line":356,"column":8},"end":{"line":356,"column":28}},"loc":{"start":{"line":356,"column":71},"end":{"line":360,"column":3}}},"24":{"name":"(anonymous_28)","decl":{"start":{"line":364,"column":8},"end":{"line":364,"column":29}},"loc":{"start":{"line":366,"column":70},"end":{"line":380,"column":3}}},"25":{"name":"(anonymous_29)","decl":{"start":{"line":384,"column":8},"end":{"line":384,"column":29}},"loc":{"start":{"line":384,"column":53},"end":{"line":392,"column":3}}},"26":{"name":"(anonymous_30)","decl":{"start":{"line":396,"column":8},"end":{"line":396,"column":31}},"loc":{"start":{"line":398,"column":83},"end":{"line":414,"column":3}}},"27":{"name":"(anonymous_31)","decl":{"start":{"line":418,"column":8},"end":{"line":418,"column":33}},"loc":{"start":{"line":418,"column":93},"end":{"line":420,"column":3}}},"28":{"name":"(anonymous_32)","decl":{"start":{"line":424,"column":8},"end":{"line":424,"column":33}},"loc":{"start":{"line":424,"column":57},"end":{"line":427,"column":3}}},"29":{"name":"(anonymous_33)","decl":{"start":{"line":440,"column":8},"end":{"line":440,"column":18}},"loc":{"start":{"line":440,"column":69},"end":{"line":449,"column":3}}},"30":{"name":"(anonymous_34)","decl":{"start":{"line":461,"column":8},"end":{"line":461,"column":17}},"loc":{"start":{"line":461,"column":41},"end":{"line":471,"column":3}}},"31":{"name":"(anonymous_35)","decl":{"start":{"line":476,"column":8},"end":{"line":476,"column":20}},"loc":{"start":{"line":476,"column":38},"end":{"line":493,"column":3}}},"32":{"name":"(anonymous_36)","decl":{"start":{"line":497,"column":8},"end":{"line":497,"column":20}},"loc":{"start":{"line":497,"column":63},"end":{"line":501,"column":3}}},"33":{"name":"(anonymous_37)","decl":{"start":{"line":505,"column":8},"end":{"line":505,"column":21}},"loc":{"start":{"line":507,"column":70},"end":{"line":521,"column":3}}},"34":{"name":"(anonymous_38)","decl":{"start":{"line":525,"column":8},"end":{"line":525,"column":21}},"loc":{"start":{"line":525,"column":45},"end":{"line":533,"column":3}}},"35":{"name":"(anonymous_39)","decl":{"start":{"line":537,"column":8},"end":{"line":537,"column":28}},"loc":{"start":{"line":539,"column":83},"end":{"line":555,"column":3}}},"36":{"name":"(anonymous_40)","decl":{"start":{"line":560,"column":8},"end":{"line":560,"column":27}},"loc":{"start":{"line":562,"column":83},"end":{"line":579,"column":3}}},"37":{"name":"(anonymous_41)","decl":{"start":{"line":569,"column":59},"end":{"line":569,"column":60}},"loc":{"start":{"line":569,"column":64},"end":{"line":569,"column":79}}},"38":{"name":"(anonymous_42)","decl":{"start":{"line":584,"column":8},"end":{"line":584,"column":27}},"loc":{"start":{"line":586,"column":112},"end":{"line":603,"column":3}}},"39":{"name":"(anonymous_43)","decl":{"start":{"line":607,"column":8},"end":{"line":607,"column":30}},"loc":{"start":{"line":607,"column":82},"end":{"line":609,"column":3}}},"40":{"name":"(anonymous_44)","decl":{"start":{"line":613,"column":8},"end":{"line":613,"column":30}},"loc":{"start":{"line":613,"column":54},"end":{"line":616,"column":3}}},"41":{"name":"(anonymous_45)","decl":{"start":{"line":638,"column":8},"end":{"line":638,"column":16}},"loc":{"start":{"line":638,"column":67},"end":{"line":643,"column":3}}},"42":{"name":"(anonymous_46)","decl":{"start":{"line":647,"column":8},"end":{"line":647,"column":18}},"loc":{"start":{"line":647,"column":36},"end":{"line":652,"column":3}}},"43":{"name":"(anonymous_47)","decl":{"start":{"line":656,"column":8},"end":{"line":656,"column":18}},"loc":{"start":{"line":656,"column":61},"end":{"line":660,"column":3}}},"44":{"name":"(anonymous_48)","decl":{"start":{"line":664,"column":8},"end":{"line":664,"column":19}},"loc":{"start":{"line":666,"column":70},"end":{"line":680,"column":3}}},"45":{"name":"(anonymous_49)","decl":{"start":{"line":684,"column":8},"end":{"line":684,"column":19}},"loc":{"start":{"line":684,"column":43},"end":{"line":692,"column":3}}},"46":{"name":"(anonymous_50)","decl":{"start":{"line":697,"column":8},"end":{"line":697,"column":26}},"loc":{"start":{"line":699,"column":83},"end":{"line":715,"column":3}}},"47":{"name":"(anonymous_51)","decl":{"start":{"line":728,"column":8},"end":{"line":728,"column":26}},"loc":{"start":{"line":728,"column":26},"end":{"line":733,"column":3}}},"48":{"name":"(anonymous_52)","decl":{"start":{"line":737,"column":8},"end":{"line":737,"column":28}},"loc":{"start":{"line":737,"column":118},"end":{"line":742,"column":3}}},"49":{"name":"(anonymous_53)","decl":{"start":{"line":746,"column":8},"end":{"line":746,"column":28}},"loc":{"start":{"line":746,"column":52},"end":{"line":749,"column":3}}},"50":{"name":"(anonymous_54)","decl":{"start":{"line":762,"column":8},"end":{"line":762,"column":26}},"loc":{"start":{"line":762,"column":26},"end":{"line":764,"column":3}}},"51":{"name":"(anonymous_55)","decl":{"start":{"line":776,"column":8},"end":{"line":776,"column":25}},"loc":{"start":{"line":776,"column":49},"end":{"line":780,"column":3}}},"52":{"name":"(anonymous_56)","decl":{"start":{"line":784,"column":8},"end":{"line":784,"column":28}},"loc":{"start":{"line":784,"column":46},"end":{"line":786,"column":3}}},"53":{"name":"(anonymous_57)","decl":{"start":{"line":790,"column":8},"end":{"line":790,"column":28}},"loc":{"start":{"line":790,"column":71},"end":{"line":792,"column":3}}},"54":{"name":"(anonymous_58)","decl":{"start":{"line":796,"column":8},"end":{"line":796,"column":28}},"loc":{"start":{"line":796,"column":52},"end":{"line":799,"column":3}}},"55":{"name":"(anonymous_59)","decl":{"start":{"line":804,"column":8},"end":{"line":804,"column":31}},"loc":{"start":{"line":804,"column":31},"end":{"line":806,"column":3}}},"56":{"name":"(anonymous_60)","decl":{"start":{"line":810,"column":8},"end":{"line":810,"column":33}},"loc":{"start":{"line":810,"column":51},"end":{"line":812,"column":3}}},"57":{"name":"(anonymous_61)","decl":{"start":{"line":816,"column":8},"end":{"line":816,"column":33}},"loc":{"start":{"line":816,"column":76},"end":{"line":818,"column":3}}},"58":{"name":"(anonymous_62)","decl":{"start":{"line":822,"column":8},"end":{"line":822,"column":33}},"loc":{"start":{"line":822,"column":33},"end":{"line":824,"column":3}}},"59":{"name":"(anonymous_63)","decl":{"start":{"line":828,"column":8},"end":{"line":828,"column":35}},"loc":{"start":{"line":828,"column":53},"end":{"line":830,"column":3}}},"60":{"name":"(anonymous_64)","decl":{"start":{"line":843,"column":8},"end":{"line":843,"column":26}},"loc":{"start":{"line":843,"column":26},"end":{"line":848,"column":3}}},"61":{"name":"(anonymous_65)","decl":{"start":{"line":852,"column":8},"end":{"line":852,"column":28}},"loc":{"start":{"line":852,"column":46},"end":{"line":854,"column":3}}},"62":{"name":"(anonymous_66)","decl":{"start":{"line":858,"column":8},"end":{"line":858,"column":28}},"loc":{"start":{"line":858,"column":71},"end":{"line":860,"column":3}}},"63":{"name":"(anonymous_67)","decl":{"start":{"line":864,"column":8},"end":{"line":864,"column":28}},"loc":{"start":{"line":864,"column":52},"end":{"line":867,"column":3}}},"64":{"name":"(anonymous_68)","decl":{"start":{"line":879,"column":8},"end":{"line":879,"column":33}},"loc":{"start":{"line":879,"column":33},"end":{"line":881,"column":3}}},"65":{"name":"(anonymous_69)","decl":{"start":{"line":885,"column":8},"end":{"line":885,"column":35}},"loc":{"start":{"line":885,"column":53},"end":{"line":887,"column":3}}},"66":{"name":"(anonymous_70)","decl":{"start":{"line":891,"column":8},"end":{"line":891,"column":35}},"loc":{"start":{"line":891,"column":78},"end":{"line":893,"column":3}}},"67":{"name":"(anonymous_71)","decl":{"start":{"line":897,"column":8},"end":{"line":897,"column":35}},"loc":{"start":{"line":897,"column":59},"end":{"line":900,"column":3}}},"68":{"name":"(anonymous_72)","decl":{"start":{"line":912,"column":8},"end":{"line":912,"column":23}},"loc":{"start":{"line":912,"column":23},"end":{"line":914,"column":3}}},"69":{"name":"(anonymous_73)","decl":{"start":{"line":918,"column":8},"end":{"line":918,"column":25}},"loc":{"start":{"line":918,"column":43},"end":{"line":920,"column":3}}},"70":{"name":"(anonymous_74)","decl":{"start":{"line":924,"column":8},"end":{"line":924,"column":25}},"loc":{"start":{"line":924,"column":68},"end":{"line":926,"column":3}}},"71":{"name":"(anonymous_75)","decl":{"start":{"line":930,"column":8},"end":{"line":930,"column":25}},"loc":{"start":{"line":930,"column":49},"end":{"line":933,"column":3}}},"72":{"name":"(anonymous_76)","decl":{"start":{"line":945,"column":8},"end":{"line":945,"column":27}},"loc":{"start":{"line":945,"column":27},"end":{"line":947,"column":3}}},"73":{"name":"(anonymous_77)","decl":{"start":{"line":951,"column":8},"end":{"line":951,"column":29}},"loc":{"start":{"line":951,"column":47},"end":{"line":953,"column":3}}},"74":{"name":"(anonymous_78)","decl":{"start":{"line":957,"column":8},"end":{"line":957,"column":29}},"loc":{"start":{"line":957,"column":72},"end":{"line":959,"column":3}}},"75":{"name":"(anonymous_79)","decl":{"start":{"line":963,"column":8},"end":{"line":963,"column":29}},"loc":{"start":{"line":963,"column":53},"end":{"line":966,"column":3}}},"76":{"name":"(anonymous_80)","decl":{"start":{"line":979,"column":8},"end":{"line":979,"column":28}},"loc":{"start":{"line":979,"column":28},"end":{"line":984,"column":3}}},"77":{"name":"(anonymous_81)","decl":{"start":{"line":988,"column":8},"end":{"line":988,"column":30}},"loc":{"start":{"line":988,"column":48},"end":{"line":990,"column":3}}},"78":{"name":"(anonymous_82)","decl":{"start":{"line":994,"column":8},"end":{"line":994,"column":30}},"loc":{"start":{"line":994,"column":73},"end":{"line":996,"column":3}}},"79":{"name":"(anonymous_83)","decl":{"start":{"line":1000,"column":8},"end":{"line":1000,"column":30}},"loc":{"start":{"line":1000,"column":54},"end":{"line":1003,"column":3}}},"80":{"name":"(anonymous_84)","decl":{"start":{"line":1015,"column":8},"end":{"line":1015,"column":33}},"loc":{"start":{"line":1015,"column":33},"end":{"line":1017,"column":3}}},"81":{"name":"(anonymous_85)","decl":{"start":{"line":1021,"column":8},"end":{"line":1021,"column":35}},"loc":{"start":{"line":1021,"column":53},"end":{"line":1023,"column":3}}},"82":{"name":"(anonymous_86)","decl":{"start":{"line":1027,"column":8},"end":{"line":1027,"column":35}},"loc":{"start":{"line":1027,"column":78},"end":{"line":1029,"column":3}}},"83":{"name":"(anonymous_87)","decl":{"start":{"line":1033,"column":8},"end":{"line":1033,"column":35}},"loc":{"start":{"line":1033,"column":59},"end":{"line":1036,"column":3}}},"84":{"name":"(anonymous_88)","decl":{"start":{"line":1048,"column":8},"end":{"line":1048,"column":22}},"loc":{"start":{"line":1048,"column":22},"end":{"line":1050,"column":3}}},"85":{"name":"(anonymous_89)","decl":{"start":{"line":1054,"column":8},"end":{"line":1054,"column":24}},"loc":{"start":{"line":1054,"column":42},"end":{"line":1056,"column":3}}},"86":{"name":"(anonymous_90)","decl":{"start":{"line":1060,"column":8},"end":{"line":1060,"column":24}},"loc":{"start":{"line":1060,"column":67},"end":{"line":1062,"column":3}}},"87":{"name":"(anonymous_91)","decl":{"start":{"line":1066,"column":8},"end":{"line":1066,"column":24}},"loc":{"start":{"line":1066,"column":48},"end":{"line":1069,"column":3}}},"88":{"name":"(anonymous_92)","decl":{"start":{"line":1081,"column":8},"end":{"line":1081,"column":29}},"loc":{"start":{"line":1081,"column":29},"end":{"line":1083,"column":3}}},"89":{"name":"(anonymous_93)","decl":{"start":{"line":1087,"column":8},"end":{"line":1087,"column":31}},"loc":{"start":{"line":1087,"column":49},"end":{"line":1089,"column":3}}},"90":{"name":"(anonymous_94)","decl":{"start":{"line":1093,"column":8},"end":{"line":1093,"column":31}},"loc":{"start":{"line":1093,"column":74},"end":{"line":1095,"column":3}}},"91":{"name":"(anonymous_95)","decl":{"start":{"line":1099,"column":8},"end":{"line":1099,"column":31}},"loc":{"start":{"line":1099,"column":55},"end":{"line":1102,"column":3}}},"92":{"name":"(anonymous_96)","decl":{"start":{"line":1114,"column":8},"end":{"line":1114,"column":37}},"loc":{"start":{"line":1114,"column":37},"end":{"line":1116,"column":3}}},"93":{"name":"(anonymous_97)","decl":{"start":{"line":1120,"column":8},"end":{"line":1120,"column":39}},"loc":{"start":{"line":1120,"column":57},"end":{"line":1122,"column":3}}},"94":{"name":"(anonymous_98)","decl":{"start":{"line":1126,"column":8},"end":{"line":1126,"column":39}},"loc":{"start":{"line":1126,"column":82},"end":{"line":1128,"column":3}}},"95":{"name":"(anonymous_99)","decl":{"start":{"line":1132,"column":8},"end":{"line":1132,"column":39}},"loc":{"start":{"line":1132,"column":63},"end":{"line":1135,"column":3}}},"96":{"name":"(anonymous_100)","decl":{"start":{"line":1148,"column":8},"end":{"line":1148,"column":29}},"loc":{"start":{"line":1148,"column":29},"end":{"line":1150,"column":3}}},"97":{"name":"(anonymous_101)","decl":{"start":{"line":1154,"column":8},"end":{"line":1154,"column":30}},"loc":{"start":{"line":1154,"column":48},"end":{"line":1156,"column":3}}},"98":{"name":"(anonymous_102)","decl":{"start":{"line":1160,"column":8},"end":{"line":1160,"column":30}},"loc":{"start":{"line":1160,"column":73},"end":{"line":1162,"column":3}}},"99":{"name":"(anonymous_103)","decl":{"start":{"line":1166,"column":8},"end":{"line":1166,"column":30}},"loc":{"start":{"line":1166,"column":54},"end":{"line":1169,"column":3}}},"100":{"name":"(anonymous_104)","decl":{"start":{"line":1181,"column":8},"end":{"line":1181,"column":29}},"loc":{"start":{"line":1181,"column":29},"end":{"line":1183,"column":3}}},"101":{"name":"(anonymous_105)","decl":{"start":{"line":1187,"column":8},"end":{"line":1187,"column":31}},"loc":{"start":{"line":1187,"column":49},"end":{"line":1189,"column":3}}},"102":{"name":"(anonymous_106)","decl":{"start":{"line":1193,"column":8},"end":{"line":1193,"column":31}},"loc":{"start":{"line":1193,"column":74},"end":{"line":1195,"column":3}}},"103":{"name":"(anonymous_107)","decl":{"start":{"line":1199,"column":8},"end":{"line":1199,"column":31}},"loc":{"start":{"line":1199,"column":55},"end":{"line":1202,"column":3}}},"104":{"name":"(anonymous_108)","decl":{"start":{"line":1215,"column":8},"end":{"line":1215,"column":29}},"loc":{"start":{"line":1215,"column":29},"end":{"line":1217,"column":3}}},"105":{"name":"(anonymous_109)","decl":{"start":{"line":1221,"column":8},"end":{"line":1221,"column":31}},"loc":{"start":{"line":1221,"column":49},"end":{"line":1223,"column":3}}},"106":{"name":"(anonymous_110)","decl":{"start":{"line":1227,"column":8},"end":{"line":1227,"column":31}},"loc":{"start":{"line":1227,"column":74},"end":{"line":1229,"column":3}}},"107":{"name":"(anonymous_111)","decl":{"start":{"line":1233,"column":8},"end":{"line":1233,"column":31}},"loc":{"start":{"line":1233,"column":55},"end":{"line":1236,"column":3}}},"108":{"name":"(anonymous_112)","decl":{"start":{"line":1249,"column":8},"end":{"line":1249,"column":31}},"loc":{"start":{"line":1249,"column":31},"end":{"line":1251,"column":3}}},"109":{"name":"(anonymous_113)","decl":{"start":{"line":1255,"column":8},"end":{"line":1255,"column":33}},"loc":{"start":{"line":1255,"column":51},"end":{"line":1257,"column":3}}},"110":{"name":"(anonymous_114)","decl":{"start":{"line":1261,"column":8},"end":{"line":1261,"column":33}},"loc":{"start":{"line":1261,"column":76},"end":{"line":1263,"column":3}}},"111":{"name":"(anonymous_115)","decl":{"start":{"line":1275,"column":8},"end":{"line":1275,"column":23}},"loc":{"start":{"line":1275,"column":23},"end":{"line":1277,"column":3}}},"112":{"name":"(anonymous_116)","decl":{"start":{"line":1281,"column":8},"end":{"line":1281,"column":25}},"loc":{"start":{"line":1281,"column":43},"end":{"line":1283,"column":3}}},"113":{"name":"(anonymous_117)","decl":{"start":{"line":1287,"column":8},"end":{"line":1287,"column":25}},"loc":{"start":{"line":1287,"column":68},"end":{"line":1289,"column":3}}},"114":{"name":"(anonymous_118)","decl":{"start":{"line":1301,"column":8},"end":{"line":1301,"column":22}},"loc":{"start":{"line":1301,"column":22},"end":{"line":1303,"column":3}}},"115":{"name":"(anonymous_119)","decl":{"start":{"line":1307,"column":8},"end":{"line":1307,"column":24}},"loc":{"start":{"line":1307,"column":42},"end":{"line":1309,"column":3}}},"116":{"name":"(anonymous_120)","decl":{"start":{"line":1313,"column":8},"end":{"line":1313,"column":24}},"loc":{"start":{"line":1313,"column":67},"end":{"line":1315,"column":3}}},"117":{"name":"(anonymous_121)","decl":{"start":{"line":1319,"column":8},"end":{"line":1319,"column":24}},"loc":{"start":{"line":1319,"column":48},"end":{"line":1322,"column":3}}},"118":{"name":"(anonymous_122)","decl":{"start":{"line":1334,"column":8},"end":{"line":1334,"column":29}},"loc":{"start":{"line":1334,"column":29},"end":{"line":1336,"column":3}}},"119":{"name":"(anonymous_123)","decl":{"start":{"line":1340,"column":8},"end":{"line":1340,"column":31}},"loc":{"start":{"line":1340,"column":49},"end":{"line":1342,"column":3}}},"120":{"name":"(anonymous_124)","decl":{"start":{"line":1346,"column":8},"end":{"line":1346,"column":31}},"loc":{"start":{"line":1346,"column":74},"end":{"line":1348,"column":3}}},"121":{"name":"(anonymous_125)","decl":{"start":{"line":1353,"column":8},"end":{"line":1353,"column":17}},"loc":{"start":{"line":1353,"column":17},"end":{"line":1357,"column":3}}},"122":{"name":"(anonymous_126)","decl":{"start":{"line":1367,"column":8},"end":{"line":1367,"column":27}},"loc":{"start":{"line":1367,"column":27},"end":{"line":1371,"column":3}}},"123":{"name":"(anonymous_127)","decl":{"start":{"line":1375,"column":8},"end":{"line":1375,"column":22}},"loc":{"start":{"line":1375,"column":40},"end":{"line":1385,"column":3}}},"124":{"name":"(anonymous_128)","decl":{"start":{"line":1389,"column":8},"end":{"line":1389,"column":29}},"loc":{"start":{"line":1389,"column":72},"end":{"line":1391,"column":3}}},"125":{"name":"(anonymous_129)","decl":{"start":{"line":1402,"column":8},"end":{"line":1402,"column":28}},"loc":{"start":{"line":1402,"column":28},"end":{"line":1406,"column":3}}},"126":{"name":"(anonymous_130)","decl":{"start":{"line":1410,"column":8},"end":{"line":1410,"column":30}},"loc":{"start":{"line":1410,"column":48},"end":{"line":1422,"column":3}}},"127":{"name":"(anonymous_131)","decl":{"start":{"line":1439,"column":8},"end":{"line":1439,"column":20}},"loc":{"start":{"line":1439,"column":55},"end":{"line":1444,"column":3}}},"128":{"name":"(anonymous_132)","decl":{"start":{"line":1448,"column":8},"end":{"line":1448,"column":22}},"loc":{"start":{"line":1448,"column":40},"end":{"line":1450,"column":3}}},"129":{"name":"(anonymous_133)","decl":{"start":{"line":1466,"column":8},"end":{"line":1466,"column":26}},"loc":{"start":{"line":1466,"column":61},"end":{"line":1471,"column":3}}},"130":{"name":"(anonymous_134)","decl":{"start":{"line":1475,"column":8},"end":{"line":1475,"column":29}},"loc":{"start":{"line":1475,"column":47},"end":{"line":1477,"column":3}}},"131":{"name":"(anonymous_135)","decl":{"start":{"line":1481,"column":8},"end":{"line":1481,"column":29}},"loc":{"start":{"line":1481,"column":72},"end":{"line":1483,"column":3}}},"132":{"name":"(anonymous_136)","decl":{"start":{"line":1502,"column":8},"end":{"line":1502,"column":43}},"loc":{"start":{"line":1502,"column":43},"end":{"line":1504,"column":3}}},"133":{"name":"(anonymous_137)","decl":{"start":{"line":1508,"column":8},"end":{"line":1508,"column":45}},"loc":{"start":{"line":1508,"column":63},"end":{"line":1510,"column":3}}},"134":{"name":"(anonymous_138)","decl":{"start":{"line":1522,"column":8},"end":{"line":1522,"column":38}},"loc":{"start":{"line":1522,"column":38},"end":{"line":1524,"column":3}}},"135":{"name":"(anonymous_139)","decl":{"start":{"line":1528,"column":8},"end":{"line":1528,"column":40}},"loc":{"start":{"line":1528,"column":58},"end":{"line":1530,"column":3}}},"136":{"name":"(anonymous_140)","decl":{"start":{"line":1547,"column":8},"end":{"line":1547,"column":38}},"loc":{"start":{"line":1547,"column":73},"end":{"line":1552,"column":3}}},"137":{"name":"(anonymous_141)","decl":{"start":{"line":1556,"column":8},"end":{"line":1556,"column":40}},"loc":{"start":{"line":1556,"column":58},"end":{"line":1558,"column":3}}},"138":{"name":"(anonymous_142)","decl":{"start":{"line":1576,"column":8},"end":{"line":1576,"column":33}},"loc":{"start":{"line":1576,"column":33},"end":{"line":1578,"column":3}}},"139":{"name":"(anonymous_143)","decl":{"start":{"line":1582,"column":8},"end":{"line":1582,"column":35}},"loc":{"start":{"line":1582,"column":53},"end":{"line":1584,"column":3}}},"140":{"name":"(anonymous_144)","decl":{"start":{"line":1601,"column":8},"end":{"line":1601,"column":31}},"loc":{"start":{"line":1601,"column":31},"end":{"line":1606,"column":3}}},"141":{"name":"(anonymous_145)","decl":{"start":{"line":1610,"column":8},"end":{"line":1610,"column":33}},"loc":{"start":{"line":1610,"column":51},"end":{"line":1612,"column":3}}},"142":{"name":"(anonymous_146)","decl":{"start":{"line":1620,"column":8},"end":{"line":1620,"column":35}},"loc":{"start":{"line":1620,"column":100},"end":{"line":1625,"column":3}}},"143":{"name":"(anonymous_147)","decl":{"start":{"line":1629,"column":8},"end":{"line":1629,"column":32}},"loc":{"start":{"line":1629,"column":121},"end":{"line":1634,"column":3}}},"144":{"name":"(anonymous_148)","decl":{"start":{"line":1649,"column":8},"end":{"line":1649,"column":32}},"loc":{"start":{"line":1649,"column":32},"end":{"line":1651,"column":3}}},"145":{"name":"(anonymous_149)","decl":{"start":{"line":1655,"column":8},"end":{"line":1655,"column":34}},"loc":{"start":{"line":1655,"column":52},"end":{"line":1657,"column":3}}},"146":{"name":"(anonymous_150)","decl":{"start":{"line":1663,"column":8},"end":{"line":1663,"column":16}},"loc":{"start":{"line":1663,"column":16},"end":{"line":1665,"column":3}}},"147":{"name":"(anonymous_151)","decl":{"start":{"line":1670,"column":8},"end":{"line":1670,"column":20}},"loc":{"start":{"line":1670,"column":20},"end":{"line":1675,"column":3}}}},"branchMap":{"0":{"loc":{"start":{"line":49,"column":25},"end":{"line":49,"column":40}},"type":"binary-expr","locations":[{"start":{"line":49,"column":25},"end":{"line":49,"column":27}},{"start":{"line":49,"column":31},"end":{"line":49,"column":40}}]},"1":{"loc":{"start":{"line":51,"column":4},"end":{"line":55,"column":5}},"type":"if","locations":[{"start":{"line":51,"column":4},"end":{"line":55,"column":5}},{"start":{},"end":{}}]},"2":{"loc":{"start":{"line":82,"column":13},"end":{"line":82,"column":75}},"type":"cond-expr","locations":[{"start":{"line":82,"column":42},"end":{"line":82,"column":51}},{"start":{"line":82,"column":54},"end":{"line":82,"column":75}}]},"3":{"loc":{"start":{"line":113,"column":4},"end":{"line":113,"column":69}},"type":"if","locations":[{"start":{"line":113,"column":4},"end":{"line":113,"column":69}},{"start":{},"end":{}}]},"4":{"loc":{"start":{"line":128,"column":4},"end":{"line":128,"column":72}},"type":"if","locations":[{"start":{"line":128,"column":4},"end":{"line":128,"column":72}},{"start":{},"end":{}}]},"5":{"loc":{"start":{"line":143,"column":12},"end":{"line":143,"column":70}},"type":"default-arg","locations":[{"start":{"line":143,"column":68},"end":{"line":143,"column":70}}]},"6":{"loc":{"start":{"line":146,"column":4},"end":{"line":146,"column":72}},"type":"if","locations":[{"start":{"line":146,"column":4},"end":{"line":146,"column":72}},{"start":{},"end":{}}]},"7":{"loc":{"start":{"line":153,"column":20},"end":{"line":153,"column":44}},"type":"binary-expr","locations":[{"start":{"line":153,"column":20},"end":{"line":153,"column":36}},{"start":{"line":153,"column":40},"end":{"line":153,"column":44}}]},"8":{"loc":{"start":{"line":154,"column":23},"end":{"line":154,"column":50}},"type":"binary-expr","locations":[{"start":{"line":154,"column":23},"end":{"line":154,"column":42}},{"start":{"line":154,"column":46},"end":{"line":154,"column":50}}]},"9":{"loc":{"start":{"line":165,"column":4},"end":{"line":165,"column":72}},"type":"if","locations":[{"start":{"line":165,"column":4},"end":{"line":165,"column":72}},{"start":{},"end":{}}]},"10":{"loc":{"start":{"line":167,"column":6},"end":{"line":169,"column":17}},"type":"cond-expr","locations":[{"start":{"line":168,"column":10},"end":{"line":168,"column":22}},{"start":{"line":169,"column":10},"end":{"line":169,"column":17}}]},"11":{"loc":{"start":{"line":167,"column":6},"end":{"line":167,"column":92}},"type":"binary-expr","locations":[{"start":{"line":167,"column":6},"end":{"line":167,"column":47}},{"start":{"line":167,"column":51},"end":{"line":167,"column":92}}]},"12":{"loc":{"start":{"line":196,"column":13},"end":{"line":196,"column":75}},"type":"cond-expr","locations":[{"start":{"line":196,"column":42},"end":{"line":196,"column":51}},{"start":{"line":196,"column":54},"end":{"line":196,"column":75}}]},"13":{"loc":{"start":{"line":217,"column":4},"end":{"line":217,"column":69}},"type":"if","locations":[{"start":{"line":217,"column":4},"end":{"line":217,"column":69}},{"start":{},"end":{}}]},"14":{"loc":{"start":{"line":224,"column":4},"end":{"line":226,"column":5}},"type":"if","locations":[{"start":{"line":224,"column":4},"end":{"line":226,"column":5}},{"start":{},"end":{}}]},"15":{"loc":{"start":{"line":224,"column":8},"end":{"line":224,"column":50}},"type":"binary-expr","locations":[{"start":{"line":224,"column":8},"end":{"line":224,"column":30}},{"start":{"line":224,"column":34},"end":{"line":224,"column":50}}]},"16":{"loc":{"start":{"line":234,"column":4},"end":{"line":234,"column":72}},"type":"if","locations":[{"start":{"line":234,"column":4},"end":{"line":234,"column":72}},{"start":{},"end":{}}]},"17":{"loc":{"start":{"line":243,"column":12},"end":{"line":243,"column":70}},"type":"default-arg","locations":[{"start":{"line":243,"column":68},"end":{"line":243,"column":70}}]},"18":{"loc":{"start":{"line":246,"column":4},"end":{"line":246,"column":72}},"type":"if","locations":[{"start":{"line":246,"column":4},"end":{"line":246,"column":72}},{"start":{},"end":{}}]},"19":{"loc":{"start":{"line":252,"column":20},"end":{"line":252,"column":44}},"type":"binary-expr","locations":[{"start":{"line":252,"column":20},"end":{"line":252,"column":36}},{"start":{"line":252,"column":40},"end":{"line":252,"column":44}}]},"20":{"loc":{"start":{"line":253,"column":23},"end":{"line":253,"column":50}},"type":"binary-expr","locations":[{"start":{"line":253,"column":23},"end":{"line":253,"column":42}},{"start":{"line":253,"column":46},"end":{"line":253,"column":50}}]},"21":{"loc":{"start":{"line":263,"column":4},"end":{"line":263,"column":72}},"type":"if","locations":[{"start":{"line":263,"column":4},"end":{"line":263,"column":72}},{"start":{},"end":{}}]},"22":{"loc":{"start":{"line":279,"column":4},"end":{"line":279,"column":72}},"type":"if","locations":[{"start":{"line":279,"column":4},"end":{"line":279,"column":72}},{"start":{},"end":{}}]},"23":{"loc":{"start":{"line":280,"column":4},"end":{"line":282,"column":5}},"type":"if","locations":[{"start":{"line":280,"column":4},"end":{"line":282,"column":5}},{"start":{},"end":{}}]},"24":{"loc":{"start":{"line":280,"column":8},"end":{"line":280,"column":50}},"type":"binary-expr","locations":[{"start":{"line":280,"column":8},"end":{"line":280,"column":27}},{"start":{"line":280,"column":31},"end":{"line":280,"column":50}}]},"25":{"loc":{"start":{"line":320,"column":13},"end":{"line":320,"column":75}},"type":"cond-expr","locations":[{"start":{"line":320,"column":42},"end":{"line":320,"column":51}},{"start":{"line":320,"column":54},"end":{"line":320,"column":75}}]},"26":{"loc":{"start":{"line":341,"column":4},"end":{"line":341,"column":80}},"type":"if","locations":[{"start":{"line":341,"column":4},"end":{"line":341,"column":80}},{"start":{},"end":{}}]},"27":{"loc":{"start":{"line":348,"column":4},"end":{"line":350,"column":5}},"type":"if","locations":[{"start":{"line":348,"column":4},"end":{"line":350,"column":5}},{"start":{},"end":{}}]},"28":{"loc":{"start":{"line":348,"column":8},"end":{"line":348,"column":54}},"type":"binary-expr","locations":[{"start":{"line":348,"column":8},"end":{"line":348,"column":30}},{"start":{"line":348,"column":34},"end":{"line":348,"column":54}}]},"29":{"loc":{"start":{"line":358,"column":4},"end":{"line":358,"column":82}},"type":"if","locations":[{"start":{"line":358,"column":4},"end":{"line":358,"column":82}},{"start":{},"end":{}}]},"30":{"loc":{"start":{"line":366,"column":12},"end":{"line":366,"column":70}},"type":"default-arg","locations":[{"start":{"line":366,"column":68},"end":{"line":366,"column":70}}]},"31":{"loc":{"start":{"line":369,"column":4},"end":{"line":369,"column":82}},"type":"if","locations":[{"start":{"line":369,"column":4},"end":{"line":369,"column":82}},{"start":{},"end":{}}]},"32":{"loc":{"start":{"line":375,"column":20},"end":{"line":375,"column":44}},"type":"binary-expr","locations":[{"start":{"line":375,"column":20},"end":{"line":375,"column":36}},{"start":{"line":375,"column":40},"end":{"line":375,"column":44}}]},"33":{"loc":{"start":{"line":376,"column":23},"end":{"line":376,"column":50}},"type":"binary-expr","locations":[{"start":{"line":376,"column":23},"end":{"line":376,"column":42}},{"start":{"line":376,"column":46},"end":{"line":376,"column":50}}]},"34":{"loc":{"start":{"line":386,"column":4},"end":{"line":386,"column":82}},"type":"if","locations":[{"start":{"line":386,"column":4},"end":{"line":386,"column":82}},{"start":{},"end":{}}]},"35":{"loc":{"start":{"line":401,"column":4},"end":{"line":401,"column":82}},"type":"if","locations":[{"start":{"line":401,"column":4},"end":{"line":401,"column":82}},{"start":{},"end":{}}]},"36":{"loc":{"start":{"line":402,"column":4},"end":{"line":404,"column":5}},"type":"if","locations":[{"start":{"line":402,"column":4},"end":{"line":404,"column":5}},{"start":{},"end":{}}]},"37":{"loc":{"start":{"line":402,"column":8},"end":{"line":402,"column":50}},"type":"binary-expr","locations":[{"start":{"line":402,"column":8},"end":{"line":402,"column":27}},{"start":{"line":402,"column":31},"end":{"line":402,"column":50}}]},"38":{"loc":{"start":{"line":442,"column":13},"end":{"line":442,"column":75}},"type":"cond-expr","locations":[{"start":{"line":442,"column":42},"end":{"line":442,"column":51}},{"start":{"line":442,"column":54},"end":{"line":442,"column":75}}]},"39":{"loc":{"start":{"line":469,"column":4},"end":{"line":469,"column":71}},"type":"if","locations":[{"start":{"line":469,"column":4},"end":{"line":469,"column":71}},{"start":{},"end":{}}]},"40":{"loc":{"start":{"line":477,"column":4},"end":{"line":479,"column":5}},"type":"if","locations":[{"start":{"line":477,"column":4},"end":{"line":479,"column":5}},{"start":{},"end":{}}]},"41":{"loc":{"start":{"line":477,"column":8},"end":{"line":477,"column":51}},"type":"binary-expr","locations":[{"start":{"line":477,"column":8},"end":{"line":477,"column":30}},{"start":{"line":477,"column":34},"end":{"line":477,"column":51}}]},"42":{"loc":{"start":{"line":480,"column":4},"end":{"line":482,"column":5}},"type":"if","locations":[{"start":{"line":480,"column":4},"end":{"line":482,"column":5}},{"start":{},"end":{}}]},"43":{"loc":{"start":{"line":488,"column":65},"end":{"line":488,"column":97}},"type":"binary-expr","locations":[{"start":{"line":488,"column":65},"end":{"line":488,"column":76}},{"start":{"line":488,"column":80},"end":{"line":488,"column":97}}]},"44":{"loc":{"start":{"line":488,"column":110},"end":{"line":488,"column":145}},"type":"binary-expr","locations":[{"start":{"line":488,"column":110},"end":{"line":488,"column":119}},{"start":{"line":488,"column":123},"end":{"line":488,"column":145}}]},"45":{"loc":{"start":{"line":499,"column":4},"end":{"line":499,"column":73}},"type":"if","locations":[{"start":{"line":499,"column":4},"end":{"line":499,"column":73}},{"start":{},"end":{}}]},"46":{"loc":{"start":{"line":507,"column":12},"end":{"line":507,"column":70}},"type":"default-arg","locations":[{"start":{"line":507,"column":68},"end":{"line":507,"column":70}}]},"47":{"loc":{"start":{"line":510,"column":4},"end":{"line":510,"column":73}},"type":"if","locations":[{"start":{"line":510,"column":4},"end":{"line":510,"column":73}},{"start":{},"end":{}}]},"48":{"loc":{"start":{"line":516,"column":20},"end":{"line":516,"column":44}},"type":"binary-expr","locations":[{"start":{"line":516,"column":20},"end":{"line":516,"column":36}},{"start":{"line":516,"column":40},"end":{"line":516,"column":44}}]},"49":{"loc":{"start":{"line":517,"column":23},"end":{"line":517,"column":50}},"type":"binary-expr","locations":[{"start":{"line":517,"column":23},"end":{"line":517,"column":42}},{"start":{"line":517,"column":46},"end":{"line":517,"column":50}}]},"50":{"loc":{"start":{"line":527,"column":4},"end":{"line":527,"column":73}},"type":"if","locations":[{"start":{"line":527,"column":4},"end":{"line":527,"column":73}},{"start":{},"end":{}}]},"51":{"loc":{"start":{"line":542,"column":4},"end":{"line":542,"column":73}},"type":"if","locations":[{"start":{"line":542,"column":4},"end":{"line":542,"column":73}},{"start":{},"end":{}}]},"52":{"loc":{"start":{"line":543,"column":4},"end":{"line":545,"column":5}},"type":"if","locations":[{"start":{"line":543,"column":4},"end":{"line":545,"column":5}},{"start":{},"end":{}}]},"53":{"loc":{"start":{"line":543,"column":8},"end":{"line":543,"column":50}},"type":"binary-expr","locations":[{"start":{"line":543,"column":8},"end":{"line":543,"column":27}},{"start":{"line":543,"column":31},"end":{"line":543,"column":50}}]},"54":{"loc":{"start":{"line":565,"column":4},"end":{"line":565,"column":71}},"type":"if","locations":[{"start":{"line":565,"column":4},"end":{"line":565,"column":71}},{"start":{},"end":{}}]},"55":{"loc":{"start":{"line":566,"column":4},"end":{"line":568,"column":5}},"type":"if","locations":[{"start":{"line":566,"column":4},"end":{"line":568,"column":5}},{"start":{},"end":{}}]},"56":{"loc":{"start":{"line":566,"column":8},"end":{"line":566,"column":45}},"type":"binary-expr","locations":[{"start":{"line":566,"column":8},"end":{"line":566,"column":26}},{"start":{"line":566,"column":30},"end":{"line":566,"column":45}}]},"57":{"loc":{"start":{"line":589,"column":4},"end":{"line":589,"column":81}},"type":"if","locations":[{"start":{"line":589,"column":4},"end":{"line":589,"column":81}},{"start":{},"end":{}}]},"58":{"loc":{"start":{"line":590,"column":4},"end":{"line":592,"column":5}},"type":"if","locations":[{"start":{"line":590,"column":4},"end":{"line":592,"column":5}},{"start":{},"end":{}}]},"59":{"loc":{"start":{"line":640,"column":13},"end":{"line":640,"column":75}},"type":"cond-expr","locations":[{"start":{"line":640,"column":42},"end":{"line":640,"column":51}},{"start":{"line":640,"column":54},"end":{"line":640,"column":75}}]},"60":{"loc":{"start":{"line":648,"column":4},"end":{"line":650,"column":5}},"type":"if","locations":[{"start":{"line":648,"column":4},"end":{"line":650,"column":5}},{"start":{},"end":{}}]},"61":{"loc":{"start":{"line":648,"column":8},"end":{"line":648,"column":49}},"type":"binary-expr","locations":[{"start":{"line":648,"column":8},"end":{"line":648,"column":30}},{"start":{"line":648,"column":34},"end":{"line":648,"column":49}}]},"62":{"loc":{"start":{"line":658,"column":4},"end":{"line":658,"column":71}},"type":"if","locations":[{"start":{"line":658,"column":4},"end":{"line":658,"column":71}},{"start":{},"end":{}}]},"63":{"loc":{"start":{"line":666,"column":12},"end":{"line":666,"column":70}},"type":"default-arg","locations":[{"start":{"line":666,"column":68},"end":{"line":666,"column":70}}]},"64":{"loc":{"start":{"line":669,"column":4},"end":{"line":669,"column":71}},"type":"if","locations":[{"start":{"line":669,"column":4},"end":{"line":669,"column":71}},{"start":{},"end":{}}]},"65":{"loc":{"start":{"line":675,"column":20},"end":{"line":675,"column":44}},"type":"binary-expr","locations":[{"start":{"line":675,"column":20},"end":{"line":675,"column":36}},{"start":{"line":675,"column":40},"end":{"line":675,"column":44}}]},"66":{"loc":{"start":{"line":676,"column":23},"end":{"line":676,"column":50}},"type":"binary-expr","locations":[{"start":{"line":676,"column":23},"end":{"line":676,"column":42}},{"start":{"line":676,"column":46},"end":{"line":676,"column":50}}]},"67":{"loc":{"start":{"line":686,"column":4},"end":{"line":686,"column":71}},"type":"if","locations":[{"start":{"line":686,"column":4},"end":{"line":686,"column":71}},{"start":{},"end":{}}]},"68":{"loc":{"start":{"line":702,"column":4},"end":{"line":702,"column":71}},"type":"if","locations":[{"start":{"line":702,"column":4},"end":{"line":702,"column":71}},{"start":{},"end":{}}]},"69":{"loc":{"start":{"line":703,"column":4},"end":{"line":705,"column":5}},"type":"if","locations":[{"start":{"line":703,"column":4},"end":{"line":705,"column":5}},{"start":{},"end":{}}]},"70":{"loc":{"start":{"line":703,"column":8},"end":{"line":703,"column":50}},"type":"binary-expr","locations":[{"start":{"line":703,"column":8},"end":{"line":703,"column":27}},{"start":{"line":703,"column":31},"end":{"line":703,"column":50}}]},"71":{"loc":{"start":{"line":738,"column":4},"end":{"line":740,"column":5}},"type":"if","locations":[{"start":{"line":738,"column":4},"end":{"line":740,"column":5}},{"start":{},"end":{}}]},"72":{"loc":{"start":{"line":778,"column":4},"end":{"line":778,"column":80}},"type":"if","locations":[{"start":{"line":778,"column":4},"end":{"line":778,"column":80}},{"start":{},"end":{}}]},"73":{"loc":{"start":{"line":1379,"column":20},"end":{"line":1379,"column":57}},"type":"binary-expr","locations":[{"start":{"line":1379,"column":20},"end":{"line":1379,"column":35}},{"start":{"line":1379,"column":39},"end":{"line":1379,"column":57}}]},"74":{"loc":{"start":{"line":1380,"column":15},"end":{"line":1380,"column":60}},"type":"binary-expr","locations":[{"start":{"line":1380,"column":15},"end":{"line":1380,"column":25}},{"start":{"line":1380,"column":29},"end":{"line":1380,"column":60}}]},"75":{"loc":{"start":{"line":1381,"column":26},"end":{"line":1381,"column":52}},"type":"binary-expr","locations":[{"start":{"line":1381,"column":26},"end":{"line":1381,"column":38}},{"start":{"line":1381,"column":42},"end":{"line":1381,"column":52}}]},"76":{"loc":{"start":{"line":1382,"column":16},"end":{"line":1382,"column":42}},"type":"binary-expr","locations":[{"start":{"line":1382,"column":16},"end":{"line":1382,"column":27}},{"start":{"line":1382,"column":31},"end":{"line":1382,"column":42}}]},"77":{"loc":{"start":{"line":1415,"column":16},"end":{"line":1415,"column":37}},"type":"binary-expr","locations":[{"start":{"line":1415,"column":16},"end":{"line":1415,"column":27}},{"start":{"line":1415,"column":31},"end":{"line":1415,"column":37}}]},"78":{"loc":{"start":{"line":1416,"column":18},"end":{"line":1416,"column":43}},"type":"binary-expr","locations":[{"start":{"line":1416,"column":18},"end":{"line":1416,"column":31}},{"start":{"line":1416,"column":35},"end":{"line":1416,"column":43}}]},"79":{"loc":{"start":{"line":1417,"column":20},"end":{"line":1417,"column":54}},"type":"binary-expr","locations":[{"start":{"line":1417,"column":20},"end":{"line":1417,"column":35}},{"start":{"line":1417,"column":39},"end":{"line":1417,"column":54}}]},"80":{"loc":{"start":{"line":1418,"column":26},"end":{"line":1418,"column":52}},"type":"binary-expr","locations":[{"start":{"line":1418,"column":26},"end":{"line":1418,"column":38}},{"start":{"line":1418,"column":42},"end":{"line":1418,"column":52}}]},"81":{"loc":{"start":{"line":1419,"column":21},"end":{"line":1419,"column":43}},"type":"binary-expr","locations":[{"start":{"line":1419,"column":21},"end":{"line":1419,"column":37}},{"start":{"line":1419,"column":41},"end":{"line":1419,"column":43}}]},"82":{"loc":{"start":{"line":1441,"column":13},"end":{"line":1441,"column":46}},"type":"cond-expr","locations":[{"start":{"line":1441,"column":23},"end":{"line":1441,"column":34}},{"start":{"line":1441,"column":37},"end":{"line":1441,"column":46}}]},"83":{"loc":{"start":{"line":1468,"column":13},"end":{"line":1468,"column":46}},"type":"cond-expr","locations":[{"start":{"line":1468,"column":23},"end":{"line":1468,"column":34}},{"start":{"line":1468,"column":37},"end":{"line":1468,"column":46}}]},"84":{"loc":{"start":{"line":1549,"column":13},"end":{"line":1549,"column":46}},"type":"cond-expr","locations":[{"start":{"line":1549,"column":23},"end":{"line":1549,"column":34}},{"start":{"line":1549,"column":37},"end":{"line":1549,"column":46}}]}},"s":{"0":6,"1":6,"2":6,"3":6,"4":6,"5":6,"6":8,"7":8,"8":32,"9":5,"10":8,"11":2,"12":0,"13":2,"14":1,"15":1,"16":1,"17":0,"18":7,"19":5,"20":2,"21":2,"22":1,"23":1,"24":1,"25":4,"26":4,"27":1,"28":3,"29":3,"30":2,"31":2,"32":1,"33":1,"34":1,"35":1,"36":0,"37":0,"38":0,"39":0,"40":0,"41":0,"42":0,"43":0,"44":0,"45":0,"46":0,"47":0,"48":0,"49":0,"50":0,"51":0,"52":0,"53":0,"54":0,"55":0,"56":0,"57":0,"58":0,"59":0,"60":0,"61":0,"62":0,"63":0,"64":0,"65":0,"66":0,"67":0,"68":0,"69":0,"70":0,"71":0,"72":0,"73":0,"74":0,"75":0,"76":0,"77":0,"78":0,"79":0,"80":0,"81":0,"82":0,"83":0,"84":0,"85":0,"86":0,"87":0,"88":0,"89":0,"90":0,"91":0,"92":0,"93":0,"94":0,"95":0,"96":0,"97":0,"98":0,"99":0,"100":0,"101":0,"102":0,"103":0,"104":0,"105":0,"106":0,"107":0,"108":0,"109":0,"110":0,"111":0,"112":0,"113":0,"114":0,"115":0,"116":0,"117":0,"118":0,"119":0,"120":0,"121":0,"122":0,"123":0,"124":0,"125":0,"126":0,"127":0,"128":0,"129":0,"130":0,"131":0,"132":0,"133":0,"134":0,"135":0,"136":0,"137":0,"138":0,"139":0,"140":0,"141":0,"142":0,"143":0,"144":0,"145":0,"146":0,"147":0,"148":0,"149":0,"150":0,"151":0,"152":0,"153":0,"154":0,"155":0,"156":0,"157":0,"158":0,"159":0,"160":0,"161":0,"162":0,"163":0,"164":0,"165":0,"166":0,"167":0,"168":0,"169":0,"170":0,"171":0,"172":0,"173":0,"174":0,"175":0,"176":0,"177":2,"178":2,"179":1,"180":1,"181":2,"182":1,"183":1,"184":1,"185":1,"186":1,"187":1,"188":1,"189":1,"190":1,"191":1,"192":1,"193":1,"194":1,"195":0,"196":1,"197":0,"198":1,"199":1,"200":0,"201":1,"202":1,"203":1,"204":1,"205":0,"206":0,"207":0,"208":0,"209":0,"210":0,"211":0,"212":0,"213":0,"214":0,"215":0,"216":0,"217":0,"218":0,"219":0,"220":0,"221":0,"222":0,"223":0,"224":0,"225":0,"226":0,"227":0,"228":0,"229":0,"230":0,"231":0,"232":0,"233":0,"234":0,"235":0,"236":1,"237":0,"238":0,"239":0,"240":1,"241":1,"242":1,"243":0,"244":0,"245":1,"246":1,"247":2,"248":1,"249":1,"250":2,"251":1,"252":1,"253":1,"254":1,"255":1,"256":1,"257":2,"258":1,"259":1,"260":1,"261":0,"262":0,"263":0,"264":0,"265":0,"266":0,"267":0,"268":0,"269":0,"270":0,"271":0,"272":0,"273":0,"274":0,"275":0,"276":0,"277":0,"278":0,"279":0,"280":0,"281":0,"282":0,"283":0,"284":0,"285":0,"286":0,"287":0,"288":0,"289":0,"290":0,"291":6,"292":6,"293":6,"294":6,"295":6,"296":6,"297":6,"298":6,"299":6,"300":6,"301":6,"302":6,"303":6,"304":6,"305":6,"306":6,"307":6,"308":6,"309":6,"310":6,"311":6,"312":6,"313":6,"314":6,"315":6,"316":6,"317":6,"318":6,"319":6,"320":6,"321":6,"322":6,"323":6,"324":6,"325":6,"326":6,"327":6,"328":6,"329":6,"330":6,"331":6,"332":6,"333":6,"334":6,"335":6,"336":6,"337":6,"338":6,"339":6,"340":6,"341":6,"342":6,"343":6,"344":6,"345":6,"346":6,"347":6,"348":6,"349":6,"350":6,"351":6,"352":6,"353":6,"354":6,"355":6,"356":6,"357":6,"358":6,"359":6,"360":6,"361":6,"362":6,"363":6,"364":6,"365":6,"366":6,"367":6,"368":6,"369":6,"370":6,"371":6,"372":6,"373":6,"374":6,"375":6,"376":6,"377":6,"378":6,"379":6,"380":6,"381":6,"382":6,"383":6,"384":6,"385":6,"386":6,"387":6,"388":6,"389":6,"390":6,"391":6,"392":6,"393":6,"394":6,"395":6,"396":6,"397":6,"398":6,"399":6,"400":6,"401":6,"402":6,"403":6,"404":6,"405":6,"406":6,"407":6,"408":6,"409":6,"410":6,"411":6,"412":6,"413":6,"414":6,"415":6,"416":6,"417":6,"418":6,"419":6,"420":6,"421":6,"422":6,"423":6,"424":6,"425":6,"426":6,"427":6,"428":6,"429":6,"430":6,"431":6,"432":6,"433":6,"434":6,"435":6},"f":{"0":6,"1":8,"2":32,"3":5,"4":0,"5":2,"6":1,"7":7,"8":2,"9":4,"10":2,"11":0,"12":0,"13":0,"14":0,"15":0,"16":0,"17":0,"18":0,"19":0,"20":0,"21":0,"22":0,"23":0,"24":0,"25":0,"26":0,"27":0,"28":0,"29":0,"30":0,"31":0,"32":0,"33":0,"34":0,"35":0,"36":0,"37":0,"38":0,"39":0,"40":0,"41":0,"42":0,"43":0,"44":0,"45":0,"46":0,"47":0,"48":0,"49":0,"50":0,"51":2,"52":2,"53":1,"54":1,"55":1,"56":1,"57":1,"58":1,"59":1,"60":1,"61":1,"62":1,"63":1,"64":0,"65":1,"66":0,"67":1,"68":0,"69":1,"70":1,"71":1,"72":0,"73":0,"74":0,"75":0,"76":0,"77":0,"78":0,"79":0,"80":0,"81":0,"82":0,"83":0,"84":0,"85":0,"86":0,"87":0,"88":0,"89":0,"90":0,"91":0,"92":0,"93":0,"94":0,"95":0,"96":0,"97":1,"98":0,"99":0,"100":1,"101":1,"102":1,"103":0,"104":1,"105":1,"106":2,"107":1,"108":2,"109":1,"110":1,"111":1,"112":1,"113":1,"114":1,"115":2,"116":1,"117":1,"118":0,"119":0,"120":0,"121":0,"122":0,"123":0,"124":0,"125":0,"126":0,"127":0,"128":0,"129":0,"130":0,"131":0,"132":0,"133":0,"134":0,"135":0,"136":0,"137":0,"138":0,"139":0,"140":0,"141":0,"142":0,"143":0,"144":0,"145":0,"146":0,"147":0},"b":{"0":[32,27],"1":[2,6],"2":[1,1],"3":[1,0],"4":[1,1],"5":[0],"6":[1,3],"7":[3,2],"8":[3,2],"9":[1,1],"10":[0,1],"11":[1,1],"12":[0,0],"13":[0,0],"14":[0,0],"15":[0,0],"16":[0,0],"17":[0],"18":[0,0],"19":[0,0],"20":[0,0],"21":[0,0],"22":[0,0],"23":[0,0],"24":[0,0],"25":[0,0],"26":[0,0],"27":[0,0],"28":[0,0],"29":[0,0],"30":[0],"31":[0,0],"32":[0,0],"33":[0,0],"34":[0,0],"35":[0,0],"36":[0,0],"37":[0,0],"38":[0,0],"39":[0,0],"40":[0,0],"41":[0,0],"42":[0,0],"43":[0,0],"44":[0,0],"45":[0,0],"46":[0],"47":[0,0],"48":[0,0],"49":[0,0],"50":[0,0],"51":[0,0],"52":[0,0],"53":[0,0],"54":[0,0],"55":[0,0],"56":[0,0],"57":[0,0],"58":[0,0],"59":[0,0],"60":[0,0],"61":[0,0],"62":[0,0],"63":[0],"64":[0,0],"65":[0,0],"66":[0,0],"67":[0,0],"68":[0,0],"69":[0,0],"70":[0,0],"71":[0,0],"72":[1,1],"73":[0,0],"74":[0,0],"75":[0,0],"76":[0,0],"77":[0,0],"78":[0,0],"79":[0,0],"80":[0,0],"81":[0,0],"82":[0,0],"83":[0,0],"84":[0,0]}}
,"C:\\Users\\VT348\\Documents\\GitHub\\OrchestrAI OMG\\backend\\src\\app.module.ts": {"path":"C:\\Users\\VT348\\Documents\\GitHub\\OrchestrAI OMG\\backend\\src\\app.module.ts","statementMap":{"0":{"start":{"line":1,"column":0},"end":{"line":1,"column":40}},"1":{"start":{"line":2,"column":0},"end":{"line":2,"column":49}},"2":{"start":{"line":3,"column":0},"end":{"line":3,"column":49}},"3":{"start":{"line":10,"column":7},"end":{"line":10,"column":null}},"4":{"start":{"line":10,"column":13},"end":{"line":10,"column":22}},"5":{"start":{"line":10,"column":13},"end":{"line":10,"column":null}}},"fnMap":{},"branchMap":{},"s":{"0":6,"1":6,"2":6,"3":6,"4":6,"5":6},"f":{},"b":{}}
,"C:\\Users\\VT348\\Documents\\GitHub\\OrchestrAI OMG\\backend\\src\\main.ts": {"path":"C:\\Users\\VT348\\Documents\\GitHub\\OrchestrAI OMG\\backend\\src\\main.ts","statementMap":{"0":{"start":{"line":1,"column":0},"end":{"line":1,"column":43}},"1":{"start":{"line":2,"column":0},"end":{"line":2,"column":41}},"2":{"start":{"line":10,"column":32},"end":{"line":14,"column":2}},"3":{"start":{"line":17,"column":14},"end":{"line":17,"column":49}},"4":{"start":{"line":19,"column":26},"end":{"line":21,"column":29}},"5":{"start":{"line":20,"column":53},"end":{"line":20,"column":61}},"6":{"start":{"line":23,"column":2},"end":{"line":36,"column":5}},"7":{"start":{"line":30,"column":6},"end":{"line":30,"column":65}},"8":{"start":{"line":38,"column":15},"end":{"line":38,"column":39}},"9":{"start":{"line":39,"column":2},"end":{"line":39,"column":25}},"10":{"start":{"line":40,"column":2},"end":{"line":40,"column":60}},"11":{"start":{"line":41,"column":2},"end":{"line":41,"column":63}},"12":{"start":{"line":43,"column":0},"end":{"line":43,"column":12}}},"fnMap":{"0":{"name":"bootstrap","decl":{"start":{"line":16,"column":15},"end":{"line":16,"column":24}},"loc":{"start":{"line":16,"column":24},"end":{"line":42,"column":1}}},"1":{"name":"(anonymous_1)","decl":{"start":{"line":20,"column":46},"end":{"line":20,"column":47}},"loc":{"start":{"line":20,"column":53},"end":{"line":20,"column":61}}},"2":{"name":"(anonymous_2)","decl":{"start":{"line":26,"column":12},"end":{"line":26,"column":13}},"loc":{"start":{"line":26,"column":33},"end":{"line":31,"column":5}}}},"branchMap":{"0":{"loc":{"start":{"line":19,"column":26},"end":{"line":21,"column":29}},"type":"cond-expr","locations":[{"start":{"line":20,"column":6},"end":{"line":20,"column":78}},{"start":{"line":21,"column":6},"end":{"line":21,"column":29}}]},"1":{"loc":{"start":{"line":30,"column":21},"end":{"line":30,"column":63}},"type":"binary-expr","locations":[{"start":{"line":30,"column":21},"end":{"line":30,"column":28}},{"start":{"line":30,"column":32},"end":{"line":30,"column":63}}]},"2":{"loc":{"start":{"line":38,"column":15},"end":{"line":38,"column":39}},"type":"binary-expr","locations":[{"start":{"line":38,"column":15},"end":{"line":38,"column":31}},{"start":{"line":38,"column":35},"end":{"line":38,"column":39}}]}},"s":{"0":0,"1":0,"2":0,"3":0,"4":0,"5":0,"6":0,"7":0,"8":0,"9":0,"10":0,"11":0,"12":0},"f":{"0":0,"1":0,"2":0},"b":{"0":[0,0],"1":[0,0],"2":[0,0]}}
,"C:\\Users\\VT348\\Documents\\GitHub\\OrchestrAI OMG\\backend\\src\\prisma.service.ts": {"path":"C:\\Users\\VT348\\Documents\\GitHub\\OrchestrAI OMG\\backend\\src\\prisma.service.ts","statementMap":{"0":{"start":{"line":1,"column":0},"end":{"line":1,"column":75}},"1":{"start":{"line":2,"column":0},"end":{"line":2,"column":46}},"2":{"start":{"line":5,"column":7},"end":{"line":13,"column":null}},"3":{"start":{"line":7,"column":4},"end":{"line":7,"column":26}},"4":{"start":{"line":11,"column":4},"end":{"line":11,"column":29}},"5":{"start":{"line":5,"column":13},"end":{"line":5,"column":26}},"6":{"start":{"line":5,"column":13},"end":{"line":13,"column":null}}},"fnMap":{"0":{"name":"(anonymous_1)","decl":{"start":{"line":6,"column":2},"end":{"line":6,"column":7}},"loc":{"start":{"line":6,"column":20},"end":{"line":8,"column":3}}},"1":{"name":"(anonymous_2)","decl":{"start":{"line":10,"column":2},"end":{"line":10,"column":7}},"loc":{"start":{"line":10,"column":23},"end":{"line":12,"column":3}}}},"branchMap":{},"s":{"0":6,"1":6,"2":6,"3":6,"4":6,"5":6,"6":6},"f":{"0":6,"1":6},"b":{}}
,"C:\\Users\\VT348\\Documents\\GitHub\\OrchestrAI OMG\\backend\\src\\auth\\roles.decorator.ts": {"path":"C:\\Users\\VT348\\Documents\\GitHub\\OrchestrAI OMG\\backend\\src\\auth\\roles.decorator.ts","statementMap":{"0":{"start":{"line":1,"column":0},"end":{"line":1,"column":45}},"1":{"start":{"line":4,"column":13},"end":{"line":4,"column":33}},"2":{"start":{"line":5,"column":21},"end":{"line":5,"column":76}},"3":{"start":{"line":5,"column":47},"end":{"line":5,"column":76}},"4":{"start":{"line":5,"column":13},"end":{"line":5,"column":21}}},"fnMap":{"0":{"name":"(anonymous_0)","decl":{"start":{"line":5,"column":21},"end":{"line":5,"column":22}},"loc":{"start":{"line":5,"column":47},"end":{"line":5,"column":76}}}},"branchMap":{},"s":{"0":6,"1":6,"2":6,"3":852,"4":6},"f":{"0":852},"b":{}}
,"C:\\Users\\VT348\\Documents\\GitHub\\OrchestrAI OMG\\backend\\src\\auth\\roles.guard.ts": {"path":"C:\\Users\\VT348\\Documents\\GitHub\\OrchestrAI OMG\\backend\\src\\auth\\roles.guard.ts","statementMap":{"0":{"start":{"line":1,"column":0},"end":{"line":1,"column":null}},"1":{"start":{"line":8,"column":0},"end":{"line":8,"column":41}},"2":{"start":{"line":9,"column":0},"end":{"line":9,"column":42}},"3":{"start":{"line":10,"column":0},"end":{"line":10,"column":46}},"4":{"start":{"line":41,"column":22},"end":{"line":41,"column":33}},"5":{"start":{"line":36,"column":19},"end":{"line":36,"column":56}},"6":{"start":{"line":44,"column":26},"end":{"line":47,"column":6}},"7":{"start":{"line":52,"column":4},"end":{"line":54,"column":5}},"8":{"start":{"line":53,"column":6},"end":{"line":53,"column":18}},"9":{"start":{"line":56,"column":20},"end":{"line":56,"column":55}},"10":{"start":{"line":57,"column":24},"end":{"line":57,"column":76}},"11":{"start":{"line":60,"column":4},"end":{"line":67,"column":5}},"12":{"start":{"line":61,"column":6},"end":{"line":63,"column":8}},"13":{"start":{"line":64,"column":6},"end":{"line":66,"column":8}},"14":{"start":{"line":70,"column":4},"end":{"line":75,"column":5}},"15":{"start":{"line":71,"column":6},"end":{"line":73,"column":8}},"16":{"start":{"line":74,"column":6},"end":{"line":74,"column":63}},"17":{"start":{"line":79,"column":4},"end":{"line":86,"column":5}},"18":{"start":{"line":80,"column":6},"end":{"line":82,"column":8}},"19":{"start":{"line":83,"column":6},"end":{"line":85,"column":8}},"20":{"start":{"line":88,"column":4},"end":{"line":88,"column":16}},"21":{"start":{"line":35,"column":13},"end":{"line":35,"column":23}},"22":{"start":{"line":39,"column":26},"end":{"line":39,"column":81}},"23":{"start":{"line":35,"column":13},"end":{"line":90,"column":null}}},"fnMap":{"0":{"name":"(anonymous_2)","decl":{"start":{"line":41,"column":2},"end":{"line":41,"column":22}},"loc":{"start":{"line":41,"column":42},"end":{"line":41,"column":46}}},"1":{"name":"(anonymous_3)","decl":{"start":{"line":43,"column":2},"end":{"line":43,"column":13}},"loc":{"start":{"line":43,"column":39},"end":{"line":89,"column":3}}}},"branchMap":{"0":{"loc":{"start":{"line":52,"column":4},"end":{"line":54,"column":5}},"type":"if","locations":[{"start":{"line":52,"column":4},"end":{"line":54,"column":5}},{"start":{},"end":{}}]},"1":{"loc":{"start":{"line":52,"column":8},"end":{"line":52,"column":52}},"type":"binary-expr","locations":[{"start":{"line":52,"column":8},"end":{"line":52,"column":22}},{"start":{"line":52,"column":26},"end":{"line":52,"column":52}}]},"2":{"loc":{"start":{"line":60,"column":4},"end":{"line":67,"column":5}},"type":"if","locations":[{"start":{"line":60,"column":4},"end":{"line":67,"column":5}},{"start":{},"end":{}}]},"3":{"loc":{"start":{"line":70,"column":4},"end":{"line":75,"column":5}},"type":"if","locations":[{"start":{"line":70,"column":4},"end":{"line":75,"column":5}},{"start":{},"end":{}}]},"4":{"loc":{"start":{"line":79,"column":4},"end":{"line":86,"column":5}},"type":"if","locations":[{"start":{"line":79,"column":4},"end":{"line":86,"column":5}},{"start":{},"end":{}}]}},"s":{"0":6,"1":6,"2":6,"3":6,"4":6,"5":6,"6":71,"7":71,"8":0,"9":71,"10":71,"11":71,"12":2,"13":2,"14":69,"15":0,"16":0,"17":69,"18":10,"19":10,"20":59,"21":6,"22":6,"23":6},"f":{"0":6,"1":71},"b":{"0":[0,71],"1":[71,71],"2":[2,69],"3":[0,69],"4":[10,59]}}
,"C:\\Users\\VT348\\Documents\\GitHub\\OrchestrAI OMG\\backend\\src\\test\\test-app.ts": {"path":"C:\\Users\\VT348\\Documents\\GitHub\\OrchestrAI OMG\\backend\\src\\test\\test-app.ts","statementMap":{"0":{"start":{"line":26,"column":0},"end":{"line":26,"column":16}},"1":{"start":{"line":32,"column":0},"end":{"line":32,"column":16}},"2":{"start":{"line":47,"column":0},"end":{"line":47,"column":7}},"3":{"start":{"line":13,"column":0},"end":{"line":13,"column":39}},"4":{"start":{"line":15,"column":0},"end":{"line":15,"column":42}},"5":{"start":{"line":16,"column":0},"end":{"line":16,"column":50}},"6":{"start":{"line":18,"column":13},"end":{"line":18,"column":41}},"7":{"start":{"line":21,"column":13},"end":{"line":21,"column":69}},"8":{"start":{"line":23,"column":14},"end":{"line":23,"column":15}},"9":{"start":{"line":27,"column":2},"end":{"line":27,"column":15}},"10":{"start":{"line":28,"column":2},"end":{"line":28,"column":51}},"11":{"start":{"line":33,"column":2},"end":{"line":43,"column":4}},"12":{"start":{"line":48,"column":20},"end":{"line":50,"column":14}},"13":{"start":{"line":52,"column":14},"end":{"line":52,"column":47}},"14":{"start":{"line":53,"column":2},"end":{"line":53,"column":19}},"15":{"start":{"line":55,"column":17},"end":{"line":55,"column":45}},"16":{"start":{"line":56,"column":2},"end":{"line":56,"column":25}}},"fnMap":{"0":{"name":"testTag","decl":{"start":{"line":26,"column":16},"end":{"line":26,"column":23}},"loc":{"start":{"line":26,"column":38},"end":{"line":29,"column":1}}},"1":{"name":"assetFixture","decl":{"start":{"line":32,"column":16},"end":{"line":32,"column":28}},"loc":{"start":{"line":32,"column":68},"end":{"line":44,"column":1}}},"2":{"name":"createTestApp","decl":{"start":{"line":47,"column":22},"end":{"line":47,"column":35}},"loc":{"start":{"line":47,"column":35},"end":{"line":57,"column":1}}}},"branchMap":{"0":{"loc":{"start":{"line":32,"column":29},"end":{"line":32,"column":68}},"type":"default-arg","locations":[{"start":{"line":32,"column":66},"end":{"line":32,"column":68}}]}},"s":{"0":6,"1":6,"2":6,"3":6,"4":6,"5":6,"6":6,"7":6,"8":6,"9":26,"10":26,"11":9,"12":6,"13":6,"14":6,"15":6,"16":6},"f":{"0":26,"1":9,"2":6},"b":{"0":[8]}}
}
