TN:
SF:src\app.controller.ts
FN:28,(anonymous_4)
FN:36,(anonymous_5)
FN:49,(anonymous_6)
FN:50,(anonymous_7)
FN:60,(anonymous_8)
FN:80,(anonymous_9)
FN:111,(anonymous_10)
FN:119,(anonymous_11)
FN:126,(anonymous_12)
FN:141,(anonymous_13)
FN:163,(anonymous_14)
FN:194,(anonymous_15)
FN:212,(anonymous_16)
FN:223,(anonymous_17)
FN:232,(anonymous_18)
FN:241,(anonymous_19)
FN:261,(anonymous_20)
FN:274,(anonymous_21)
FN:296,(anonymous_22)
FN:302,(anonymous_23)
FN:318,(anonymous_24)
FN:332,(anonymous_25)
FN:340,(anonymous_26)
FN:346,(anonymous_27)
FN:352,(anonymous_28)
FN:360,(anonymous_29)
FN:366,(anonymous_30)
FN:372,(anonymous_31)
FN:378,(anonymous_32)
FN:384,(anonymous_33)
FN:399,(anonymous_34)
FN:408,(anonymous_35)
FN:414,(anonymous_36)
FN:420,(anonymous_37)
FN:435,(anonymous_38)
FN:441,(anonymous_39)
FN:447,(anonymous_40)
FN:453,(anonymous_41)
FN:468,(anonymous_42)
FN:474,(anonymous_43)
FN:480,(anonymous_44)
FN:486,(anonymous_45)
FN:501,(anonymous_46)
FN:507,(anonymous_47)
FN:513,(anonymous_48)
FN:519,(anonymous_49)
FN:535,(anonymous_50)
FN:544,(anonymous_51)
FN:550,(anonymous_52)
FN:556,(anonymous_53)
FN:571,(anonymous_54)
FN:577,(anonymous_55)
FN:583,(anonymous_56)
FN:589,(anonymous_57)
FN:604,(anonymous_58)
FN:610,(anonymous_59)
FN:616,(anonymous_60)
FN:622,(anonymous_61)
FN:637,(anonymous_62)
FN:643,(anonymous_63)
FN:649,(anonymous_64)
FN:655,(anonymous_65)
FN:670,(anonymous_66)
FN:676,(anonymous_67)
FN:682,(anonymous_68)
FN:688,(anonymous_69)
FN:704,(anonymous_70)
FN:710,(anonymous_71)
FN:716,(anonymous_72)
FN:722,(anonymous_73)
FN:737,(anonymous_74)
FN:743,(anonymous_75)
FN:749,(anonymous_76)
FN:755,(anonymous_77)
FN:771,(anonymous_78)
FN:777,(anonymous_79)
FN:783,(anonymous_80)
FN:789,(anonymous_81)
FN:805,(anonymous_82)
FN:811,(anonymous_83)
FN:817,(anonymous_84)
FN:831,(anonymous_85)
FN:837,(anonymous_86)
FN:843,(anonymous_87)
FN:857,(anonymous_88)
FN:863,(anonymous_89)
FN:869,(anonymous_90)
FN:875,(anonymous_91)
FN:890,(anonymous_92)
FN:896,(anonymous_93)
FN:902,(anonymous_94)
FN:909,(anonymous_95)
FN:923,(anonymous_96)
FN:931,(anonymous_97)
FN:945,(anonymous_98)
FN:958,(anonymous_99)
FN:966,(anonymous_100)
FN:995,(anonymous_101)
FN:1004,(anonymous_102)
FN:1022,(anonymous_103)
FN:1031,(anonymous_104)
FN:1037,(anonymous_105)
FN:1058,(anonymous_106)
FN:1064,(anonymous_107)
FN:1078,(anonymous_108)
FN:1084,(anonymous_109)
FN:1103,(anonymous_110)
FN:1112,(anonymous_111)
FN:1132,(anonymous_112)
FN:1138,(anonymous_113)
FN:1157,(anonymous_114)
FN:1166,(anonymous_115)
FN:1176,(anonymous_116)
FN:1185,(anonymous_117)
FN:1205,(anonymous_118)
FN:1211,(anonymous_119)
FN:1219,(anonymous_120)
FN:1226,(anonymous_121)
FNF:118
FNH:46
FNDA:6,(anonymous_4)
FNDA:8,(anonymous_5)
FNDA:32,(anonymous_6)
FNDA:5,(anonymous_7)
FNDA:0,(anonymous_8)
FNDA:2,(anonymous_9)
FNDA:1,(anonymous_10)
FNDA:7,(anonymous_11)
FNDA:2,(anonymous_12)
FNDA:4,(anonymous_13)
FNDA:2,(anonymous_14)
FNDA:0,(anonymous_15)
FNDA:0,(anonymous_16)
FNDA:0,(anonymous_17)
FNDA:0,(anonymous_18)
FNDA:0,(anonymous_19)
FNDA:0,(anonymous_20)
FNDA:0,(anonymous_21)
FNDA:0,(anonymous_22)
FNDA:0,(anonymous_23)
FNDA:0,(anonymous_24)
FNDA:2,(anonymous_25)
FNDA:2,(anonymous_26)
FNDA:1,(anonymous_27)
FNDA:1,(anonymous_28)
FNDA:1,(anonymous_29)
FNDA:1,(anonymous_30)
FNDA:1,(anonymous_31)
FNDA:1,(anonymous_32)
FNDA:1,(anonymous_33)
FNDA:1,(anonymous_34)
FNDA:1,(anonymous_35)
FNDA:1,(anonymous_36)
FNDA:1,(anonymous_37)
FNDA:0,(anonymous_38)
FNDA:1,(anonymous_39)
FNDA:0,(anonymous_40)
FNDA:1,(anonymous_41)
FNDA:0,(anonymous_42)
FNDA:1,(anonymous_43)
FNDA:1,(anonymous_44)
FNDA:1,(anonymous_45)
FNDA:0,(anonymous_46)
FNDA:0,(anonymous_47)
FNDA:0,(anonymous_48)
FNDA:0,(anonymous_49)
FNDA:0,(anonymous_50)
FNDA:0,(anonymous_51)
FNDA:0,(anonymous_52)
FNDA:0,(anonymous_53)
FNDA:0,(anonymous_54)
FNDA:0,(anonymous_55)
FNDA:0,(anonymous_56)
FNDA:0,(anonymous_57)
FNDA:0,(anonymous_58)
FNDA:0,(anonymous_59)
FNDA:0,(anonymous_60)
FNDA:0,(anonymous_61)
FNDA:0,(anonymous_62)
FNDA:0,(anonymous_63)
FNDA:0,(anonymous_64)
FNDA:0,(anonymous_65)
FNDA:0,(anonymous_66)
FNDA:0,(anonymous_67)
FNDA:0,(anonymous_68)
FNDA:0,(anonymous_69)
FNDA:0,(anonymous_70)
FNDA:1,(anonymous_71)
FNDA:0,(anonymous_72)
FNDA:0,(anonymous_73)
FNDA:1,(anonymous_74)
FNDA:1,(anonymous_75)
FNDA:1,(anonymous_76)
FNDA:0,(anonymous_77)
FNDA:1,(anonymous_78)
FNDA:1,(anonymous_79)
FNDA:2,(anonymous_80)
FNDA:1,(anonymous_81)
FNDA:2,(anonymous_82)
FNDA:1,(anonymous_83)
FNDA:1,(anonymous_84)
FNDA:1,(anonymous_85)
FNDA:1,(anonymous_86)
FNDA:1,(anonymous_87)
FNDA:1,(anonymous_88)
FNDA:2,(anonymous_89)
FNDA:1,(anonymous_90)
FNDA:1,(anonymous_91)
FNDA:0,(anonymous_92)
FNDA:0,(anonymous_93)
FNDA:0,(anonymous_94)
FNDA:0,(anonymous_95)
FNDA:0,(anonymous_96)
FNDA:0,(anonymous_97)
FNDA:0,(anonymous_98)
FNDA:0,(anonymous_99)
FNDA:0,(anonymous_100)
FNDA:0,(anonymous_101)
FNDA:0,(anonymous_102)
FNDA:0,(anonymous_103)
FNDA:0,(anonymous_104)
FNDA:0,(anonymous_105)
FNDA:0,(anonymous_106)
FNDA:0,(anonymous_107)
FNDA:0,(anonymous_108)
FNDA:0,(anonymous_109)
FNDA:0,(anonymous_110)
FNDA:0,(anonymous_111)
FNDA:0,(anonymous_112)
FNDA:0,(anonymous_113)
FNDA:0,(anonymous_114)
FNDA:0,(anonymous_115)
FNDA:0,(anonymous_116)
FNDA:0,(anonymous_117)
FNDA:0,(anonymous_118)
FNDA:0,(anonymous_119)
FNDA:0,(anonymous_120)
FNDA:0,(anonymous_121)
DA:1,6
DA:14,6
DA:15,6
DA:16,6
DA:27,6
DA:28,6
DA:42,8
DA:48,8
DA:49,32
DA:50,5
DA:51,8
DA:52,2
DA:60,6
DA:61,0
DA:80,6
DA:81,2
DA:111,6
DA:112,1
DA:113,1
DA:114,0
DA:119,6
DA:120,7
DA:121,5
DA:126,6
DA:127,2
DA:128,2
DA:129,1
DA:130,1
DA:141,6
DA:145,4
DA:146,4
DA:147,3
DA:157,3
DA:163,6
DA:164,2
DA:165,2
DA:167,1
DA:170,1
DA:180,1
DA:194,6
DA:195,0
DA:212,6
DA:213,0
DA:217,0
DA:218,0
DA:223,6
DA:224,0
DA:225,0
DA:227,0
DA:232,6
DA:233,0
DA:234,0
DA:235,0
DA:241,6
DA:245,0
DA:246,0
DA:247,0
DA:256,0
DA:261,6
DA:262,0
DA:263,0
DA:264,0
DA:268,0
DA:274,6
DA:278,0
DA:279,0
DA:280,0
DA:281,0
DA:283,0
DA:296,6
DA:297,0
DA:302,6
DA:303,0
DA:304,0
DA:318,6
DA:319,0
DA:332,6
DA:333,2
DA:334,2
DA:335,1
DA:340,6
DA:341,2
DA:346,6
DA:347,1
DA:352,6
DA:353,1
DA:354,1
DA:360,6
DA:361,1
DA:366,6
DA:367,1
DA:372,6
DA:373,1
DA:378,6
DA:379,1
DA:384,6
DA:385,1
DA:399,6
DA:400,1
DA:408,6
DA:409,1
DA:414,6
DA:415,1
DA:420,6
DA:421,1
DA:422,1
DA:435,6
DA:436,0
DA:441,6
DA:442,1
DA:447,6
DA:448,0
DA:453,6
DA:454,1
DA:455,1
DA:468,6
DA:469,0
DA:474,6
DA:475,1
DA:480,6
DA:481,1
DA:486,6
DA:487,1
DA:488,1
DA:501,6
DA:502,0
DA:507,6
DA:508,0
DA:513,6
DA:514,0
DA:519,6
DA:520,0
DA:521,0
DA:535,6
DA:536,0
DA:544,6
DA:545,0
DA:550,6
DA:551,0
DA:556,6
DA:557,0
DA:558,0
DA:571,6
DA:572,0
DA:577,6
DA:578,0
DA:583,6
DA:584,0
DA:589,6
DA:590,0
DA:591,0
DA:604,6
DA:605,0
DA:610,6
DA:611,0
DA:616,6
DA:617,0
DA:622,6
DA:623,0
DA:624,0
DA:637,6
DA:638,0
DA:643,6
DA:644,0
DA:649,6
DA:650,0
DA:655,6
DA:656,0
DA:657,0
DA:670,6
DA:671,0
DA:676,6
DA:677,0
DA:682,6
DA:683,0
DA:688,6
DA:689,0
DA:690,0
DA:704,6
DA:705,0
DA:710,6
DA:711,1
DA:716,6
DA:717,0
DA:722,6
DA:723,0
DA:724,0
DA:737,6
DA:738,1
DA:743,6
DA:744,1
DA:749,6
DA:750,1
DA:755,6
DA:756,0
DA:757,0
DA:771,6
DA:772,1
DA:777,6
DA:778,1
DA:783,6
DA:784,2
DA:789,6
DA:790,1
DA:791,1
DA:805,6
DA:806,2
DA:811,6
DA:812,1
DA:817,6
DA:818,1
DA:831,6
DA:832,1
DA:837,6
DA:838,1
DA:843,6
DA:844,1
DA:857,6
DA:858,1
DA:863,6
DA:864,2
DA:869,6
DA:870,1
DA:875,6
DA:876,1
DA:877,1
DA:890,6
DA:891,0
DA:896,6
DA:897,0
DA:902,6
DA:903,0
DA:909,6
DA:910,0
DA:923,6
DA:924,0
DA:931,6
DA:932,0
DA:945,6
DA:946,0
DA:958,6
DA:959,0
DA:966,6
DA:967,0
DA:995,6
DA:996,0
DA:1004,6
DA:1005,0
DA:1022,6
DA:1023,0
DA:1031,6
DA:1032,0
DA:1037,6
DA:1038,0
DA:1058,6
DA:1059,0
DA:1064,6
DA:1065,0
DA:1078,6
DA:1079,0
DA:1084,6
DA:1085,0
DA:1103,6
DA:1104,0
DA:1112,6
DA:1113,0
DA:1132,6
DA:1133,0
DA:1138,6
DA:1139,0
DA:1157,6
DA:1158,0
DA:1166,6
DA:1167,0
DA:1176,6
DA:1177,0
DA:1185,6
DA:1186,0
DA:1205,6
DA:1206,0
DA:1211,6
DA:1212,0
DA:1219,6
DA:1220,0
DA:1226,6
DA:1227,0
LF:286
LH:188
BRDA:49,0,0,32
BRDA:49,0,1,27
BRDA:51,1,0,2
BRDA:51,1,1,6
BRDA:82,2,0,1
BRDA:82,2,1,1
BRDA:113,3,0,1
BRDA:113,3,1,0
BRDA:128,4,0,1
BRDA:128,4,1,1
BRDA:143,5,0,0
BRDA:146,6,0,1
BRDA:146,6,1,3
BRDA:153,7,0,3
BRDA:153,7,1,2
BRDA:154,8,0,3
BRDA:154,8,1,2
BRDA:165,9,0,1
BRDA:165,9,1,1
BRDA:167,10,0,0
BRDA:167,10,1,1
BRDA:167,11,0,1
BRDA:167,11,1,1
BRDA:196,12,0,0
BRDA:196,12,1,0
BRDA:217,13,0,0
BRDA:217,13,1,0
BRDA:224,14,0,0
BRDA:224,14,1,0
BRDA:224,15,0,0
BRDA:224,15,1,0
BRDA:234,16,0,0
BRDA:234,16,1,0
BRDA:243,17,0,0
BRDA:246,18,0,0
BRDA:246,18,1,0
BRDA:252,19,0,0
BRDA:252,19,1,0
BRDA:253,20,0,0
BRDA:253,20,1,0
BRDA:263,21,0,0
BRDA:263,21,1,0
BRDA:279,22,0,0
BRDA:279,22,1,0
BRDA:280,23,0,0
BRDA:280,23,1,0
BRDA:280,24,0,0
BRDA:280,24,1,0
BRDA:334,25,0,1
BRDA:334,25,1,1
BRDA:935,26,0,0
BRDA:935,26,1,0
BRDA:936,27,0,0
BRDA:936,27,1,0
BRDA:937,28,0,0
BRDA:937,28,1,0
BRDA:938,29,0,0
BRDA:938,29,1,0
BRDA:971,30,0,0
BRDA:971,30,1,0
BRDA:972,31,0,0
BRDA:972,31,1,0
BRDA:973,32,0,0
BRDA:973,32,1,0
BRDA:974,33,0,0
BRDA:974,33,1,0
BRDA:975,34,0,0
BRDA:975,34,1,0
BRDA:997,35,0,0
BRDA:997,35,1,0
BRDA:1024,36,0,0
BRDA:1024,36,1,0
BRDA:1105,37,0,0
BRDA:1105,37,1,0
BRF:74
BRH:22
end_of_record
TN:
SF:src\app.module.ts
FNF:0
FNH:0
DA:1,6
DA:2,6
DA:3,6
DA:10,6
LF:4
LH:4
BRF:0
BRH:0
end_of_record
TN:
SF:src\main.ts
FN:16,bootstrap
FN:20,(anonymous_1)
FN:26,(anonymous_2)
FNF:3
FNH:0
FNDA:0,bootstrap
FNDA:0,(anonymous_1)
FNDA:0,(anonymous_2)
DA:1,0
DA:2,0
DA:10,0
DA:17,0
DA:19,0
DA:20,0
DA:23,0
DA:30,0
DA:38,0
DA:39,0
DA:40,0
DA:41,0
DA:43,0
LF:13
LH:0
BRDA:19,0,0,0
BRDA:19,0,1,0
BRDA:30,1,0,0
BRDA:30,1,1,0
BRDA:38,2,0,0
BRDA:38,2,1,0
BRF:6
BRH:0
end_of_record
TN:
SF:src\prisma.service.ts
FN:6,(anonymous_1)
FN:10,(anonymous_2)
FNF:2
FNH:2
FNDA:6,(anonymous_1)
FNDA:6,(anonymous_2)
DA:1,6
DA:2,6
DA:5,6
DA:7,6
DA:11,6
LF:5
LH:5
BRF:0
BRH:0
end_of_record
TN:
SF:src\auth\roles.decorator.ts
FN:5,(anonymous_0)
FNF:1
FNH:1
FNDA:678,(anonymous_0)
DA:1,6
DA:4,6
DA:5,678
LF:3
LH:3
BRF:0
BRH:0
end_of_record
TN:
SF:src\auth\roles.guard.ts
FN:41,(anonymous_2)
FN:43,(anonymous_3)
FNF:2
FNH:2
FNDA:6,(anonymous_2)
FNDA:71,(anonymous_3)
DA:1,6
DA:8,6
DA:9,6
DA:10,6
DA:35,6
DA:36,6
DA:39,6
DA:41,6
DA:44,71
DA:52,71
DA:53,0
DA:56,71
DA:57,71
DA:60,71
DA:61,2
DA:64,2
DA:70,69
DA:71,0
DA:74,0
DA:79,69
DA:80,10
DA:83,10
DA:88,59
LF:23
LH:20
BRDA:52,0,0,0
BRDA:52,0,1,71
BRDA:52,1,0,71
BRDA:52,1,1,71
BRDA:60,2,0,2
BRDA:60,2,1,69
BRDA:70,3,0,0
BRDA:70,3,1,69
BRDA:79,4,0,10
BRDA:79,4,1,59
BRF:10
BRH:8
end_of_record
TN:
SF:src\test\test-app.ts
FN:26,testTag
FN:32,assetFixture
FN:47,createTestApp
FNF:3
FNH:3
FNDA:26,testTag
FNDA:9,assetFixture
FNDA:6,createTestApp
DA:13,6
DA:15,6
DA:16,6
DA:18,6
DA:21,6
DA:23,6
DA:26,6
DA:27,26
DA:28,26
DA:32,6
DA:33,9
DA:47,6
DA:48,6
DA:52,6
DA:53,6
DA:55,6
DA:56,6
LF:17
LH:17
BRDA:32,0,0,8
BRF:1
BRH:1
end_of_record
