TN:
SF:src\app.controller.ts
FN:28,(anonymous_4)
FN:36,(anonymous_5)
FN:49,(anonymous_6)
FN:50,(anonymous_7)
FN:60,(anonymous_8)
FN:80,(anonymous_9)
FN:111,(anonymous_10)
FN:119,(anonymous_11)
FN:126,(anonymous_12)
FN:141,(anonymous_13)
FN:163,(anonymous_14)
FN:194,(anonymous_15)
FN:212,(anonymous_16)
FN:223,(anonymous_17)
FN:232,(anonymous_18)
FN:241,(anonymous_19)
FN:261,(anonymous_20)
FN:274,(anonymous_21)
FN:296,(anonymous_22)
FN:302,(anonymous_23)
FN:318,(anonymous_24)
FN:336,(anonymous_25)
FN:347,(anonymous_26)
FN:356,(anonymous_27)
FN:364,(anonymous_28)
FN:384,(anonymous_29)
FN:396,(anonymous_30)
FN:418,(anonymous_31)
FN:424,(anonymous_32)
FN:440,(anonymous_33)
FN:461,(anonymous_34)
FN:476,(anonymous_35)
FN:497,(anonymous_36)
FN:505,(anonymous_37)
FN:525,(anonymous_38)
FN:537,(anonymous_39)
FN:560,(anonymous_40)
FN:569,(anonymous_41)
FN:584,(anonymous_42)
FN:607,(anonymous_43)
FN:613,(anonymous_44)
FN:638,(anonymous_45)
FN:647,(anonymous_46)
FN:656,(anonymous_47)
FN:664,(anonymous_48)
FN:684,(anonymous_49)
FN:697,(anonymous_50)
FN:728,(anonymous_51)
FN:737,(anonymous_52)
FN:746,(anonymous_53)
FN:762,(anonymous_54)
FN:776,(anonymous_55)
FN:784,(anonymous_56)
FN:790,(anonymous_57)
FN:796,(anonymous_58)
FN:804,(anonymous_59)
FN:810,(anonymous_60)
FN:816,(anonymous_61)
FN:822,(anonymous_62)
FN:828,(anonymous_63)
FN:843,(anonymous_64)
FN:852,(anonymous_65)
FN:858,(anonymous_66)
FN:864,(anonymous_67)
FN:879,(anonymous_68)
FN:885,(anonymous_69)
FN:891,(anonymous_70)
FN:897,(anonymous_71)
FN:912,(anonymous_72)
FN:918,(anonymous_73)
FN:924,(anonymous_74)
FN:930,(anonymous_75)
FN:945,(anonymous_76)
FN:951,(anonymous_77)
FN:957,(anonymous_78)
FN:963,(anonymous_79)
FN:979,(anonymous_80)
FN:988,(anonymous_81)
FN:994,(anonymous_82)
FN:1000,(anonymous_83)
FN:1015,(anonymous_84)
FN:1021,(anonymous_85)
FN:1027,(anonymous_86)
FN:1033,(anonymous_87)
FN:1048,(anonymous_88)
FN:1054,(anonymous_89)
FN:1060,(anonymous_90)
FN:1066,(anonymous_91)
FN:1081,(anonymous_92)
FN:1087,(anonymous_93)
FN:1093,(anonymous_94)
FN:1099,(anonymous_95)
FN:1114,(anonymous_96)
FN:1120,(anonymous_97)
FN:1126,(anonymous_98)
FN:1132,(anonymous_99)
FN:1148,(anonymous_100)
FN:1154,(anonymous_101)
FN:1160,(anonymous_102)
FN:1166,(anonymous_103)
FN:1181,(anonymous_104)
FN:1187,(anonymous_105)
FN:1193,(anonymous_106)
FN:1199,(anonymous_107)
FN:1215,(anonymous_108)
FN:1221,(anonymous_109)
FN:1227,(anonymous_110)
FN:1233,(anonymous_111)
FN:1249,(anonymous_112)
FN:1255,(anonymous_113)
FN:1261,(anonymous_114)
FN:1275,(anonymous_115)
FN:1281,(anonymous_116)
FN:1287,(anonymous_117)
FN:1301,(anonymous_118)
FN:1307,(anonymous_119)
FN:1313,(anonymous_120)
FN:1319,(anonymous_121)
FN:1334,(anonymous_122)
FN:1340,(anonymous_123)
FN:1346,(anonymous_124)
FN:1353,(anonymous_125)
FN:1367,(anonymous_126)
FN:1375,(anonymous_127)
FN:1389,(anonymous_128)
FN:1402,(anonymous_129)
FN:1410,(anonymous_130)
FN:1439,(anonymous_131)
FN:1448,(anonymous_132)
FN:1466,(anonymous_133)
FN:1475,(anonymous_134)
FN:1481,(anonymous_135)
FN:1502,(anonymous_136)
FN:1508,(anonymous_137)
FN:1522,(anonymous_138)
FN:1528,(anonymous_139)
FN:1547,(anonymous_140)
FN:1556,(anonymous_141)
FN:1576,(anonymous_142)
FN:1582,(anonymous_143)
FN:1601,(anonymous_144)
FN:1610,(anonymous_145)
FN:1620,(anonymous_146)
FN:1629,(anonymous_147)
FN:1649,(anonymous_148)
FN:1655,(anonymous_149)
FN:1663,(anonymous_150)
FN:1670,(anonymous_151)
FNF:148
FNH:46
FNDA:6,(anonymous_4)
FNDA:8,(anonymous_5)
FNDA:32,(anonymous_6)
FNDA:5,(anonymous_7)
FNDA:0,(anonymous_8)
FNDA:2,(anonymous_9)
FNDA:1,(anonymous_10)
FNDA:7,(anonymous_11)
FNDA:2,(anonymous_12)
FNDA:4,(anonymous_13)
FNDA:2,(anonymous_14)
FNDA:0,(anonymous_15)
FNDA:0,(anonymous_16)
FNDA:0,(anonymous_17)
FNDA:0,(anonymous_18)
FNDA:0,(anonymous_19)
FNDA:0,(anonymous_20)
FNDA:0,(anonymous_21)
FNDA:0,(anonymous_22)
FNDA:0,(anonymous_23)
FNDA:0,(anonymous_24)
FNDA:0,(anonymous_25)
FNDA:0,(anonymous_26)
FNDA:0,(anonymous_27)
FNDA:0,(anonymous_28)
FNDA:0,(anonymous_29)
FNDA:0,(anonymous_30)
FNDA:0,(anonymous_31)
FNDA:0,(anonymous_32)
FNDA:0,(anonymous_33)
FNDA:0,(anonymous_34)
FNDA:0,(anonymous_35)
FNDA:0,(anonymous_36)
FNDA:0,(anonymous_37)
FNDA:0,(anonymous_38)
FNDA:0,(anonymous_39)
FNDA:0,(anonymous_40)
FNDA:0,(anonymous_41)
FNDA:0,(anonymous_42)
FNDA:0,(anonymous_43)
FNDA:0,(anonymous_44)
FNDA:0,(anonymous_45)
FNDA:0,(anonymous_46)
FNDA:0,(anonymous_47)
FNDA:0,(anonymous_48)
FNDA:0,(anonymous_49)
FNDA:0,(anonymous_50)
FNDA:0,(anonymous_51)
FNDA:0,(anonymous_52)
FNDA:0,(anonymous_53)
FNDA:0,(anonymous_54)
FNDA:2,(anonymous_55)
FNDA:2,(anonymous_56)
FNDA:1,(anonymous_57)
FNDA:1,(anonymous_58)
FNDA:1,(anonymous_59)
FNDA:1,(anonymous_60)
FNDA:1,(anonymous_61)
FNDA:1,(anonymous_62)
FNDA:1,(anonymous_63)
FNDA:1,(anonymous_64)
FNDA:1,(anonymous_65)
FNDA:1,(anonymous_66)
FNDA:1,(anonymous_67)
FNDA:0,(anonymous_68)
FNDA:1,(anonymous_69)
FNDA:0,(anonymous_70)
FNDA:1,(anonymous_71)
FNDA:0,(anonymous_72)
FNDA:1,(anonymous_73)
FNDA:1,(anonymous_74)
FNDA:1,(anonymous_75)
FNDA:0,(anonymous_76)
FNDA:0,(anonymous_77)
FNDA:0,(anonymous_78)
FNDA:0,(anonymous_79)
FNDA:0,(anonymous_80)
FNDA:0,(anonymous_81)
FNDA:0,(anonymous_82)
FNDA:0,(anonymous_83)
FNDA:0,(anonymous_84)
FNDA:0,(anonymous_85)
FNDA:0,(anonymous_86)
FNDA:0,(anonymous_87)
FNDA:0,(anonymous_88)
FNDA:0,(anonymous_89)
FNDA:0,(anonymous_90)
FNDA:0,(anonymous_91)
FNDA:0,(anonymous_92)
FNDA:0,(anonymous_93)
FNDA:0,(anonymous_94)
FNDA:0,(anonymous_95)
FNDA:0,(anonymous_96)
FNDA:0,(anonymous_97)
FNDA:0,(anonymous_98)
FNDA:0,(anonymous_99)
FNDA:0,(anonymous_100)
FNDA:1,(anonymous_101)
FNDA:0,(anonymous_102)
FNDA:0,(anonymous_103)
FNDA:1,(anonymous_104)
FNDA:1,(anonymous_105)
FNDA:1,(anonymous_106)
FNDA:0,(anonymous_107)
FNDA:1,(anonymous_108)
FNDA:1,(anonymous_109)
FNDA:2,(anonymous_110)
FNDA:1,(anonymous_111)
FNDA:2,(anonymous_112)
FNDA:1,(anonymous_113)
FNDA:1,(anonymous_114)
FNDA:1,(anonymous_115)
FNDA:1,(anonymous_116)
FNDA:1,(anonymous_117)
FNDA:1,(anonymous_118)
FNDA:2,(anonymous_119)
FNDA:1,(anonymous_120)
FNDA:1,(anonymous_121)
FNDA:0,(anonymous_122)
FNDA:0,(anonymous_123)
FNDA:0,(anonymous_124)
FNDA:0,(anonymous_125)
FNDA:0,(anonymous_126)
FNDA:0,(anonymous_127)
FNDA:0,(anonymous_128)
FNDA:0,(anonymous_129)
FNDA:0,(anonymous_130)
FNDA:0,(anonymous_131)
FNDA:0,(anonymous_132)
FNDA:0,(anonymous_133)
FNDA:0,(anonymous_134)
FNDA:0,(anonymous_135)
FNDA:0,(anonymous_136)
FNDA:0,(anonymous_137)
FNDA:0,(anonymous_138)
FNDA:0,(anonymous_139)
FNDA:0,(anonymous_140)
FNDA:0,(anonymous_141)
FNDA:0,(anonymous_142)
FNDA:0,(anonymous_143)
FNDA:0,(anonymous_144)
FNDA:0,(anonymous_145)
FNDA:0,(anonymous_146)
FNDA:0,(anonymous_147)
FNDA:0,(anonymous_148)
FNDA:0,(anonymous_149)
FNDA:0,(anonymous_150)
FNDA:0,(anonymous_151)
DA:1,6
DA:14,6
DA:15,6
DA:16,6
DA:27,6
DA:28,6
DA:42,8
DA:48,8
DA:49,32
DA:50,5
DA:51,8
DA:52,2
DA:60,6
DA:61,0
DA:80,6
DA:81,2
DA:111,6
DA:112,1
DA:113,1
DA:114,0
DA:119,6
DA:120,7
DA:121,5
DA:126,6
DA:127,2
DA:128,2
DA:129,1
DA:130,1
DA:141,6
DA:145,4
DA:146,4
DA:147,3
DA:157,3
DA:163,6
DA:164,2
DA:165,2
DA:167,1
DA:170,1
DA:180,1
DA:194,6
DA:195,0
DA:212,6
DA:213,0
DA:217,0
DA:218,0
DA:223,6
DA:224,0
DA:225,0
DA:227,0
DA:232,6
DA:233,0
DA:234,0
DA:235,0
DA:241,6
DA:245,0
DA:246,0
DA:247,0
DA:256,0
DA:261,6
DA:262,0
DA:263,0
DA:264,0
DA:268,0
DA:274,6
DA:278,0
DA:279,0
DA:280,0
DA:281,0
DA:283,0
DA:296,6
DA:297,0
DA:302,6
DA:303,0
DA:304,0
DA:318,6
DA:319,0
DA:336,6
DA:337,0
DA:341,0
DA:342,0
DA:347,6
DA:348,0
DA:349,0
DA:351,0
DA:356,6
DA:357,0
DA:358,0
DA:359,0
DA:364,6
DA:368,0
DA:369,0
DA:370,0
DA:379,0
DA:384,6
DA:385,0
DA:386,0
DA:387,0
DA:391,0
DA:396,6
DA:400,0
DA:401,0
DA:402,0
DA:403,0
DA:405,0
DA:418,6
DA:419,0
DA:424,6
DA:425,0
DA:426,0
DA:440,6
DA:441,0
DA:461,6
DA:462,0
DA:469,0
DA:470,0
DA:476,6
DA:477,0
DA:478,0
DA:480,0
DA:481,0
DA:483,0
DA:484,0
DA:497,6
DA:498,0
DA:499,0
DA:500,0
DA:505,6
DA:509,0
DA:510,0
DA:511,0
DA:520,0
DA:525,6
DA:526,0
DA:527,0
DA:528,0
DA:532,0
DA:537,6
DA:541,0
DA:542,0
DA:543,0
DA:544,0
DA:546,0
DA:560,6
DA:564,0
DA:565,0
DA:566,0
DA:567,0
DA:569,0
DA:570,0
DA:584,6
DA:588,0
DA:589,0
DA:590,0
DA:591,0
DA:593,0
DA:607,6
DA:608,0
DA:613,6
DA:614,0
DA:615,0
DA:638,6
DA:639,0
DA:647,6
DA:648,0
DA:649,0
DA:651,0
DA:656,6
DA:657,0
DA:658,0
DA:659,0
DA:664,6
DA:668,0
DA:669,0
DA:670,0
DA:679,0
DA:684,6
DA:685,0
DA:686,0
DA:687,0
DA:691,0
DA:697,6
DA:701,0
DA:702,0
DA:703,0
DA:704,0
DA:706,0
DA:728,6
DA:729,0
DA:737,6
DA:738,0
DA:739,0
DA:741,0
DA:746,6
DA:747,0
DA:748,0
DA:762,6
DA:763,0
DA:776,6
DA:777,2
DA:778,2
DA:779,1
DA:784,6
DA:785,2
DA:790,6
DA:791,1
DA:796,6
DA:797,1
DA:798,1
DA:804,6
DA:805,1
DA:810,6
DA:811,1
DA:816,6
DA:817,1
DA:822,6
DA:823,1
DA:828,6
DA:829,1
DA:843,6
DA:844,1
DA:852,6
DA:853,1
DA:858,6
DA:859,1
DA:864,6
DA:865,1
DA:866,1
DA:879,6
DA:880,0
DA:885,6
DA:886,1
DA:891,6
DA:892,0
DA:897,6
DA:898,1
DA:899,1
DA:912,6
DA:913,0
DA:918,6
DA:919,1
DA:924,6
DA:925,1
DA:930,6
DA:931,1
DA:932,1
DA:945,6
DA:946,0
DA:951,6
DA:952,0
DA:957,6
DA:958,0
DA:963,6
DA:964,0
DA:965,0
DA:979,6
DA:980,0
DA:988,6
DA:989,0
DA:994,6
DA:995,0
DA:1000,6
DA:1001,0
DA:1002,0
DA:1015,6
DA:1016,0
DA:1021,6
DA:1022,0
DA:1027,6
DA:1028,0
DA:1033,6
DA:1034,0
DA:1035,0
DA:1048,6
DA:1049,0
DA:1054,6
DA:1055,0
DA:1060,6
DA:1061,0
DA:1066,6
DA:1067,0
DA:1068,0
DA:1081,6
DA:1082,0
DA:1087,6
DA:1088,0
DA:1093,6
DA:1094,0
DA:1099,6
DA:1100,0
DA:1101,0
DA:1114,6
DA:1115,0
DA:1120,6
DA:1121,0
DA:1126,6
DA:1127,0
DA:1132,6
DA:1133,0
DA:1134,0
DA:1148,6
DA:1149,0
DA:1154,6
DA:1155,1
DA:1160,6
DA:1161,0
DA:1166,6
DA:1167,0
DA:1168,0
DA:1181,6
DA:1182,1
DA:1187,6
DA:1188,1
DA:1193,6
DA:1194,1
DA:1199,6
DA:1200,0
DA:1201,0
DA:1215,6
DA:1216,1
DA:1221,6
DA:1222,1
DA:1227,6
DA:1228,2
DA:1233,6
DA:1234,1
DA:1235,1
DA:1249,6
DA:1250,2
DA:1255,6
DA:1256,1
DA:1261,6
DA:1262,1
DA:1275,6
DA:1276,1
DA:1281,6
DA:1282,1
DA:1287,6
DA:1288,1
DA:1301,6
DA:1302,1
DA:1307,6
DA:1308,2
DA:1313,6
DA:1314,1
DA:1319,6
DA:1320,1
DA:1321,1
DA:1334,6
DA:1335,0
DA:1340,6
DA:1341,0
DA:1346,6
DA:1347,0
DA:1353,6
DA:1354,0
DA:1367,6
DA:1368,0
DA:1375,6
DA:1376,0
DA:1389,6
DA:1390,0
DA:1402,6
DA:1403,0
DA:1410,6
DA:1411,0
DA:1439,6
DA:1440,0
DA:1448,6
DA:1449,0
DA:1466,6
DA:1467,0
DA:1475,6
DA:1476,0
DA:1481,6
DA:1482,0
DA:1502,6
DA:1503,0
DA:1508,6
DA:1509,0
DA:1522,6
DA:1523,0
DA:1528,6
DA:1529,0
DA:1547,6
DA:1548,0
DA:1556,6
DA:1557,0
DA:1576,6
DA:1577,0
DA:1582,6
DA:1583,0
DA:1601,6
DA:1602,0
DA:1610,6
DA:1611,0
DA:1620,6
DA:1621,0
DA:1629,6
DA:1630,0
DA:1649,6
DA:1650,0
DA:1655,6
DA:1656,0
DA:1663,6
DA:1664,0
DA:1670,6
DA:1671,0
LF:407
LH:217
BRDA:49,0,0,32
BRDA:49,0,1,27
BRDA:51,1,0,2
BRDA:51,1,1,6
BRDA:82,2,0,1
BRDA:82,2,1,1
BRDA:113,3,0,1
BRDA:113,3,1,0
BRDA:128,4,0,1
BRDA:128,4,1,1
BRDA:143,5,0,0
BRDA:146,6,0,1
BRDA:146,6,1,3
BRDA:153,7,0,3
BRDA:153,7,1,2
BRDA:154,8,0,3
BRDA:154,8,1,2
BRDA:165,9,0,1
BRDA:165,9,1,1
BRDA:167,10,0,0
BRDA:167,10,1,1
BRDA:167,11,0,1
BRDA:167,11,1,1
BRDA:196,12,0,0
BRDA:196,12,1,0
BRDA:217,13,0,0
BRDA:217,13,1,0
BRDA:224,14,0,0
BRDA:224,14,1,0
BRDA:224,15,0,0
BRDA:224,15,1,0
BRDA:234,16,0,0
BRDA:234,16,1,0
BRDA:243,17,0,0
BRDA:246,18,0,0
BRDA:246,18,1,0
BRDA:252,19,0,0
BRDA:252,19,1,0
BRDA:253,20,0,0
BRDA:253,20,1,0
BRDA:263,21,0,0
BRDA:263,21,1,0
BRDA:279,22,0,0
BRDA:279,22,1,0
BRDA:280,23,0,0
BRDA:280,23,1,0
BRDA:280,24,0,0
BRDA:280,24,1,0
BRDA:320,25,0,0
BRDA:320,25,1,0
BRDA:341,26,0,0
BRDA:341,26,1,0
BRDA:348,27,0,0
BRDA:348,27,1,0
BRDA:348,28,0,0
BRDA:348,28,1,0
BRDA:358,29,0,0
BRDA:358,29,1,0
BRDA:366,30,0,0
BRDA:369,31,0,0
BRDA:369,31,1,0
BRDA:375,32,0,0
BRDA:375,32,1,0
BRDA:376,33,0,0
BRDA:376,33,1,0
BRDA:386,34,0,0
BRDA:386,34,1,0
BRDA:401,35,0,0
BRDA:401,35,1,0
BRDA:402,36,0,0
BRDA:402,36,1,0
BRDA:402,37,0,0
BRDA:402,37,1,0
BRDA:442,38,0,0
BRDA:442,38,1,0
BRDA:469,39,0,0
BRDA:469,39,1,0
BRDA:477,40,0,0
BRDA:477,40,1,0
BRDA:477,41,0,0
BRDA:477,41,1,0
BRDA:480,42,0,0
BRDA:480,42,1,0
BRDA:488,43,0,0
BRDA:488,43,1,0
BRDA:488,44,0,0
BRDA:488,44,1,0
BRDA:499,45,0,0
BRDA:499,45,1,0
BRDA:507,46,0,0
BRDA:510,47,0,0
BRDA:510,47,1,0
BRDA:516,48,0,0
BRDA:516,48,1,0
BRDA:517,49,0,0
BRDA:517,49,1,0
BRDA:527,50,0,0
BRDA:527,50,1,0
BRDA:542,51,0,0
BRDA:542,51,1,0
BRDA:543,52,0,0
BRDA:543,52,1,0
BRDA:543,53,0,0
BRDA:543,53,1,0
BRDA:565,54,0,0
BRDA:565,54,1,0
BRDA:566,55,0,0
BRDA:566,55,1,0
BRDA:566,56,0,0
BRDA:566,56,1,0
BRDA:589,57,0,0
BRDA:589,57,1,0
BRDA:590,58,0,0
BRDA:590,58,1,0
BRDA:640,59,0,0
BRDA:640,59,1,0
BRDA:648,60,0,0
BRDA:648,60,1,0
BRDA:648,61,0,0
BRDA:648,61,1,0
BRDA:658,62,0,0
BRDA:658,62,1,0
BRDA:666,63,0,0
BRDA:669,64,0,0
BRDA:669,64,1,0
BRDA:675,65,0,0
BRDA:675,65,1,0
BRDA:676,66,0,0
BRDA:676,66,1,0
BRDA:686,67,0,0
BRDA:686,67,1,0
BRDA:702,68,0,0
BRDA:702,68,1,0
BRDA:703,69,0,0
BRDA:703,69,1,0
BRDA:703,70,0,0
BRDA:703,70,1,0
BRDA:738,71,0,0
BRDA:738,71,1,0
BRDA:778,72,0,1
BRDA:778,72,1,1
BRDA:1379,73,0,0
BRDA:1379,73,1,0
BRDA:1380,74,0,0
BRDA:1380,74,1,0
BRDA:1381,75,0,0
BRDA:1381,75,1,0
BRDA:1382,76,0,0
BRDA:1382,76,1,0
BRDA:1415,77,0,0
BRDA:1415,77,1,0
BRDA:1416,78,0,0
BRDA:1416,78,1,0
BRDA:1417,79,0,0
BRDA:1417,79,1,0
BRDA:1418,80,0,0
BRDA:1418,80,1,0
BRDA:1419,81,0,0
BRDA:1419,81,1,0
BRDA:1441,82,0,0
BRDA:1441,82,1,0
BRDA:1468,83,0,0
BRDA:1468,83,1,0
BRDA:1549,84,0,0
BRDA:1549,84,1,0
BRF:165
BRH:22
end_of_record
TN:
SF:src\app.module.ts
FNF:0
FNH:0
DA:1,6
DA:2,6
DA:3,6
DA:10,6
LF:4
LH:4
BRF:0
BRH:0
end_of_record
TN:
SF:src\main.ts
FN:16,bootstrap
FN:20,(anonymous_1)
FN:26,(anonymous_2)
FNF:3
FNH:0
FNDA:0,bootstrap
FNDA:0,(anonymous_1)
FNDA:0,(anonymous_2)
DA:1,0
DA:2,0
DA:10,0
DA:17,0
DA:19,0
DA:20,0
DA:23,0
DA:30,0
DA:38,0
DA:39,0
DA:40,0
DA:41,0
DA:43,0
LF:13
LH:0
BRDA:19,0,0,0
BRDA:19,0,1,0
BRDA:30,1,0,0
BRDA:30,1,1,0
BRDA:38,2,0,0
BRDA:38,2,1,0
BRF:6
BRH:0
end_of_record
TN:
SF:src\prisma.service.ts
FN:6,(anonymous_1)
FN:10,(anonymous_2)
FNF:2
FNH:2
FNDA:6,(anonymous_1)
FNDA:6,(anonymous_2)
DA:1,6
DA:2,6
DA:5,6
DA:7,6
DA:11,6
LF:5
LH:5
BRF:0
BRH:0
end_of_record
TN:
SF:src\auth\roles.decorator.ts
FN:5,(anonymous_0)
FNF:1
FNH:1
FNDA:852,(anonymous_0)
DA:1,6
DA:4,6
DA:5,852
LF:3
LH:3
BRF:0
BRH:0
end_of_record
TN:
SF:src\auth\roles.guard.ts
FN:41,(anonymous_2)
FN:43,(anonymous_3)
FNF:2
FNH:2
FNDA:6,(anonymous_2)
FNDA:71,(anonymous_3)
DA:1,6
DA:8,6
DA:9,6
DA:10,6
DA:35,6
DA:36,6
DA:39,6
DA:41,6
DA:44,71
DA:52,71
DA:53,0
DA:56,71
DA:57,71
DA:60,71
DA:61,2
DA:64,2
DA:70,69
DA:71,0
DA:74,0
DA:79,69
DA:80,10
DA:83,10
DA:88,59
LF:23
LH:20
BRDA:52,0,0,0
BRDA:52,0,1,71
BRDA:52,1,0,71
BRDA:52,1,1,71
BRDA:60,2,0,2
BRDA:60,2,1,69
BRDA:70,3,0,0
BRDA:70,3,1,69
BRDA:79,4,0,10
BRDA:79,4,1,59
BRF:10
BRH:8
end_of_record
TN:
SF:src\test\test-app.ts
FN:26,testTag
FN:32,assetFixture
FN:47,createTestApp
FNF:3
FNH:3
FNDA:26,testTag
FNDA:9,assetFixture
FNDA:6,createTestApp
DA:13,6
DA:15,6
DA:16,6
DA:18,6
DA:21,6
DA:23,6
DA:26,6
DA:27,26
DA:28,26
DA:32,6
DA:33,9
DA:47,6
DA:48,6
DA:52,6
DA:53,6
DA:55,6
DA:56,6
LF:17
LH:17
BRDA:32,0,0,8
BRF:1
BRH:1
end_of_record
